#
# There is insufficient memory for the Java Runtime Environment to continue.
# Native memory allocation (malloc) failed to allocate 1085056 bytes. Error detail: Chunk::new
# Possible reasons:
#   The system is out of physical RAM or swap space
#   This process is running with CompressedOops enabled, and the Java Heap may be blocking the growth of the native heap
# Possible solutions:
#   Reduce memory load on the system
#   Increase physical memory or swap space
#   Check if swap backing store is full
#   Decrease Java heap size (-Xmx/-Xms)
#   Decrease number of Java threads
#   Decrease Java thread stack sizes (-Xss)
#   Set larger code cache with -XX:ReservedCodeCacheSize=
#   JVM is running with Zero Based Compressed Oops mode in which the Java heap is
#     placed in the first 32GB address space. The Java Heap base address is the
#     maximum limit for the native heap growth. Please use -XX:HeapBaseMinAddress
#     to set the Java Heap base and to place the Java Heap above 32GB virtual address.
# This output file may be truncated or incomplete.
#
#  Out of Memory Error (arena.cpp:168), pid=19928, tid=8196
#
# JRE version: OpenJDK Runtime Environment Temurin-21.0.6+7 (21.0.6+7) (build 21.0.6+7-LTS)
# Java VM: OpenJDK 64-Bit Server VM Temurin-21.0.6+7 (21.0.6+7-LTS, mixed mode, sharing, tiered, compressed oops, compressed class ptrs, g1 gc, windows-amd64)
# No core dump will be written. Minidumps are not enabled by default on client versions of Windows
#

---------------  S U M M A R Y ------------

Command Line: --module-path=C:\java\openjfx-23.0.2_windows-x64_bin-sdk\javafx-sdk-23.0.2\lib --add-modules=javafx.controls,javafx.fxml --add-exports=javafx.base/com.sun.javafx=ALL-UNNAMED --add-exports=javafx.graphics/com.sun.glass.utils=ALL-UNNAMED --add-modules=javafx.fxml --add-exports=javafx.base/com.sun.javafx=ALL-UNNAMED -Dfile.encoding=UTF-8 -Dstdout.encoding=UTF-8 -Dstderr.encoding=UTF-8 --module-path=C:\Users\Lenovo\Documents\eclipse\plugins\org.eclipse.fx.ide.css.jfx8_3.8.0.202204150904.jar;D:\mysql-connector-j-9.2.0\mysql-connector-j-9.2.0\mysql-connector-j-9.2.0.jar;C:\java\openjfx-23.0.2_windows-x64_bin-sdk\javafx-sdk-23.0.2\lib\javafx.base.jar;C:\java\openjfx-23.0.2_windows-x64_bin-sdk\javafx-sdk-23.0.2\lib\javafx.controls.jar;C:\java\openjfx-23.0.2_windows-x64_bin-sdk\javafx-sdk-23.0.2\lib\javafx.fxml.jar;C:\java\openjfx-23.0.2_windows-x64_bin-sdk\javafx-sdk-23.0.2\lib\javafx.graphics.jar;C:\java\openjfx-23.0.2_windows-x64_bin-sdk\javafx-sdk-23.0.2\lib\javafx.media.jar;C:\java\openjfx-23.0.2_windows-x64_bin-sdk\javafx-sdk-23.0.2\lib\javafx.swing.jar;C:\java\openjfx-23.0.2_windows-x64_bin-sdk\javafx-sdk-23.0.2\lib\javafx.web.jar;C:\java\openjfx-23.0.2_windows-x64_bin-sdk\javafx-sdk-23.0.2\lib\javafx-swt.jar;C:\Users\Lenovo\Downloads\jlayer-1.0.1.jar -XX:+ShowCodeDetailsInExceptionMessages nepic.MainApp

Host: 12th Gen Intel(R) Core(TM) i5-12450HX, 12 cores, 23G,  Windows 11 , 64 bit Build 26100 (10.0.26100.3323)
Time: Thu Apr  3 19:23:29 2025 Nepal Standard Time elapsed time: 12894.974316 seconds (0d 3h 34m 54s)

---------------  T H R E A D  ---------------

Current thread (0x0000024a69342f80):  JavaThread "C2 CompilerThread0" daemon [_thread_in_native, id=8196, stack(0x000000c36e000000,0x000000c36e100000) (1024K)]


Current CompileTask:
C2:12894974 6100       4       java.lang.invoke.MethodType::makeImpl (109 bytes)

Stack: [0x000000c36e000000,0x000000c36e100000]
Native frames: (J=compiled Java code, j=interpreted, Vv=VM code, C=native code)
V  [jvm.dll+0x6cdee9]
V  [jvm.dll+0x8a83d1]
V  [jvm.dll+0x8aa8fe]
V  [jvm.dll+0x8aafe3]
V  [jvm.dll+0x27f706]
V  [jvm.dll+0xc500d]
V  [jvm.dll+0xc5543]
V  [jvm.dll+0x2f2acd]
V  [jvm.dll+0x5f6a2a]
V  [jvm.dll+0x250bb2]
V  [jvm.dll+0x24965f]
V  [jvm.dll+0x246ec4]
V  [jvm.dll+0x1c75ee]
V  [jvm.dll+0x25685a]
V  [jvm.dll+0x254dfa]
V  [jvm.dll+0x3f0256]
V  [jvm.dll+0x851f8b]
V  [jvm.dll+0x6cc5ed]
C  [ucrtbase.dll+0x37b0]
C  [KERNEL32.DLL+0x2e8d7]
C  [ntdll.dll+0xbbf6c]


---------------  P R O C E S S  ---------------

Threads class SMR info:
_java_thread_list=0x0000024a77240750, length=20, elements={
0x0000024a49ca43e0, 0x0000024a68c90630, 0x0000024a68c91280, 0x0000024a68c95df0,
0x0000024a68c97850, 0x0000024a68c98600, 0x0000024a69318090, 0x0000024a69342f80,
0x0000024a68c9b060, 0x0000024a6942e400, 0x0000024a69a8d460, 0x0000024a697d2bd0,
0x0000024a695f2000, 0x0000024a695f2660, 0x0000024a6ebf3320, 0x0000024a6ebf40b0,
0x0000024a76a74790, 0x0000024a76b1f8f0, 0x0000024a76b1c470, 0x0000024a7d74a5d0
}

Java Threads: ( => current thread )
  0x0000024a49ca43e0 JavaThread "main"                              [_thread_blocked, id=13300, stack(0x000000c36d200000,0x000000c36d300000) (1024K)]
  0x0000024a68c90630 JavaThread "Reference Handler"          daemon [_thread_blocked, id=13956, stack(0x000000c36da00000,0x000000c36db00000) (1024K)]
  0x0000024a68c91280 JavaThread "Finalizer"                  daemon [_thread_blocked, id=9564, stack(0x000000c36db00000,0x000000c36dc00000) (1024K)]
  0x0000024a68c95df0 JavaThread "Signal Dispatcher"          daemon [_thread_blocked, id=17252, stack(0x000000c36dc00000,0x000000c36dd00000) (1024K)]
  0x0000024a68c97850 JavaThread "Attach Listener"            daemon [_thread_blocked, id=21392, stack(0x000000c36dd00000,0x000000c36de00000) (1024K)]
  0x0000024a68c98600 JavaThread "Service Thread"             daemon [_thread_blocked, id=6020, stack(0x000000c36de00000,0x000000c36df00000) (1024K)]
  0x0000024a69318090 JavaThread "Monitor Deflation Thread"   daemon [_thread_blocked, id=2804, stack(0x000000c36df00000,0x000000c36e000000) (1024K)]
=>0x0000024a69342f80 JavaThread "C2 CompilerThread0"         daemon [_thread_in_native, id=8196, stack(0x000000c36e000000,0x000000c36e100000) (1024K)]
  0x0000024a68c9b060 JavaThread "C1 CompilerThread0"         daemon [_thread_blocked, id=14012, stack(0x000000c36e100000,0x000000c36e200000) (1024K)]
  0x0000024a6942e400 JavaThread "Common-Cleaner"             daemon [_thread_blocked, id=17928, stack(0x000000c36e200000,0x000000c36e300000) (1024K)]
  0x0000024a69a8d460 JavaThread "Notification Thread"        daemon [_thread_blocked, id=18500, stack(0x000000c36e500000,0x000000c36e600000) (1024K)]
  0x0000024a697d2bd0 JavaThread "QuantumRenderer-0"          daemon [_thread_blocked, id=18764, stack(0x000000c36e600000,0x000000c36e700000) (1024K)]
  0x0000024a695f2000 JavaThread "InvokeLaterDispatcher"      daemon [_thread_blocked, id=1400, stack(0x000000c36e300000,0x000000c36e400000) (1024K)]
  0x0000024a695f2660 JavaThread "JavaFX Application Thread"         [_thread_in_native, id=18276, stack(0x000000c36e400000,0x000000c36e500000) (1024K)]
  0x0000024a6ebf3320 JavaThread "JavaFX-Launcher"                   [_thread_blocked, id=5032, stack(0x000000c36f500000,0x000000c36f600000) (1024K)]
  0x0000024a6ebf40b0 JavaThread "Thread-2"                   daemon [_thread_in_native, id=15396, stack(0x000000c36ec00000,0x000000c36ed00000) (1024K)]
  0x0000024a76a74790 JavaThread "Prism Font Disposer"        daemon [_thread_blocked, id=15752, stack(0x000000c36fb00000,0x000000c36fc00000) (1024K)]
  0x0000024a76b1f8f0 JavaThread "Cleaner-0"                  daemon [_thread_blocked, id=18628, stack(0x000000c36fd00000,0x000000c36fe00000) (1024K)]
  0x0000024a76b1c470 JavaThread "mysql-cj-abandoned-connection-cleanup" daemon [_thread_blocked, id=11036, stack(0x000000c36f600000,0x000000c36f700000) (1024K)]
  0x0000024a7d74a5d0 JavaThread "C2 CompilerThread1"         daemon [_thread_blocked, id=24112, stack(0x000000c36d100000,0x000000c36d200000) (1024K)]
Total: 20

Other Threads:
  0x0000024a68c78dc0 VMThread "VM Thread"                           [id=20952, stack(0x000000c36d900000,0x000000c36da00000) (1024K)]
  0x0000024a68c64280 WatcherThread "VM Periodic Task Thread"        [id=21816, stack(0x000000c36d800000,0x000000c36d900000) (1024K)]
  0x0000024a4b8561f0 WorkerThread "GC Thread#0"                     [id=18860, stack(0x000000c36d300000,0x000000c36d400000) (1024K)]
  0x0000024a6eb287d0 WorkerThread "GC Thread#1"                     [id=5660, stack(0x000000c36ed00000,0x000000c36ee00000) (1024K)]
  0x0000024a6ebea260 WorkerThread "GC Thread#2"                     [id=9992, stack(0x000000c36ee00000,0x000000c36ef00000) (1024K)]
  0x0000024a6ebea600 WorkerThread "GC Thread#3"                     [id=17480, stack(0x000000c36ef00000,0x000000c36f000000) (1024K)]
  0x0000024a6ebefa00 WorkerThread "GC Thread#4"                     [id=18448, stack(0x000000c36f000000,0x000000c36f100000) (1024K)]
  0x0000024a6ebefda0 WorkerThread "GC Thread#5"                     [id=15676, stack(0x000000c36f100000,0x000000c36f200000) (1024K)]
  0x0000024a6ec3d360 WorkerThread "GC Thread#6"                     [id=10520, stack(0x000000c36f200000,0x000000c36f300000) (1024K)]
  0x0000024a6ec3d700 WorkerThread "GC Thread#7"                     [id=16396, stack(0x000000c36f300000,0x000000c36f400000) (1024K)]
  0x0000024a6ec4dae0 WorkerThread "GC Thread#8"                     [id=15892, stack(0x000000c36f400000,0x000000c36f500000) (1024K)]
  0x0000024a6f23c5d0 WorkerThread "GC Thread#9"                     [id=8860, stack(0x000000c36fc00000,0x000000c36fd00000) (1024K)]
  0x0000024a4b863eb0 ConcurrentGCThread "G1 Main Marker"            [id=1544, stack(0x000000c36d400000,0x000000c36d500000) (1024K)]
  0x0000024a4b865740 WorkerThread "G1 Conc#0"                       [id=21892, stack(0x000000c36d500000,0x000000c36d600000) (1024K)]
  0x0000024a6f23c230 WorkerThread "G1 Conc#1"                       [id=15664, stack(0x000000c36fe00000,0x000000c36ff00000) (1024K)]
  0x0000024a6f23d450 WorkerThread "G1 Conc#2"                       [id=10404, stack(0x000000c36ff00000,0x000000c370000000) (1024K)]
  0x0000024a68b3a790 ConcurrentGCThread "G1 Refine#0"               [id=21572, stack(0x000000c36d600000,0x000000c36d700000) (1024K)]
  0x0000024a68b3b0b0 ConcurrentGCThread "G1 Service"                [id=4048, stack(0x000000c36d700000,0x000000c36d800000) (1024K)]
Total: 18

Threads with active compile tasks:
C2 CompilerThread0  12895000 6100       4       java.lang.invoke.MethodType::makeImpl (109 bytes)
Total: 1

VM state: not at safepoint (normal execution)

VM Mutex/Monitor currently owned by a thread: None

Heap address: 0x0000000684800000, size: 6072 MB, Compressed Oops mode: Zero based, Oop shift amount: 3

CDS archive(s) mapped at: [0x0000024a00000000-0x0000024a00c80000-0x0000024a00c80000), size 13107200, SharedBaseAddress: 0x0000024a00000000, ArchiveRelocationMode: 1.
Compressed class space mapped at: 0x0000024a01000000-0x0000024a41000000, reserved size: 1073741824
Narrow klass base: 0x0000024a00000000, Narrow klass shift: 0, Narrow klass range: 0x100000000

GC Precious Log:
 CardTable entry size: 512
 Card Set container configuration: InlinePtr #cards 4 size 8 Array Of Cards #cards 32 size 80 Howl #buckets 8 coarsen threshold 7372 Howl Bitmap #cards 1024 size 144 coarsen threshold 921 Card regions per heap region 1 cards per card region 8192
 CPUs: 12 total, 12 available
 Memory: 24283M
 Large Page Support: Disabled
 NUMA Support: Disabled
 Compressed Oops: Enabled (Zero based)
 Heap Region Size: 4M
 Heap Min Capacity: 8M
 Heap Initial Capacity: 380M
 Heap Max Capacity: 6072M
 Pre-touch: Disabled
 Parallel Workers: 10
 Concurrent Workers: 3
 Concurrent Refinement Workers: 10
 Periodic GC: Disabled

Heap:
 garbage-first heap   total 122880K, used 87114K [0x0000000684800000, 0x0000000800000000)
  region size 4096K, 12 young (49152K), 1 survivors (4096K)
 Metaspace       used 28363K, committed 28928K, reserved 1114112K
  class space    used 3776K, committed 4032K, reserved 1048576K

Heap Regions: E=young(eden), S=young(survivor), O=old, HS=humongous(starts), HC=humongous(continues), CS=collection set, F=free, TAMS=top-at-mark-start, PB=parsable bottom
|   0|0x0000000684800000, 0x0000000684c00000, 0x0000000684c00000|100%|HS|  |TAMS 0x0000000684800000| PB 0x0000000684800000| Complete 
|   1|0x0000000684c00000, 0x0000000684c00000, 0x0000000685000000|  0%| F|  |TAMS 0x0000000684c00000| PB 0x0000000684c00000| Untracked 
|   2|0x0000000685000000, 0x0000000685400000, 0x0000000685400000|100%| O|  |TAMS 0x0000000685000000| PB 0x0000000685000000| Untracked 
|   3|0x0000000685400000, 0x0000000685800000, 0x0000000685800000|100%| O|  |TAMS 0x0000000685400000| PB 0x0000000685400000| Untracked 
|   4|0x0000000685800000, 0x0000000685b55a18, 0x0000000685c00000| 83%| O|  |TAMS 0x0000000685800000| PB 0x0000000685800000| Untracked 
|   5|0x0000000685c00000, 0x0000000686000000, 0x0000000686000000|100%| O|  |TAMS 0x0000000685c00000| PB 0x0000000685c00000| Untracked 
|   6|0x0000000686000000, 0x0000000686000000, 0x0000000686400000|  0%| F|  |TAMS 0x0000000686000000| PB 0x0000000686000000| Untracked 
|   7|0x0000000686400000, 0x0000000686800000, 0x0000000686800000|100%| O|  |TAMS 0x0000000686400000| PB 0x0000000686400000| Untracked 
|   8|0x0000000686800000, 0x00000006869bd190, 0x0000000686c00000| 43%| S|CS|TAMS 0x0000000686800000| PB 0x0000000686800000| Complete 
|   9|0x0000000686c00000, 0x0000000687000000, 0x0000000687000000|100%|HS|  |TAMS 0x0000000686c00000| PB 0x0000000686c00000| Complete 
|  10|0x0000000687000000, 0x0000000687400000, 0x0000000687400000|100%|HC|  |TAMS 0x0000000687000000| PB 0x0000000687000000| Complete 
|  11|0x0000000687400000, 0x0000000687800000, 0x0000000687800000|100%|HC|  |TAMS 0x0000000687400000| PB 0x0000000687400000| Complete 
|  12|0x0000000687800000, 0x0000000687c00000, 0x0000000687c00000|100%|HC|  |TAMS 0x0000000687800000| PB 0x0000000687800000| Complete 
|  13|0x0000000687c00000, 0x0000000688000000, 0x0000000688000000|100%|HC|  |TAMS 0x0000000687c00000| PB 0x0000000687c00000| Complete 
|  14|0x0000000688000000, 0x0000000688000000, 0x0000000688400000|  0%| F|  |TAMS 0x0000000688000000| PB 0x0000000688000000| Untracked 
|  15|0x0000000688400000, 0x0000000688400000, 0x0000000688800000|  0%| F|  |TAMS 0x0000000688400000| PB 0x0000000688400000| Untracked 
|  16|0x0000000688800000, 0x0000000688800000, 0x0000000688c00000|  0%| F|  |TAMS 0x0000000688800000| PB 0x0000000688800000| Untracked 
|  17|0x0000000688c00000, 0x0000000688c00000, 0x0000000689000000|  0%| F|  |TAMS 0x0000000688c00000| PB 0x0000000688c00000| Untracked 
|  18|0x0000000689000000, 0x0000000689000000, 0x0000000689400000|  0%| F|  |TAMS 0x0000000689000000| PB 0x0000000689000000| Untracked 
|  19|0x0000000689400000, 0x0000000689800000, 0x0000000689800000|100%| E|  |TAMS 0x0000000689400000| PB 0x0000000689400000| Complete 
|  20|0x0000000689800000, 0x0000000689c00000, 0x0000000689c00000|100%| E|CS|TAMS 0x0000000689800000| PB 0x0000000689800000| Complete 
|  21|0x0000000689c00000, 0x000000068a000000, 0x000000068a000000|100%| E|CS|TAMS 0x0000000689c00000| PB 0x0000000689c00000| Complete 
|  22|0x000000068a000000, 0x000000068a400000, 0x000000068a400000|100%| E|CS|TAMS 0x000000068a000000| PB 0x000000068a000000| Complete 
|  23|0x000000068a400000, 0x000000068a800000, 0x000000068a800000|100%| E|CS|TAMS 0x000000068a400000| PB 0x000000068a400000| Complete 
|  24|0x000000068a800000, 0x000000068ac00000, 0x000000068ac00000|100%| E|CS|TAMS 0x000000068a800000| PB 0x000000068a800000| Complete 
|  80|0x0000000698800000, 0x0000000698c00000, 0x0000000698c00000|100%| E|CS|TAMS 0x0000000698800000| PB 0x0000000698800000| Complete 
|  83|0x0000000699400000, 0x0000000699800000, 0x0000000699800000|100%| E|CS|TAMS 0x0000000699400000| PB 0x0000000699400000| Complete 
|  84|0x0000000699800000, 0x0000000699c00000, 0x0000000699c00000|100%| E|CS|TAMS 0x0000000699800000| PB 0x0000000699800000| Complete 
|  85|0x0000000699c00000, 0x000000069a000000, 0x000000069a000000|100%| E|CS|TAMS 0x0000000699c00000| PB 0x0000000699c00000| Complete 
|  94|0x000000069c000000, 0x000000069c400000, 0x000000069c400000|100%| E|CS|TAMS 0x000000069c000000| PB 0x000000069c000000| Complete 

Card table byte_map: [0x0000024a5fb30000,0x0000024a60710000] _byte_map_base: 0x0000024a5c70c000

Marking Bits: (CMBitMap*) 0x0000024a4b856800
 Bits: [0x0000024a60710000, 0x0000024a665f0000)

Polling page: 0x0000024a4f280000

Metaspace:

Usage:
  Non-class:     24.01 MB used.
      Class:      3.69 MB used.
       Both:     27.70 MB used.

Virtual space:
  Non-class space:       64.00 MB reserved,      24.31 MB ( 38%) committed,  1 nodes.
      Class space:        1.00 GB reserved,       3.94 MB ( <1%) committed,  1 nodes.
             Both:        1.06 GB reserved,      28.25 MB (  3%) committed. 

Chunk freelists:
   Non-Class:  7.69 MB
       Class:  12.13 MB
        Both:  19.82 MB

MaxMetaspaceSize: unlimited
CompressedClassSpaceSize: 1.00 GB
Initial GC threshold: 21.00 MB
Current GC threshold: 47.12 MB
CDS: on
 - commit_granule_bytes: 65536.
 - commit_granule_words: 8192.
 - virtual_space_node_default_size: 8388608.
 - enlarge_chunks_in_place: 1.
 - use_allocation_guard: 0.


Internal statistics:

num_allocs_failed_limit: 3.
num_arena_births: 398.
num_arena_deaths: 180.
num_vsnodes_births: 2.
num_vsnodes_deaths: 0.
num_space_committed: 451.
num_space_uncommitted: 0.
num_chunks_returned_to_freelist: 199.
num_chunks_taken_from_freelist: 1243.
num_chunk_merges: 51.
num_chunk_splits: 861.
num_chunks_enlarged: 636.
num_inconsistent_stats: 0.

CodeHeap 'non-profiled nmethods': size=120000Kb used=748Kb max_used=3841Kb free=119251Kb
 bounds [0x0000024a56d70000, 0x0000024a57140000, 0x0000024a5e2a0000]
CodeHeap 'profiled nmethods': size=120000Kb used=340Kb max_used=11042Kb free=119659Kb
 bounds [0x0000024a4f2a0000, 0x0000024a4fd70000, 0x0000024a567d0000]
CodeHeap 'non-nmethods': size=5760Kb used=1949Kb max_used=2020Kb free=3811Kb
 bounds [0x0000024a567d0000, 0x0000024a56a40000, 0x0000024a56d70000]
 total_blobs=1439 nmethods=515 adapters=827
 compilation: enabled
              stopped_count=0, restarted_count=0
 full_count=0

Compilation events (20 events):
Event: 12890.873 Thread 0x0000024a68c9b060 nmethod 6111 0x0000024a4fd02b90 code [0x0000024a4fd02d40, 0x0000024a4fd02f20]
Event: 12890.873 Thread 0x0000024a68c9b060 6118       2       jdk.internal.org.objectweb.asm.SymbolTable::addConstantUtf8 (98 bytes)
Event: 12890.873 Thread 0x0000024a7d74a5d0 nmethod 6109 0x0000024a56e4f790 code [0x0000024a56e4f920, 0x0000024a56e4f9c8]
Event: 12890.873 Thread 0x0000024a7d74a5d0 6113       4       java.lang.String::length (11 bytes)
Event: 12890.874 Thread 0x0000024a68c9b060 nmethod 6118 0x0000024a4fd02290 code [0x0000024a4fd024a0, 0x0000024a4fd028a0]
Event: 12890.874 Thread 0x0000024a68c9b060 6117       2       jdk.internal.org.objectweb.asm.ByteVector::putByte (39 bytes)
Event: 12890.874 Thread 0x0000024a7d74a5d0 nmethod 6113 0x0000024a56e53c10 code [0x0000024a56e53da0, 0x0000024a56e53e50]
Event: 12890.874 Thread 0x0000024a7d74a5d0 6110       4       java.lang.invoke.MethodType::parameterType (7 bytes)
Event: 12890.874 Thread 0x0000024a68c9b060 nmethod 6117 0x0000024a4f5b6510 code [0x0000024a4f5b66c0, 0x0000024a4f5b6868]
Event: 12890.874 Thread 0x0000024a68c9b060 6116       2       jdk.internal.org.objectweb.asm.Symbol::<init> (38 bytes)
Event: 12890.874 Thread 0x0000024a68c9b060 nmethod 6116 0x0000024a4f5b6090 code [0x0000024a4f5b6240, 0x0000024a4f5b6480]
Event: 12890.874 Thread 0x0000024a68c9b060 6114       2       jdk.internal.org.objectweb.asm.SymbolTable$Entry::<init> (17 bytes)
Event: 12890.874 Thread 0x0000024a68c9b060 nmethod 6114 0x0000024a4f5b5c90 code [0x0000024a4f5b5e40, 0x0000024a4f5b5f98]
Event: 12890.874 Thread 0x0000024a7d74a5d0 nmethod 6110 0x0000024a56e6c390 code [0x0000024a56e6c520, 0x0000024a56e6c5f8]
Event: 12890.874 Thread 0x0000024a7d74a5d0 6112       4       java.lang.StringBuilder::length (5 bytes)
Event: 12890.874 Thread 0x0000024a7d74a5d0 nmethod 6112 0x0000024a56e7c490 code [0x0000024a56e7c620, 0x0000024a56e7c6a8]
Event: 12890.874 Thread 0x0000024a7d74a5d0 6115       4       jdk.internal.org.objectweb.asm.SymbolTable::get (13 bytes)
Event: 12891.877 Thread 0x0000024a7d74a5d0 nmethod 6115 0x0000024a56db6590 code [0x0000024a56db6720, 0x0000024a56db6828]
Event: 12891.877 Thread 0x0000024a7d74a5d0 6119       4       jdk.internal.util.ReferencedKeySet::get (27 bytes)
Event: 12892.911 Thread 0x0000024a7d74a5d0 nmethod 6119 0x0000024a56e78110 code [0x0000024a56e783e0, 0x0000024a56e79308]

GC Heap History (20 events):
Event: 2618.479 GC heap before
{Heap before GC invocations=17 (full 0):
 garbage-first heap   total 122880K, used 104982K [0x0000000684800000, 0x0000000800000000)
  region size 4096K, 15 young (61440K), 1 survivors (4096K)
 Metaspace       used 28508K, committed 28928K, reserved 1114112K
  class space    used 3817K, committed 4032K, reserved 1048576K
}
Event: 2618.488 GC heap after
{Heap after GC invocations=18 (full 0):
 garbage-first heap   total 122880K, used 46762K [0x0000000684800000, 0x0000000800000000)
  region size 4096K, 1 young (4096K), 1 survivors (4096K)
 Metaspace       used 28508K, committed 28928K, reserved 1114112K
  class space    used 3817K, committed 4032K, reserved 1048576K
}
Event: 3625.526 GC heap before
{Heap before GC invocations=18 (full 0):
 garbage-first heap   total 122880K, used 108202K [0x0000000684800000, 0x0000000800000000)
  region size 4096K, 16 young (65536K), 1 survivors (4096K)
 Metaspace       used 28508K, committed 28928K, reserved 1114112K
  class space    used 3817K, committed 4032K, reserved 1048576K
}
Event: 3625.532 GC heap after
{Heap after GC invocations=19 (full 0):
 garbage-first heap   total 122880K, used 46740K [0x0000000684800000, 0x0000000800000000)
  region size 4096K, 1 young (4096K), 1 survivors (4096K)
 Metaspace       used 28508K, committed 28928K, reserved 1114112K
  class space    used 3817K, committed 4032K, reserved 1048576K
}
Event: 4623.443 GC heap before
{Heap before GC invocations=19 (full 0):
 garbage-first heap   total 122880K, used 108180K [0x0000000684800000, 0x0000000800000000)
  region size 4096K, 16 young (65536K), 1 survivors (4096K)
 Metaspace       used 28508K, committed 28928K, reserved 1114112K
  class space    used 3817K, committed 4032K, reserved 1048576K
}
Event: 4623.450 GC heap after
{Heap after GC invocations=20 (full 0):
 garbage-first heap   total 122880K, used 46753K [0x0000000684800000, 0x0000000800000000)
  region size 4096K, 1 young (4096K), 1 survivors (4096K)
 Metaspace       used 28508K, committed 28928K, reserved 1114112K
  class space    used 3817K, committed 4032K, reserved 1048576K
}
Event: 5622.466 GC heap before
{Heap before GC invocations=21 (full 0):
 garbage-first heap   total 122880K, used 108193K [0x0000000684800000, 0x0000000800000000)
  region size 4096K, 16 young (65536K), 1 survivors (4096K)
 Metaspace       used 28508K, committed 28928K, reserved 1114112K
  class space    used 3817K, committed 4032K, reserved 1048576K
}
Event: 5622.472 GC heap after
{Heap after GC invocations=22 (full 0):
 garbage-first heap   total 122880K, used 46769K [0x0000000684800000, 0x0000000800000000)
  region size 4096K, 1 young (4096K), 1 survivors (4096K)
 Metaspace       used 28508K, committed 28928K, reserved 1114112K
  class space    used 3817K, committed 4032K, reserved 1048576K
}
Event: 6624.581 GC heap before
{Heap before GC invocations=22 (full 0):
 garbage-first heap   total 122880K, used 108209K [0x0000000684800000, 0x0000000800000000)
  region size 4096K, 16 young (65536K), 1 survivors (4096K)
 Metaspace       used 28508K, committed 28928K, reserved 1114112K
  class space    used 3817K, committed 4032K, reserved 1048576K
}
Event: 6624.588 GC heap after
{Heap after GC invocations=23 (full 0):
 garbage-first heap   total 122880K, used 46745K [0x0000000684800000, 0x0000000800000000)
  region size 4096K, 1 young (4096K), 1 survivors (4096K)
 Metaspace       used 28508K, committed 28928K, reserved 1114112K
  class space    used 3817K, committed 4032K, reserved 1048576K
}
Event: 7630.054 GC heap before
{Heap before GC invocations=24 (full 0):
 garbage-first heap   total 122880K, used 108185K [0x0000000684800000, 0x0000000800000000)
  region size 4096K, 16 young (65536K), 1 survivors (4096K)
 Metaspace       used 28350K, committed 28928K, reserved 1114112K
  class space    used 3773K, committed 4032K, reserved 1048576K
}
Event: 7630.055 GC heap after
{Heap after GC invocations=25 (full 0):
 garbage-first heap   total 122880K, used 46661K [0x0000000684800000, 0x0000000800000000)
  region size 4096K, 1 young (4096K), 1 survivors (4096K)
 Metaspace       used 28350K, committed 28928K, reserved 1114112K
  class space    used 3773K, committed 4032K, reserved 1048576K
}
Event: 8644.822 GC heap before
{Heap before GC invocations=25 (full 0):
 garbage-first heap   total 122880K, used 108101K [0x0000000684800000, 0x0000000800000000)
  region size 4096K, 16 young (65536K), 1 survivors (4096K)
 Metaspace       used 28350K, committed 28928K, reserved 1114112K
  class space    used 3773K, committed 4032K, reserved 1048576K
}
Event: 8644.834 GC heap after
{Heap after GC invocations=26 (full 0):
 garbage-first heap   total 122880K, used 46109K [0x0000000684800000, 0x0000000800000000)
  region size 4096K, 1 young (4096K), 1 survivors (4096K)
 Metaspace       used 28350K, committed 28928K, reserved 1114112K
  class space    used 3773K, committed 4032K, reserved 1048576K
}
Event: 9646.866 GC heap before
{Heap before GC invocations=26 (full 0):
 garbage-first heap   total 122880K, used 107549K [0x0000000684800000, 0x0000000800000000)
  region size 4096K, 16 young (65536K), 1 survivors (4096K)
 Metaspace       used 28350K, committed 28928K, reserved 1114112K
  class space    used 3773K, committed 4032K, reserved 1048576K
}
Event: 9646.869 GC heap after
{Heap after GC invocations=27 (full 0):
 garbage-first heap   total 122880K, used 46132K [0x0000000684800000, 0x0000000800000000)
  region size 4096K, 1 young (4096K), 1 survivors (4096K)
 Metaspace       used 28350K, committed 28928K, reserved 1114112K
  class space    used 3773K, committed 4032K, reserved 1048576K
}
Event: 10652.222 GC heap before
{Heap before GC invocations=28 (full 0):
 garbage-first heap   total 122880K, used 107572K [0x0000000684800000, 0x0000000800000000)
  region size 4096K, 16 young (65536K), 1 survivors (4096K)
 Metaspace       used 28352K, committed 28928K, reserved 1114112K
  class space    used 3773K, committed 4032K, reserved 1048576K
}
Event: 10652.226 GC heap after
{Heap after GC invocations=29 (full 0):
 garbage-first heap   total 122880K, used 46148K [0x0000000684800000, 0x0000000800000000)
  region size 4096K, 1 young (4096K), 1 survivors (4096K)
 Metaspace       used 28352K, committed 28928K, reserved 1114112K
  class space    used 3773K, committed 4032K, reserved 1048576K
}
Event: 11657.433 GC heap before
{Heap before GC invocations=29 (full 0):
 garbage-first heap   total 122880K, used 107588K [0x0000000684800000, 0x0000000800000000)
  region size 4096K, 16 young (65536K), 1 survivors (4096K)
 Metaspace       used 28352K, committed 28928K, reserved 1114112K
  class space    used 3773K, committed 4032K, reserved 1048576K
}
Event: 11657.436 GC heap after
{Heap after GC invocations=30 (full 0):
 garbage-first heap   total 122880K, used 46154K [0x0000000684800000, 0x0000000800000000)
  region size 4096K, 1 young (4096K), 1 survivors (4096K)
 Metaspace       used 28352K, committed 28928K, reserved 1114112K
  class space    used 3773K, committed 4032K, reserved 1048576K
}

Dll operation events (20 events):
Event: 0.198 Loaded shared library C:\java\openjfx-23.0.2_windows-x64_bin-sdk\javafx-sdk-23.0.2\bin\api-ms-win-crt-private-l1-1-0.dll
Event: 0.199 Loaded shared library C:\java\openjfx-23.0.2_windows-x64_bin-sdk\javafx-sdk-23.0.2\bin\api-ms-win-crt-process-l1-1-0.dll
Event: 0.199 Loaded shared library C:\java\openjfx-23.0.2_windows-x64_bin-sdk\javafx-sdk-23.0.2\bin\api-ms-win-crt-runtime-l1-1-0.dll
Event: 0.200 Loaded shared library C:\java\openjfx-23.0.2_windows-x64_bin-sdk\javafx-sdk-23.0.2\bin\api-ms-win-crt-stdio-l1-1-0.dll
Event: 0.201 Loaded shared library C:\java\openjfx-23.0.2_windows-x64_bin-sdk\javafx-sdk-23.0.2\bin\api-ms-win-crt-string-l1-1-0.dll
Event: 0.201 Loaded shared library C:\java\openjfx-23.0.2_windows-x64_bin-sdk\javafx-sdk-23.0.2\bin\api-ms-win-crt-time-l1-1-0.dll
Event: 0.202 Loaded shared library C:\java\openjfx-23.0.2_windows-x64_bin-sdk\javafx-sdk-23.0.2\bin\api-ms-win-crt-utility-l1-1-0.dll
Event: 0.202 Loaded shared library C:\java\openjfx-23.0.2_windows-x64_bin-sdk\javafx-sdk-23.0.2\bin\ucrtbase.dll
Event: 0.203 Loaded shared library C:\java\openjfx-23.0.2_windows-x64_bin-sdk\javafx-sdk-23.0.2\bin\vcruntime140.dll
Event: 0.204 Loaded shared library C:\java\openjfx-23.0.2_windows-x64_bin-sdk\javafx-sdk-23.0.2\bin\vcruntime140_1.dll
Event: 0.204 Loaded shared library C:\java\openjfx-23.0.2_windows-x64_bin-sdk\javafx-sdk-23.0.2\bin\msvcp140.dll
Event: 0.205 Loaded shared library C:\java\openjfx-23.0.2_windows-x64_bin-sdk\javafx-sdk-23.0.2\bin\msvcp140_1.dll
Event: 0.205 Loaded shared library C:\java\openjfx-23.0.2_windows-x64_bin-sdk\javafx-sdk-23.0.2\bin\msvcp140_2.dll
Event: 0.228 Loaded shared library C:\java\openjfx-23.0.2_windows-x64_bin-sdk\javafx-sdk-23.0.2\bin\prism_d3d.dll
Event: 0.327 Loaded shared library C:\java\openjfx-23.0.2_windows-x64_bin-sdk\javafx-sdk-23.0.2\bin\glass.dll
Event: 0.431 Loaded shared library C:\Users\Lenovo\Documents\eclipse\plugins\org.eclipse.justj.openjdk.hotspot.jre.full.win32.x86_64_21.0.6.v20250130-0529\jre\bin\jimage.dll
Event: 0.695 Loaded shared library C:\java\openjfx-23.0.2_windows-x64_bin-sdk\javafx-sdk-23.0.2\bin\javafx_font.dll
Event: 8.925 Loaded shared library C:\Users\Lenovo\Documents\eclipse\plugins\org.eclipse.justj.openjdk.hotspot.jre.full.win32.x86_64_21.0.6.v20250130-0529\jre\bin\extnet.dll
Event: 8.987 Loaded shared library C:\Users\Lenovo\Documents\eclipse\plugins\org.eclipse.justj.openjdk.hotspot.jre.full.win32.x86_64_21.0.6.v20250130-0529\jre\bin\sunmscapi.dll
Event: 10.472 Loaded shared library C:\java\openjfx-23.0.2_windows-x64_bin-sdk\javafx-sdk-23.0.2\bin\javafx_iio.dll

Deoptimization events (20 events):
Event: 7630.106 Thread 0x0000024a697d2bd0 Uncommon trap: trap_request=0xfffffff4 fr.pc=0x0000024a57127f24 relative=0x0000000000002624
Event: 7630.106 Thread 0x0000024a697d2bd0 Uncommon trap: reason=null_check action=make_not_entrant pc=0x0000024a57127f24 method=com.sun.prism.impl.BaseResourcePool$WeakLinkedList.getResource()Lcom/sun/prism/impl/ManagedResource; @ 7 c2
Event: 7630.106 Thread 0x0000024a697d2bd0 DEOPT PACKING pc=0x0000024a57127f24 sp=0x000000c36e6ff1f0
Event: 7630.106 Thread 0x0000024a697d2bd0 DEOPT UNPACKING pc=0x0000024a568246a2 sp=0x000000c36e6ff0c0 mode 2
Event: 7630.106 Thread 0x0000024a697d2bd0 Uncommon trap: trap_request=0xffffff45 fr.pc=0x0000024a5700b7dc relative=0x00000000000000bc
Event: 7630.106 Thread 0x0000024a697d2bd0 Uncommon trap: reason=unstable_if action=reinterpret pc=0x0000024a5700b7dc method=com.sun.prism.impl.ManagedResource._isgone(Lcom/sun/prism/impl/ManagedResource;)Z @ 1 c2
Event: 7630.106 Thread 0x0000024a697d2bd0 DEOPT PACKING pc=0x0000024a5700b7dc sp=0x000000c36e6ff120
Event: 7630.106 Thread 0x0000024a697d2bd0 DEOPT UNPACKING pc=0x0000024a568246a2 sp=0x000000c36e6ff0c0 mode 2
Event: 7630.106 Thread 0x0000024a697d2bd0 Uncommon trap: trap_request=0xfffffff4 fr.pc=0x0000024a56d88904 relative=0x00000000000000e4
Event: 7630.106 Thread 0x0000024a697d2bd0 Uncommon trap: reason=null_check action=make_not_entrant pc=0x0000024a56d88904 method=com.sun.prism.impl.BaseResourcePool$WeakLinkedList.getResource()Lcom/sun/prism/impl/ManagedResource; @ 7 c2
Event: 7630.106 Thread 0x0000024a697d2bd0 DEOPT PACKING pc=0x0000024a56d88904 sp=0x000000c36e6ff110
Event: 7630.106 Thread 0x0000024a697d2bd0 DEOPT UNPACKING pc=0x0000024a568246a2 sp=0x000000c36e6ff0c0 mode 2
Event: 9497.420 Thread 0x0000024a695f2000 Uncommon trap: trap_request=0xffffff45 fr.pc=0x0000024a56f760b0 relative=0x00000000000002f0
Event: 9497.420 Thread 0x0000024a695f2000 Uncommon trap: reason=unstable_if action=reinterpret pc=0x0000024a56f760b0 method=java.util.concurrent.locks.AbstractQueuedSynchronizer$ConditionObject.canReacquire(Ljava/util/concurrent/locks/AbstractQueuedSynchronizer$ConditionNode;)Z @ 18 c2
Event: 9497.420 Thread 0x0000024a695f2000 DEOPT PACKING pc=0x0000024a56f760b0 sp=0x000000c36e3ff3f0
Event: 9497.420 Thread 0x0000024a695f2000 DEOPT UNPACKING pc=0x0000024a568246a2 sp=0x000000c36e3ff330 mode 2
Event: 9566.382 Thread 0x0000024a695f2000 Uncommon trap: trap_request=0xffffff45 fr.pc=0x0000024a570d59c0 relative=0x00000000000000a0
Event: 9566.382 Thread 0x0000024a695f2000 Uncommon trap: reason=unstable_if action=reinterpret pc=0x0000024a570d59c0 method=java.util.concurrent.locks.LockSupport.unpark(Ljava/lang/Thread;)V @ 1 c2
Event: 9566.382 Thread 0x0000024a695f2000 DEOPT PACKING pc=0x0000024a570d59c0 sp=0x000000c36e3ff2f0
Event: 9566.382 Thread 0x0000024a695f2000 DEOPT UNPACKING pc=0x0000024a568246a2 sp=0x000000c36e3ff288 mode 2

Classes loaded (20 events):
Event: 27.225 Loading class java/util/RegularEnumSet$EnumSetIterator
Event: 27.225 Loading class java/util/RegularEnumSet$EnumSetIterator done
Event: 27.577 Loading class java/lang/StringIndexOutOfBoundsException
Event: 27.577 Loading class java/lang/StringIndexOutOfBoundsException done
Event: 27.578 Loading class java/util/concurrent/atomic/AtomicReferenceFieldUpdater
Event: 27.578 Loading class java/util/concurrent/atomic/AtomicReferenceFieldUpdater done
Event: 27.578 Loading class java/util/concurrent/atomic/AtomicReferenceFieldUpdater$AtomicReferenceFieldUpdaterImpl
Event: 27.578 Loading class java/util/concurrent/atomic/AtomicReferenceFieldUpdater$AtomicReferenceFieldUpdaterImpl done
Event: 27.578 Loading class java/util/concurrent/atomic/AtomicReferenceFieldUpdater$AtomicReferenceFieldUpdaterImpl$1
Event: 27.579 Loading class java/util/concurrent/atomic/AtomicReferenceFieldUpdater$AtomicReferenceFieldUpdaterImpl$1 done
Event: 27.579 Loading class sun/reflect/misc/ReflectUtil
Event: 27.579 Loading class sun/reflect/misc/ReflectUtil done
Event: 27.580 Loading class java/lang/Throwable$WrappedPrintStream
Event: 27.580 Loading class java/lang/Throwable$PrintStreamOrWriter
Event: 27.580 Loading class java/lang/Throwable$PrintStreamOrWriter done
Event: 27.580 Loading class java/lang/Throwable$WrappedPrintStream done
Event: 12364.540 Loading class java/util/Collections$UnmodifiableMap$UnmodifiableEntrySet$1
Event: 12364.541 Loading class java/util/Collections$UnmodifiableMap$UnmodifiableEntrySet$1 done
Event: 12364.541 Loading class java/util/Collections$UnmodifiableMap$UnmodifiableEntrySet$UnmodifiableEntry
Event: 12364.542 Loading class java/util/Collections$UnmodifiableMap$UnmodifiableEntrySet$UnmodifiableEntry done

Classes unloaded (20 events):
Event: 6624.603 Thread 0x0000024a68c78dc0 Unloading class 0x0000024a01024800 'java/lang/invoke/LambdaForm$MH+0x0000024a01024800'
Event: 6624.603 Thread 0x0000024a68c78dc0 Unloading class 0x0000024a01024000 'java/lang/invoke/LambdaForm$MH+0x0000024a01024000'
Event: 6624.603 Thread 0x0000024a68c78dc0 Unloading class 0x0000024a01019800 'java/lang/invoke/LambdaForm$MH+0x0000024a01019800'
Event: 6624.603 Thread 0x0000024a68c78dc0 Unloading class 0x0000024a01019000 'java/lang/invoke/LambdaForm$MH+0x0000024a01019000'
Event: 6624.603 Thread 0x0000024a68c78dc0 Unloading class 0x0000024a01018c00 'java/lang/invoke/LambdaForm$MH+0x0000024a01018c00'
Event: 6624.603 Thread 0x0000024a68c78dc0 Unloading class 0x0000024a01018800 'java/lang/invoke/LambdaForm$MH+0x0000024a01018800'
Event: 6624.603 Thread 0x0000024a68c78dc0 Unloading class 0x0000024a01018400 'java/lang/invoke/LambdaForm$MH+0x0000024a01018400'
Event: 6624.603 Thread 0x0000024a68c78dc0 Unloading class 0x0000024a01017c00 'java/lang/invoke/LambdaForm$MH+0x0000024a01017c00'
Event: 6624.603 Thread 0x0000024a68c78dc0 Unloading class 0x0000024a01017800 'java/lang/invoke/LambdaForm$MH+0x0000024a01017800'
Event: 6624.603 Thread 0x0000024a68c78dc0 Unloading class 0x0000024a01017400 'java/lang/invoke/LambdaForm$MH+0x0000024a01017400'
Event: 6624.603 Thread 0x0000024a68c78dc0 Unloading class 0x0000024a01016c00 'java/lang/invoke/LambdaForm$MH+0x0000024a01016c00'
Event: 6624.603 Thread 0x0000024a68c78dc0 Unloading class 0x0000024a01016000 'java/lang/invoke/LambdaForm$MH+0x0000024a01016000'
Event: 6624.603 Thread 0x0000024a68c78dc0 Unloading class 0x0000024a01015c00 'java/lang/invoke/LambdaForm$MH+0x0000024a01015c00'
Event: 6624.603 Thread 0x0000024a68c78dc0 Unloading class 0x0000024a01015800 'java/lang/invoke/LambdaForm$MH+0x0000024a01015800'
Event: 6624.603 Thread 0x0000024a68c78dc0 Unloading class 0x0000024a01015000 'java/lang/invoke/LambdaForm$MH+0x0000024a01015000'
Event: 6624.603 Thread 0x0000024a68c78dc0 Unloading class 0x0000024a01014000 'java/lang/invoke/LambdaForm$MH+0x0000024a01014000'
Event: 6624.603 Thread 0x0000024a68c78dc0 Unloading class 0x0000024a01004c00 'java/lang/invoke/LambdaForm$MH+0x0000024a01004c00'
Event: 6624.603 Thread 0x0000024a68c78dc0 Unloading class 0x0000024a01004800 'java/lang/invoke/LambdaForm$MH+0x0000024a01004800'
Event: 6624.603 Thread 0x0000024a68c78dc0 Unloading class 0x0000024a01004000 'java/lang/invoke/LambdaForm$MH+0x0000024a01004000'
Event: 6624.603 Thread 0x0000024a68c78dc0 Unloading class 0x0000024a01000400 'java/lang/invoke/LambdaForm$MH+0x0000024a01000400'

Classes redefined (0 events):
No events

Internal exceptions (20 events):
Event: 9.010 Thread 0x0000024a695f2660 Exception <a 'sun/nio/fs/WindowsException'{0x000000069a0bd868}> (0x000000069a0bd868) 
thrown [s\src\hotspot\share\prims\jni.cpp, line 520]
Event: 9.038 Thread 0x0000024a695f2660 Exception <a 'java/lang/NoSuchMethodError'{0x000000069a189d98}: 'java.lang.Object java.lang.invoke.DirectMethodHandle$Holder.invokeStaticInit(java.lang.Object, int, int, int, int)'> (0x000000069a189d98) 
thrown [s\src\hotspot\share\interpreter\linkResolver.cpp, line 773]
Event: 9.049 Thread 0x0000024a695f2660 Exception <a 'java/lang/NoSuchMethodError'{0x000000069a262f18}: 'java.lang.Object java.lang.invoke.DirectMethodHandle$Holder.invokeStaticInit(java.lang.Object, java.lang.Object, int, int, int, int)'> (0x000000069a262f18) 
thrown [s\src\hotspot\share\interpreter\linkResolver.cpp, line 773]
Event: 9.197 Thread 0x0000024a695f2660 Exception <a 'java/lang/NoSuchMethodError'{0x000000068695fc98}: 'void java.lang.invoke.DirectMethodHandle$Holder.invokeInterface(java.lang.Object, java.lang.Object, java.lang.Object, java.lang.Object)'> (0x000000068695fc98) 
thrown [s\src\hotspot\share\interpreter\linkResolver.cpp, line 773]
Event: 9.223 Thread 0x0000024a695f2660 Exception <a 'java/io/IOException'{0x0000000686b16850}> (0x0000000686b16850) 
thrown [s\src\hotspot\share\prims\jni.cpp, line 520]
Event: 9.224 Thread 0x0000024a695f2660 Exception <a 'java/lang/NoSuchMethodError'{0x0000000686b1a350}: 'void java.lang.invoke.DirectMethodHandle$Holder.invokeInterface(java.lang.Object, java.lang.Object)'> (0x0000000686b1a350) 
thrown [s\src\hotspot\share\interpreter\linkResolver.cpp, line 773]
Event: 10.259 Thread 0x0000024a695f2660 Exception <a 'java/io/FileNotFoundException'{0x0000000685d42630}> (0x0000000685d42630) 
thrown [s\src\hotspot\share\prims\jni.cpp, line 520]
Event: 10.369 Thread 0x0000024a695f2660 Exception <a 'java/io/FileNotFoundException'{0x000000068540f2b8}> (0x000000068540f2b8) 
thrown [s\src\hotspot\share\prims\jni.cpp, line 520]
Event: 10.374 Thread 0x0000024a695f2660 Exception <a 'java/io/FileNotFoundException'{0x000000068545c010}> (0x000000068545c010) 
thrown [s\src\hotspot\share\prims\jni.cpp, line 520]
Event: 10.374 Thread 0x0000024a695f2660 Exception <a 'java/io/FileNotFoundException'{0x000000068545de70}> (0x000000068545de70) 
thrown [s\src\hotspot\share\prims\jni.cpp, line 520]
Event: 10.375 Thread 0x0000024a695f2660 Exception <a 'java/io/FileNotFoundException'{0x000000068547f180}> (0x000000068547f180) 
thrown [s\src\hotspot\share\prims\jni.cpp, line 520]
Event: 10.375 Thread 0x0000024a695f2660 Exception <a 'java/io/FileNotFoundException'{0x0000000685480fe0}> (0x0000000685480fe0) 
thrown [s\src\hotspot\share\prims\jni.cpp, line 520]
Event: 20.419 Thread 0x0000024a695f2660 Implicit null exception at 0x0000024a56fadd5b to 0x0000024a56fae300
Event: 20.419 Thread 0x0000024a695f2660 Implicit null exception at 0x0000024a56f9783b to 0x0000024a56f9825c
Event: 32.772 Thread 0x0000024a695f2660 Implicit null exception at 0x0000024a56f9c328 to 0x0000024a56f9ca24
Event: 274.226 Thread 0x0000024a695f2660 Exception <a 'java/io/IOException'{0x00000006999c1830}> (0x00000006999c1830) 
thrown [s\src\hotspot\share\prims\jni.cpp, line 520]
Event: 7630.106 Thread 0x0000024a697d2bd0 Implicit null exception at 0x0000024a571264bc to 0x0000024a57127f10
Event: 7630.106 Thread 0x0000024a697d2bd0 Implicit null exception at 0x0000024a5700b73a to 0x0000024a5700b7cc
Event: 7630.106 Thread 0x0000024a697d2bd0 Implicit null exception at 0x0000024a56d8886a to 0x0000024a56d888f8
Event: 9566.382 Thread 0x0000024a695f2000 Implicit null exception at 0x0000024a570d593d to 0x0000024a570d59b1

ZGC Phase Switch (0 events):
No events

VM Operations (20 events):
Event: 12025.345 Executing VM operation: RendezvousGCThreads
Event: 12025.345 Executing VM operation: RendezvousGCThreads done
Event: 12085.462 Executing VM operation: HandshakeAllThreads (HandshakeForDeflation)
Event: 12085.462 Executing VM operation: HandshakeAllThreads (HandshakeForDeflation) done
Event: 12085.462 Executing VM operation: RendezvousGCThreads
Event: 12085.462 Executing VM operation: RendezvousGCThreads done
Event: 12145.686 Executing VM operation: HandshakeAllThreads (HandshakeForDeflation)
Event: 12145.686 Executing VM operation: HandshakeAllThreads (HandshakeForDeflation) done
Event: 12145.686 Executing VM operation: RendezvousGCThreads
Event: 12145.686 Executing VM operation: RendezvousGCThreads done
Event: 12205.794 Executing VM operation: HandshakeAllThreads (HandshakeForDeflation)
Event: 12205.795 Executing VM operation: HandshakeAllThreads (HandshakeForDeflation) done
Event: 12205.795 Executing VM operation: RendezvousGCThreads
Event: 12205.795 Executing VM operation: RendezvousGCThreads done
Event: 12265.995 Executing VM operation: HandshakeAllThreads (HandshakeForDeflation)
Event: 12265.995 Executing VM operation: HandshakeAllThreads (HandshakeForDeflation) done
Event: 12265.995 Executing VM operation: RendezvousGCThreads
Event: 12265.995 Executing VM operation: RendezvousGCThreads done
Event: 12890.487 Executing VM operation: Cleanup
Event: 12890.873 Executing VM operation: Cleanup done

Memory protections (0 events):
No events

Nmethod flushes (20 events):
Event: 11657.472 Thread 0x0000024a68c78dc0 flushing  nmethod 0x0000024a4fb34990
Event: 11657.472 Thread 0x0000024a68c78dc0 flushing  nmethod 0x0000024a4fb35810
Event: 11657.472 Thread 0x0000024a68c78dc0 flushing  nmethod 0x0000024a4fb35b90
Event: 11657.472 Thread 0x0000024a68c78dc0 flushing  nmethod 0x0000024a4fb36a90
Event: 11657.472 Thread 0x0000024a68c78dc0 flushing  nmethod 0x0000024a4fb67e90
Event: 11657.472 Thread 0x0000024a68c78dc0 flushing  nmethod 0x0000024a4fb68690
Event: 11657.472 Thread 0x0000024a68c78dc0 flushing  nmethod 0x0000024a4fb68b10
Event: 11657.472 Thread 0x0000024a68c78dc0 flushing  nmethod 0x0000024a4fb68e90
Event: 11657.472 Thread 0x0000024a68c78dc0 flushing  nmethod 0x0000024a4fb6ab90
Event: 11657.472 Thread 0x0000024a68c78dc0 flushing  nmethod 0x0000024a4fb6af90
Event: 11657.472 Thread 0x0000024a68c78dc0 flushing  nmethod 0x0000024a4fb6b710
Event: 11657.472 Thread 0x0000024a68c78dc0 flushing  nmethod 0x0000024a4fb6c090
Event: 11657.472 Thread 0x0000024a68c78dc0 flushing  nmethod 0x0000024a4fb6cc90
Event: 11657.472 Thread 0x0000024a68c78dc0 flushing  nmethod 0x0000024a4fb6d710
Event: 11657.472 Thread 0x0000024a68c78dc0 flushing  nmethod 0x0000024a4fb6e710
Event: 11657.472 Thread 0x0000024a68c78dc0 flushing  nmethod 0x0000024a4fb6ec10
Event: 11657.472 Thread 0x0000024a68c78dc0 flushing  nmethod 0x0000024a4fb6f090
Event: 11657.472 Thread 0x0000024a68c78dc0 flushing  nmethod 0x0000024a4fb6f510
Event: 11657.472 Thread 0x0000024a68c78dc0 flushing  nmethod 0x0000024a4fb6f890
Event: 11657.472 Thread 0x0000024a68c78dc0 flushing  nmethod 0x0000024a4fb6fe90

Events (20 events):
Event: 0.946 Thread 0x0000024a695f2660 Thread added: 0x0000024a76a74790
Event: 1.120 Thread 0x0000024a697d2bd0 Thread added: 0x0000024a76b1f8f0
Event: 1.350 Thread 0x0000024a6ee9f4a0 Thread exited: 0x0000024a6ee9f4a0
Event: 1.398 Thread 0x0000024a6ee91440 Thread exited: 0x0000024a6ee91440
Event: 8.851 Thread 0x0000024a695f2660 Thread added: 0x0000024a76b1c470
Event: 8.870 Thread 0x0000024a68c9b060 Thread added: 0x0000024a7bab80a0
Event: 9.118 Thread 0x0000024a68c9b060 Thread added: 0x0000024a76c49d70
Event: 9.464 Thread 0x0000024a76c49d70 Thread exited: 0x0000024a76c49d70
Event: 9.715 Thread 0x0000024a7bab80a0 Thread exited: 0x0000024a7bab80a0
Event: 10.192 Thread 0x0000024a68c9b060 Thread added: 0x0000024a7722f5d0
Event: 10.346 Thread 0x0000024a68c9b060 Thread added: 0x0000024a77230370
Event: 11.206 Thread 0x0000024a77230370 Thread exited: 0x0000024a77230370
Event: 11.212 Thread 0x0000024a7722f5d0 Thread exited: 0x0000024a7722f5d0
Event: 27.212 Thread 0x0000024a68c9b060 Thread added: 0x0000024a6963bd30
Event: 27.471 Thread 0x0000024a6963bd30 Thread exited: 0x0000024a6963bd30
Event: 100.346 Thread 0x0000024a68c9b060 Thread added: 0x0000024a6963cad0
Event: 100.606 Thread 0x0000024a6963cad0 Thread exited: 0x0000024a6963cad0
Event: 254.550 Thread 0x0000024a68c9b060 Thread added: 0x0000024a6963ece0
Event: 255.597 Thread 0x0000024a6963ece0 Thread exited: 0x0000024a6963ece0
Event: 12889.556 Thread 0x0000024a69342f80 Thread added: 0x0000024a7d74a5d0


Dynamic libraries:
0x00007ff660260000 - 0x00007ff66026e000 	C:\Users\Lenovo\Documents\eclipse\plugins\org.eclipse.justj.openjdk.hotspot.jre.full.win32.x86_64_21.0.6.v20250130-0529\jre\bin\javaw.exe
0x00007ff818740000 - 0x00007ff8189a3000 	C:\WINDOWS\SYSTEM32\ntdll.dll
0x00007ff8174b0000 - 0x00007ff817577000 	C:\WINDOWS\System32\KERNEL32.DLL
0x00007ff816010000 - 0x00007ff8163d9000 	C:\WINDOWS\System32\KERNELBASE.dll
0x00007ff8163e0000 - 0x00007ff81652c000 	C:\WINDOWS\System32\ucrtbase.dll
0x00007fffe9ce0000 - 0x00007fffe9cf8000 	C:\Users\Lenovo\Documents\eclipse\plugins\org.eclipse.justj.openjdk.hotspot.jre.full.win32.x86_64_21.0.6.v20250130-0529\jre\bin\jli.dll
0x00007fffe9f10000 - 0x00007fffe9f2e000 	C:\Users\Lenovo\Documents\eclipse\plugins\org.eclipse.justj.openjdk.hotspot.jre.full.win32.x86_64_21.0.6.v20250130-0529\jre\bin\VCRUNTIME140.dll
0x00007ff817b40000 - 0x00007ff817d0a000 	C:\WINDOWS\System32\USER32.dll
0x00007ffff8470000 - 0x00007ffff8700000 	C:\WINDOWS\WinSxS\amd64_microsoft.windows.common-controls_6595b64144ccf1df_6.0.26100.3323_none_3e088096e3344490\COMCTL32.dll
0x00007ff816530000 - 0x00007ff816557000 	C:\WINDOWS\System32\win32u.dll
0x00007ff817400000 - 0x00007ff8174a9000 	C:\WINDOWS\System32\msvcrt.dll
0x00007ff817b10000 - 0x00007ff817b3a000 	C:\WINDOWS\System32\GDI32.dll
0x00007ff815ab0000 - 0x00007ff815be1000 	C:\WINDOWS\System32\gdi32full.dll
0x00007ff815e30000 - 0x00007ff815ed3000 	C:\WINDOWS\System32\msvcp_win.dll
0x00007ff818520000 - 0x00007ff81854f000 	C:\WINDOWS\System32\IMM32.DLL
0x00007ff8010e0000 - 0x00007ff8010ec000 	C:\Users\Lenovo\Documents\eclipse\plugins\org.eclipse.justj.openjdk.hotspot.jre.full.win32.x86_64_21.0.6.v20250130-0529\jre\bin\vcruntime140_1.dll
0x00007fffc01d0000 - 0x00007fffc025d000 	C:\Users\Lenovo\Documents\eclipse\plugins\org.eclipse.justj.openjdk.hotspot.jre.full.win32.x86_64_21.0.6.v20250130-0529\jre\bin\msvcp140.dll
0x00007fff74e00000 - 0x00007fff75b90000 	C:\Users\Lenovo\Documents\eclipse\plugins\org.eclipse.justj.openjdk.hotspot.jre.full.win32.x86_64_21.0.6.v20250130-0529\jre\bin\server\jvm.dll
0x00007ff818640000 - 0x00007ff8186f2000 	C:\WINDOWS\System32\ADVAPI32.dll
0x00007ff817580000 - 0x00007ff817626000 	C:\WINDOWS\System32\sechost.dll
0x00007ff8172d0000 - 0x00007ff8173e6000 	C:\WINDOWS\System32\RPCRT4.dll
0x00007ff816ce0000 - 0x00007ff816d54000 	C:\WINDOWS\System32\WS2_32.dll
0x00007ff8145a0000 - 0x00007ff8145ee000 	C:\WINDOWS\SYSTEM32\POWRPROF.dll
0x00007ff812250000 - 0x00007ff812286000 	C:\WINDOWS\SYSTEM32\WINMM.dll
0x00007ff8097a0000 - 0x00007ff8097ab000 	C:\WINDOWS\SYSTEM32\VERSION.dll
0x00007ff814580000 - 0x00007ff814594000 	C:\WINDOWS\SYSTEM32\UMPDC.dll
0x00007ff814840000 - 0x00007ff81485a000 	C:\WINDOWS\SYSTEM32\kernel.appcore.dll
0x00007ff80bb00000 - 0x00007ff80bb0a000 	C:\Users\Lenovo\Documents\eclipse\plugins\org.eclipse.justj.openjdk.hotspot.jre.full.win32.x86_64_21.0.6.v20250130-0529\jre\bin\jimage.dll
0x00007ff813210000 - 0x00007ff813451000 	C:\WINDOWS\SYSTEM32\DBGHELP.DLL
0x00007ff816e10000 - 0x00007ff817192000 	C:\WINDOWS\System32\combase.dll
0x00007ff8177d0000 - 0x00007ff8178a6000 	C:\WINDOWS\System32\OLEAUT32.dll
0x00007fffeab50000 - 0x00007fffeab89000 	C:\WINDOWS\SYSTEM32\dbgcore.DLL
0x00007ff815f70000 - 0x00007ff816009000 	C:\WINDOWS\System32\bcryptPrimitives.dll
0x00007ffffdee0000 - 0x00007ffffdeff000 	C:\Users\Lenovo\Documents\eclipse\plugins\org.eclipse.justj.openjdk.hotspot.jre.full.win32.x86_64_21.0.6.v20250130-0529\jre\bin\java.dll
0x00007ff8165c0000 - 0x00007ff816cd5000 	C:\WINDOWS\System32\SHELL32.dll
0x00007ff815940000 - 0x00007ff815aa8000 	C:\WINDOWS\System32\wintypes.dll
0x00007ff813620000 - 0x00007ff813e65000 	C:\WINDOWS\SYSTEM32\windows.storage.dll
0x00007ff8183d0000 - 0x00007ff8184bb000 	C:\WINDOWS\System32\SHCORE.dll
0x00007ff816560000 - 0x00007ff8165bd000 	C:\WINDOWS\System32\shlwapi.dll
0x00007ff815850000 - 0x00007ff81587f000 	C:\WINDOWS\SYSTEM32\profapi.dll
0x00007ffff8920000 - 0x00007ffff8938000 	C:\Users\Lenovo\Documents\eclipse\plugins\org.eclipse.justj.openjdk.hotspot.jre.full.win32.x86_64_21.0.6.v20250130-0529\jre\bin\zip.dll
0x00007ff80ba90000 - 0x00007ff80baa0000 	C:\Users\Lenovo\Documents\eclipse\plugins\org.eclipse.justj.openjdk.hotspot.jre.full.win32.x86_64_21.0.6.v20250130-0529\jre\bin\net.dll
0x00007ff80ae90000 - 0x00007ff80afae000 	C:\WINDOWS\SYSTEM32\WINHTTP.dll
0x00007ff814d90000 - 0x00007ff814dfa000 	C:\WINDOWS\system32\mswsock.dll
0x00007ffff7f70000 - 0x00007ffff7f86000 	C:\Users\Lenovo\Documents\eclipse\plugins\org.eclipse.justj.openjdk.hotspot.jre.full.win32.x86_64_21.0.6.v20250130-0529\jre\bin\nio.dll
0x0000024a69f10000 - 0x0000024a69f13000 	C:\java\openjfx-23.0.2_windows-x64_bin-sdk\javafx-sdk-23.0.2\bin\api-ms-win-core-console-l1-1-0.dll
0x0000024a69f20000 - 0x0000024a69f23000 	C:\java\openjfx-23.0.2_windows-x64_bin-sdk\javafx-sdk-23.0.2\bin\api-ms-win-core-console-l1-2-0.dll
0x0000024a69f30000 - 0x0000024a69f33000 	C:\java\openjfx-23.0.2_windows-x64_bin-sdk\javafx-sdk-23.0.2\bin\api-ms-win-core-datetime-l1-1-0.dll
0x0000024a69f40000 - 0x0000024a69f43000 	C:\java\openjfx-23.0.2_windows-x64_bin-sdk\javafx-sdk-23.0.2\bin\api-ms-win-core-debug-l1-1-0.dll
0x0000024a69f50000 - 0x0000024a69f53000 	C:\java\openjfx-23.0.2_windows-x64_bin-sdk\javafx-sdk-23.0.2\bin\api-ms-win-core-errorhandling-l1-1-0.dll
0x0000024a69f60000 - 0x0000024a69f64000 	C:\java\openjfx-23.0.2_windows-x64_bin-sdk\javafx-sdk-23.0.2\bin\api-ms-win-core-file-l1-1-0.dll
0x0000024a69f70000 - 0x0000024a69f73000 	C:\java\openjfx-23.0.2_windows-x64_bin-sdk\javafx-sdk-23.0.2\bin\api-ms-win-core-file-l1-2-0.dll
0x0000024a69f80000 - 0x0000024a69f83000 	C:\java\openjfx-23.0.2_windows-x64_bin-sdk\javafx-sdk-23.0.2\bin\api-ms-win-core-file-l2-1-0.dll
0x0000024a69f90000 - 0x0000024a69f93000 	C:\java\openjfx-23.0.2_windows-x64_bin-sdk\javafx-sdk-23.0.2\bin\api-ms-win-core-handle-l1-1-0.dll
0x0000024a69fa0000 - 0x0000024a69fa3000 	C:\java\openjfx-23.0.2_windows-x64_bin-sdk\javafx-sdk-23.0.2\bin\api-ms-win-core-heap-l1-1-0.dll
0x0000024a69fb0000 - 0x0000024a69fb3000 	C:\java\openjfx-23.0.2_windows-x64_bin-sdk\javafx-sdk-23.0.2\bin\api-ms-win-core-interlocked-l1-1-0.dll
0x0000024a69fc0000 - 0x0000024a69fc3000 	C:\java\openjfx-23.0.2_windows-x64_bin-sdk\javafx-sdk-23.0.2\bin\api-ms-win-core-libraryloader-l1-1-0.dll
0x0000024a69fd0000 - 0x0000024a69fd3000 	C:\java\openjfx-23.0.2_windows-x64_bin-sdk\javafx-sdk-23.0.2\bin\api-ms-win-core-localization-l1-2-0.dll
0x0000024a69fe0000 - 0x0000024a69fe3000 	C:\java\openjfx-23.0.2_windows-x64_bin-sdk\javafx-sdk-23.0.2\bin\api-ms-win-core-memory-l1-1-0.dll
0x0000024a69ff0000 - 0x0000024a69ff3000 	C:\java\openjfx-23.0.2_windows-x64_bin-sdk\javafx-sdk-23.0.2\bin\api-ms-win-core-namedpipe-l1-1-0.dll
0x0000024a6e000000 - 0x0000024a6e003000 	C:\java\openjfx-23.0.2_windows-x64_bin-sdk\javafx-sdk-23.0.2\bin\api-ms-win-core-processenvironment-l1-1-0.dll
0x0000024a6e010000 - 0x0000024a6e013000 	C:\java\openjfx-23.0.2_windows-x64_bin-sdk\javafx-sdk-23.0.2\bin\api-ms-win-core-processthreads-l1-1-0.dll
0x0000024a6e020000 - 0x0000024a6e023000 	C:\java\openjfx-23.0.2_windows-x64_bin-sdk\javafx-sdk-23.0.2\bin\api-ms-win-core-processthreads-l1-1-1.dll
0x0000024a6e030000 - 0x0000024a6e033000 	C:\java\openjfx-23.0.2_windows-x64_bin-sdk\javafx-sdk-23.0.2\bin\api-ms-win-core-profile-l1-1-0.dll
0x0000024a6e040000 - 0x0000024a6e043000 	C:\java\openjfx-23.0.2_windows-x64_bin-sdk\javafx-sdk-23.0.2\bin\api-ms-win-core-rtlsupport-l1-1-0.dll
0x0000024a6e050000 - 0x0000024a6e053000 	C:\java\openjfx-23.0.2_windows-x64_bin-sdk\javafx-sdk-23.0.2\bin\api-ms-win-core-string-l1-1-0.dll
0x0000024a6e060000 - 0x0000024a6e063000 	C:\java\openjfx-23.0.2_windows-x64_bin-sdk\javafx-sdk-23.0.2\bin\api-ms-win-core-synch-l1-1-0.dll
0x0000024a6e070000 - 0x0000024a6e073000 	C:\java\openjfx-23.0.2_windows-x64_bin-sdk\javafx-sdk-23.0.2\bin\api-ms-win-core-synch-l1-2-0.dll
0x0000024a6e080000 - 0x0000024a6e083000 	C:\java\openjfx-23.0.2_windows-x64_bin-sdk\javafx-sdk-23.0.2\bin\api-ms-win-core-sysinfo-l1-1-0.dll
0x0000024a6e090000 - 0x0000024a6e093000 	C:\java\openjfx-23.0.2_windows-x64_bin-sdk\javafx-sdk-23.0.2\bin\api-ms-win-core-timezone-l1-1-0.dll
0x0000024a6e0a0000 - 0x0000024a6e0a3000 	C:\java\openjfx-23.0.2_windows-x64_bin-sdk\javafx-sdk-23.0.2\bin\api-ms-win-core-util-l1-1-0.dll
0x0000024a6e0b0000 - 0x0000024a6e0b3000 	C:\java\openjfx-23.0.2_windows-x64_bin-sdk\javafx-sdk-23.0.2\bin\api-ms-win-crt-conio-l1-1-0.dll
0x0000024a6e0c0000 - 0x0000024a6e0c4000 	C:\java\openjfx-23.0.2_windows-x64_bin-sdk\javafx-sdk-23.0.2\bin\api-ms-win-crt-convert-l1-1-0.dll
0x0000024a6e0d0000 - 0x0000024a6e0d3000 	C:\java\openjfx-23.0.2_windows-x64_bin-sdk\javafx-sdk-23.0.2\bin\api-ms-win-crt-environment-l1-1-0.dll
0x0000024a6e0e0000 - 0x0000024a6e0e3000 	C:\java\openjfx-23.0.2_windows-x64_bin-sdk\javafx-sdk-23.0.2\bin\api-ms-win-crt-filesystem-l1-1-0.dll
0x0000024a6e0f0000 - 0x0000024a6e0f3000 	C:\java\openjfx-23.0.2_windows-x64_bin-sdk\javafx-sdk-23.0.2\bin\api-ms-win-crt-heap-l1-1-0.dll
0x0000024a6e100000 - 0x0000024a6e103000 	C:\java\openjfx-23.0.2_windows-x64_bin-sdk\javafx-sdk-23.0.2\bin\api-ms-win-crt-locale-l1-1-0.dll
0x0000024a6e110000 - 0x0000024a6e115000 	C:\java\openjfx-23.0.2_windows-x64_bin-sdk\javafx-sdk-23.0.2\bin\api-ms-win-crt-math-l1-1-0.dll
0x0000024a6e120000 - 0x0000024a6e125000 	C:\java\openjfx-23.0.2_windows-x64_bin-sdk\javafx-sdk-23.0.2\bin\api-ms-win-crt-multibyte-l1-1-0.dll
0x0000024a6e130000 - 0x0000024a6e140000 	C:\java\openjfx-23.0.2_windows-x64_bin-sdk\javafx-sdk-23.0.2\bin\api-ms-win-crt-private-l1-1-0.dll
0x0000024a6e140000 - 0x0000024a6e143000 	C:\java\openjfx-23.0.2_windows-x64_bin-sdk\javafx-sdk-23.0.2\bin\api-ms-win-crt-process-l1-1-0.dll
0x0000024a6e150000 - 0x0000024a6e154000 	C:\java\openjfx-23.0.2_windows-x64_bin-sdk\javafx-sdk-23.0.2\bin\api-ms-win-crt-runtime-l1-1-0.dll
0x0000024a6e160000 - 0x0000024a6e164000 	C:\java\openjfx-23.0.2_windows-x64_bin-sdk\javafx-sdk-23.0.2\bin\api-ms-win-crt-stdio-l1-1-0.dll
0x0000024a6e170000 - 0x0000024a6e174000 	C:\java\openjfx-23.0.2_windows-x64_bin-sdk\javafx-sdk-23.0.2\bin\api-ms-win-crt-string-l1-1-0.dll
0x0000024a6e180000 - 0x0000024a6e183000 	C:\java\openjfx-23.0.2_windows-x64_bin-sdk\javafx-sdk-23.0.2\bin\api-ms-win-crt-time-l1-1-0.dll
0x0000024a6e190000 - 0x0000024a6e193000 	C:\java\openjfx-23.0.2_windows-x64_bin-sdk\javafx-sdk-23.0.2\bin\api-ms-win-crt-utility-l1-1-0.dll
0x00007fffdf060000 - 0x00007fffdf15c000 	C:\java\openjfx-23.0.2_windows-x64_bin-sdk\javafx-sdk-23.0.2\bin\ucrtbase.dll
0x00007ff810120000 - 0x00007ff81013b000 	C:\java\openjfx-23.0.2_windows-x64_bin-sdk\javafx-sdk-23.0.2\bin\vcruntime140.dll
0x00007ff8100f0000 - 0x00007ff8100fc000 	C:\java\openjfx-23.0.2_windows-x64_bin-sdk\javafx-sdk-23.0.2\bin\vcruntime140_1.dll
0x00007ff801000000 - 0x00007ff80108e000 	C:\java\openjfx-23.0.2_windows-x64_bin-sdk\javafx-sdk-23.0.2\bin\msvcp140.dll
0x00007ff8100e0000 - 0x00007ff8100e9000 	C:\java\openjfx-23.0.2_windows-x64_bin-sdk\javafx-sdk-23.0.2\bin\msvcp140_1.dll
0x00007ff8014d0000 - 0x00007ff801511000 	C:\java\openjfx-23.0.2_windows-x64_bin-sdk\javafx-sdk-23.0.2\bin\msvcp140_2.dll
0x00007ff80c840000 - 0x00007ff80c870000 	C:\java\openjfx-23.0.2_windows-x64_bin-sdk\javafx-sdk-23.0.2\bin\prism_d3d.dll
0x00007fffec5f0000 - 0x00007fffec79c000 	C:\WINDOWS\system32\d3d9.dll
0x00007ff812a00000 - 0x00007ff812a35000 	C:\WINDOWS\SYSTEM32\dwmapi.dll
0x00007ff812ab0000 - 0x00007ff812af7000 	C:\WINDOWS\SYSTEM32\dxcore.dll
0x00007ff812630000 - 0x00007ff8126de000 	C:\WINDOWS\system32\uxtheme.dll
0x00007fffdf380000 - 0x00007fffdf445000 	C:\WINDOWS\SYSTEM32\d3d9on12.dll
0x00007ff812880000 - 0x00007ff8129ae000 	C:\WINDOWS\SYSTEM32\dxgi.dll
0x00007fffdefc0000 - 0x00007fffdefe3000 	C:\WINDOWS\SYSTEM32\d3d12.dll
0x00007ff812800000 - 0x00007ff81285d000 	C:\WINDOWS\SYSTEM32\directxdatabasehelper.dll
0x00007ff8155a0000 - 0x00007ff8155ff000 	C:\WINDOWS\SYSTEM32\cfgmgr32.dll
0x00007fffded40000 - 0x00007fffdefb3000 	C:\WINDOWS\SYSTEM32\D3D12Core.dll
0x00007ff809ca0000 - 0x00007ff809cc6000 	C:\WINDOWS\System32\DriverStore\FileRepository\iigd_dch.inf_amd64_76c80f856e168f14\igd12umd64.dll
0x00007fff55950000 - 0x00007fff57a74000 	C:\WINDOWS\System32\DriverStore\FileRepository\iigd_dch.inf_amd64_76c80f856e168f14\igd12um64xel.dll
0x00007ff815cb0000 - 0x00007ff815e27000 	C:\WINDOWS\System32\CRYPT32.dll
0x00007ff817630000 - 0x00007ff8177c5000 	C:\WINDOWS\System32\ole32.dll
0x00007ff815270000 - 0x00007ff815296000 	C:\WINDOWS\SYSTEM32\bcrypt.dll
0x00007ff800040000 - 0x00007ff8001bb000 	C:\WINDOWS\SYSTEM32\drvstore.dll
0x00007ff801670000 - 0x00007ff801697000 	C:\WINDOWS\System32\DriverStore\FileRepository\iigd_dch.inf_amd64_76c80f856e168f14\igdext64.dll
0x00007ffffdca0000 - 0x00007ffffdd3c000 	C:\WINDOWS\System32\DriverStore\FileRepository\iigd_dch.inf_amd64_76c80f856e168f14\IntelControlLib.dll
0x00007ffffd800000 - 0x00007ffffdc3f000 	C:\WINDOWS\System32\DriverStore\FileRepository\iigd_dch.inf_amd64_76c80f856e168f14\igdgmm64.dll
0x00007ffffdc70000 - 0x00007ffffdc94000 	C:\WINDOWS\System32\DriverStore\FileRepository\iigd_dch.inf_amd64_76c80f856e168f14\igc64.dll
0x00007fffeffb0000 - 0x00007ffff471b000 	C:\WINDOWS\System32\DriverStore\FileRepository\iigd_dch.inf_amd64_76c80f856e168f14\igc1464.dll
0x00007fffdf1e0000 - 0x00007fffdf20e000 	C:\WINDOWS\SYSTEM32\D3DSCache.dll
0x00007ff814e30000 - 0x00007ff814e5b000 	C:\WINDOWS\SYSTEM32\USERENV.dll
0x00007fffb40f0000 - 0x00007fffb4410000 	C:\WINDOWS\System32\DriverStore\FileRepository\iigd_dch.inf_amd64_76c80f856e168f14\igd12dxva64.dll
0x00007ff817d30000 - 0x00007ff8181b6000 	C:\WINDOWS\System32\SETUPAPI.dll
0x00007fffd1fb0000 - 0x00007fffd3333000 	C:\WINDOWS\System32\DriverStore\FileRepository\iigd_dch.inf_amd64_76c80f856e168f14\igddxvacommon64.dll
0x00007fffd01d0000 - 0x00007fffd1efb000 	C:\WINDOWS\System32\DriverStore\FileRepository\iigd_dch.inf_amd64_76c80f856e168f14\media_bin_64.dll
0x00007fffcfeb0000 - 0x00007fffcfed7000 	C:\WINDOWS\System32\DriverStore\FileRepository\iigd_dch.inf_amd64_76c80f856e168f14\igdinfo64.dll
0x00007ff815030000 - 0x00007ff81504c000 	C:\WINDOWS\SYSTEM32\CRYPTSP.dll
0x00007ff8147a0000 - 0x00007ff8147da000 	C:\WINDOWS\system32\rsaenh.dll
0x00007ff815050000 - 0x00007ff81505c000 	C:\WINDOWS\SYSTEM32\CRYPTBASE.dll
0x00007ffffd280000 - 0x00007ffffd2c5000 	C:\java\openjfx-23.0.2_windows-x64_bin-sdk\javafx-sdk-23.0.2\bin\glass.dll
0x00007ff8178b0000 - 0x00007ff8179a1000 	C:\WINDOWS\System32\COMDLG32.dll
0x00007ff8179b0000 - 0x00007ff817b0b000 	C:\WINDOWS\System32\MSCTF.dll
0x00007ff816d60000 - 0x00007ff816e08000 	C:\WINDOWS\System32\clbcatq.dll

dbghelp: loaded successfully - version: 4.0.5 - missing functions: none
symbol engine: initialized successfully - sym options: 0x614 - pdb path: .;C:\Users\Lenovo\Documents\eclipse\plugins\org.eclipse.justj.openjdk.hotspot.jre.full.win32.x86_64_21.0.6.v20250130-0529\jre\bin;C:\WINDOWS\SYSTEM32;C:\WINDOWS\WinSxS\amd64_microsoft.windows.common-controls_6595b64144ccf1df_6.0.26100.3323_none_3e088096e3344490;C:\Users\Lenovo\Documents\eclipse\plugins\org.eclipse.justj.openjdk.hotspot.jre.full.win32.x86_64_21.0.6.v20250130-0529\jre\bin\server;C:\java\openjfx-23.0.2_windows-x64_bin-sdk\javafx-sdk-23.0.2\bin;C:\WINDOWS\System32\DriverStore\FileRepository\iigd_dch.inf_amd64_76c80f856e168f14;C:\Program Files\Common Files\Microsoft Shared\Ink;C:\WINDOWS\WinSxS\amd64_microsoft.windows.gdiplus_6595b64144ccf1df_1.1.26100.3323_none_6ef3737c3dc6be5e;C:\Program Files\Microsoft OneDrive\25.041.0303.0002;C:\Program Files (x86)\Common Files\Adobe\CoreSyncExtension

VM Arguments:
jvm_args: --module-path=C:\java\openjfx-23.0.2_windows-x64_bin-sdk\javafx-sdk-23.0.2\lib --add-modules=javafx.controls,javafx.fxml --add-exports=javafx.base/com.sun.javafx=ALL-UNNAMED --add-exports=javafx.graphics/com.sun.glass.utils=ALL-UNNAMED --add-modules=javafx.fxml --add-exports=javafx.base/com.sun.javafx=ALL-UNNAMED -Dfile.encoding=UTF-8 -Dstdout.encoding=UTF-8 -Dstderr.encoding=UTF-8 --module-path=C:\Users\Lenovo\Documents\eclipse\plugins\org.eclipse.fx.ide.css.jfx8_3.8.0.202204150904.jar;D:\mysql-connector-j-9.2.0\mysql-connector-j-9.2.0\mysql-connector-j-9.2.0.jar;C:\java\openjfx-23.0.2_windows-x64_bin-sdk\javafx-sdk-23.0.2\lib\javafx.base.jar;C:\java\openjfx-23.0.2_windows-x64_bin-sdk\javafx-sdk-23.0.2\lib\javafx.controls.jar;C:\java\openjfx-23.0.2_windows-x64_bin-sdk\javafx-sdk-23.0.2\lib\javafx.fxml.jar;C:\java\openjfx-23.0.2_windows-x64_bin-sdk\javafx-sdk-23.0.2\lib\javafx.graphics.jar;C:\java\openjfx-23.0.2_windows-x64_bin-sdk\javafx-sdk-23.0.2\lib\javafx.media.jar;C:\java\openjfx-23.0.2_windows-x64_bin-sdk\javafx-sdk-23.0.2\lib\javafx.swing.jar;C:\java\openjfx-23.0.2_windows-x64_bin-sdk\javafx-sdk-23.0.2\lib\javafx.web.jar;C:\java\openjfx-23.0.2_windows-x64_bin-sdk\javafx-sdk-23.0.2\lib\javafx-swt.jar;C:\Users\Lenovo\Downloads\jlayer-1.0.1.jar -XX:+ShowCodeDetailsInExceptionMessages 
java_command: nepic.MainApp
java_class_path (initial): D:\git\Nepic\Javafx_Nepic\target\classes;C:\Users\Lenovo\Documents\eclipse\plugins\junit-jupiter-api_5.11.4.jar;C:\Users\Lenovo\Documents\eclipse\plugins\junit-jupiter-engine_5.11.4.jar;C:\Users\Lenovo\Documents\eclipse\plugins\junit-jupiter-migrationsupport_5.11.4.jar;C:\Users\Lenovo\Documents\eclipse\plugins\junit-jupiter-params_5.11.4.jar;C:\Users\Lenovo\Documents\eclipse\plugins\junit-platform-commons_1.11.4.jar;C:\Users\Lenovo\Documents\eclipse\plugins\junit-platform-engine_1.11.4.jar;C:\Users\Lenovo\Documents\eclipse\plugins\junit-platform-launcher_1.11.4.jar;C:\Users\Lenovo\Documents\eclipse\plugins\junit-platform-runner_1.11.4.jar;C:\Users\Lenovo\Documents\eclipse\plugins\junit-platform-suite-api_1.11.4.jar;C:\Users\Lenovo\Documents\eclipse\plugins\junit-platform-suite-engine_1.11.4.jar;C:\Users\Lenovo\Documents\eclipse\plugins\junit-platform-suite-commons_1.11.4.jar;C:\Users\Lenovo\Documents\eclipse\plugins\junit-vintage-engine_5.11.4.jar;C:\Users\Lenovo\Documents\eclipse\plugins\org.opentest4j_1.3.0.jar;C:\Users\Lenovo\Documents\eclipse\plugins\org.apiguardian.api_1.1.2.jar;C:\Users\Lenovo\Documents\eclipse\plugins\org.junit_4.13.2.v20240929-1000.jar;C:\Users\Lenovo\Documents\eclipse\plugins\org.hamcrest_3.0.0.jar;C:\java\openjfx-23.0.2_windows-x64_bin-sdk\javafx-sdk-23.0.2\lib\javafx.base.jar;C:\java\openjfx-23.0.2_windows-x64_bin-sdk\javafx-sdk-23.0.2\lib\javafx.controls.jar;C:\java\openjfx-23.0.2_windows-x64_bin-sdk\javafx-sdk-23.0.2\lib\javafx.fxml.jar;C:\java\openjfx-23.0.2_windows-x64_bin-sdk\javafx-sdk-23.0.2\lib\javafx.graphics.jar;C:\java\openjfx-23.0.2_windows-x64_bin-sdk\javafx-sdk-23.0.2\lib\javafx.media.jar;C:\java\openjfx-23.0.2_windows-x64_bin-sdk\javafx-sdk-23.0.2\lib\javafx.swing.jar;C:\java\openjfx-23.0.2_windows-x64_bin-sdk\javafx-sdk-23.0.2\lib\javafx.web.jar;C:\java\openjfx-23.0.2_windows-x64_bin-sdk\javafx-sdk-23.0.2\lib\javafx-swt.jar
Launcher Type: SUN_STANDARD

[Global flags]
     intx CICompilerCount                          = 4                                         {product} {ergonomic}
     uint ConcGCThreads                            = 3                                         {product} {ergonomic}
     uint G1ConcRefinementThreads                  = 10                                        {product} {ergonomic}
   size_t G1HeapRegionSize                         = 4194304                                   {product} {ergonomic}
    uintx GCDrainStackTargetSize                   = 64                                        {product} {ergonomic}
   size_t InitialHeapSize                          = 398458880                                 {product} {ergonomic}
   size_t MarkStackSize                            = 4194304                                   {product} {ergonomic}
   size_t MaxHeapSize                              = 6366953472                                {product} {ergonomic}
   size_t MaxNewSize                               = 3816816640                                {product} {ergonomic}
   size_t MinHeapDeltaBytes                        = 4194304                                   {product} {ergonomic}
   size_t MinHeapSize                              = 8388608                                   {product} {ergonomic}
    uintx NonNMethodCodeHeapSize                   = 5839372                                {pd product} {ergonomic}
    uintx NonProfiledCodeHeapSize                  = 122909434                              {pd product} {ergonomic}
    uintx ProfiledCodeHeapSize                     = 122909434                              {pd product} {ergonomic}
    uintx ReservedCodeCacheSize                    = 251658240                              {pd product} {ergonomic}
     bool SegmentedCodeCache                       = true                                      {product} {ergonomic}
     bool ShowCodeDetailsInExceptionMessages       = true                                   {manageable} {command line}
   size_t SoftMaxHeapSize                          = 6366953472                             {manageable} {ergonomic}
     bool UseCompressedOops                        = true                           {product lp64_product} {ergonomic}
     bool UseG1GC                                  = true                                      {product} {ergonomic}
     bool UseLargePagesIndividualAllocation        = false                                  {pd product} {ergonomic}

Logging:
Log output configuration:
 #0: stdout all=warning uptime,level,tags foldmultilines=false
 #1: stderr all=off uptime,level,tags foldmultilines=false

Environment Variables:
JAVA_HOME=C:\Program Files\Java\jdk-21.0.5
PATH=C:/Users/Lenovo/Documents/eclipse//plugins/org.eclipse.justj.openjdk.hotspot.jre.full.win32.x86_64_21.0.6.v20250130-0529/jre/bin/server;C:/Users/Lenovo/Documents/eclipse//plugins/org.eclipse.justj.openjdk.hotspot.jre.full.win32.x86_64_21.0.6.v20250130-0529/jre/bin;C:\Program Files (x86)\Common Files\Intel\Shared Libraries\redist\intel64\compiler;C:\Program Files\Common Files\Oracle\Java\javapath;C:\WINDOWS\system32;C:\WINDOWS;C:\WINDOWS\System32\Wbem;C:\WINDOWS\System32\WindowsPowerShell\v1.0\;C:\WINDOWS\System32\OpenSSH\;C:\Program Files\Java\jdk-21.0.5\bin;C:\Users\Lenovo\Documents\gradle-8.13-all\gradle-8.13\bin;C:\Program Files\Git\cmd;C:\Program Files\Java\jdk-21.0.5\bin;C:\Program Files\Common Files\Oracle\Java\javapath;C:\Windows\system32;C:\Windows;C:\Windows\System32\Wbem;C:\Windows\System32\WindowsPowerShell\v1.0\;C:\Windows\System32\OpenSSH\;C:\Program Files\Java\jdk-21\bin;C:\Program Files\MySQL\MySQL Server 8.0\bin;C:\Users\Lenovo\AppData\Local\Microsoft\WindowsApps;C:\Users\Lenovo\Documents\gradle-8.13-all\gradle-8.13\bin;;C:\Users\Lenovo\Documents\eclipse;
USERNAME=Lenovo
OS=Windows_NT
PROCESSOR_IDENTIFIER=Intel64 Family 6 Model 151 Stepping 2, GenuineIntel
TMP=C:\Users\Lenovo\AppData\Local\Temp
TEMP=C:\Users\Lenovo\AppData\Local\Temp




Periodic native trim disabled

---------------  S Y S T E M  ---------------

OS:
 Windows 11 , 64 bit Build 26100 (10.0.26100.3323)
OS uptime: 1 days 2:24 hours
Hyper-V role detected

CPU: total 12 (initial active 12) (6 cores per cpu, 2 threads per core) family 6 model 151 stepping 2 microcode 0x37, cx8, cmov, fxsr, ht, mmx, 3dnowpref, sse, sse2, sse3, ssse3, sse4.1, sse4.2, popcnt, lzcnt, tsc, tscinvbit, avx, avx2, aes, erms, clmul, bmi1, bmi2, adx, sha, fma, vzeroupper, clflush, clflushopt, clwb, hv, serialize, rdtscp, rdpid, fsrm, f16c, cet_ibt, cet_ss
Processor Information for the first 12 processors :
  Max Mhz: 2400, Current Mhz: 2400, Mhz Limit: 2400

Memory: 4k page, system-wide physical 24283M (7130M free)
TotalPageFile size 24283M (AvailPageFile size 35M)
current process WorkingSet (physical memory assigned to process): 218M, peak: 538M
current process commit charge ("private bytes"): 586M, peak: 714M

vm_info: OpenJDK 64-Bit Server VM (21.0.6+7-LTS) for windows-amd64 JRE (21.0.6+7-LTS), built on 2025-01-21T00:00:00Z by "admin" with MS VC++ 17.7 (VS2022)

END.
