#
# There is insufficient memory for the Java Runtime Environment to continue.
# Native memory allocation (malloc) failed to allocate 32784 bytes. Error detail: Chunk::new
# Possible reasons:
#   The system is out of physical RAM or swap space
#   This process is running with CompressedOops enabled, and the Java Heap may be blocking the growth of the native heap
# Possible solutions:
#   Reduce memory load on the system
#   Increase physical memory or swap space
#   Check if swap backing store is full
#   Decrease Java heap size (-Xmx/-Xms)
#   Decrease number of Java threads
#   Decrease Java thread stack sizes (-Xss)
#   Set larger code cache with -XX:ReservedCodeCacheSize=
#   JVM is running with Zero Based Compressed Oops mode in which the Java heap is
#     placed in the first 32GB address space. The Java Heap base address is the
#     maximum limit for the native heap growth. Please use -XX:HeapBaseMinAddress
#     to set the Java Heap base and to place the Java Heap above 32GB virtual address.
# This output file may be truncated or incomplete.
#
#  Out of Memory Error (arena.cpp:168), pid=19884, tid=19600
#
# JRE version: OpenJDK Runtime Environment Temurin-21.0.6+7 (21.0.6+7) (build 21.0.6+7-LTS)
# Java VM: OpenJDK 64-Bit Server VM Temurin-21.0.6+7 (21.0.6+7-LTS, mixed mode, sharing, tiered, compressed oops, compressed class ptrs, g1 gc, windows-amd64)
# No core dump will be written. Minidumps are not enabled by default on client versions of Windows
#

---------------  S U M M A R Y ------------

Command Line: --module-path=C:\java\openjfx-23.0.2_windows-x64_bin-sdk\javafx-sdk-23.0.2\lib --add-modules=javafx.controls,javafx.fxml --add-exports=javafx.base/com.sun.javafx=ALL-UNNAMED --add-exports=javafx.graphics/com.sun.glass.utils=ALL-UNNAMED --add-modules=javafx.fxml --add-exports=javafx.base/com.sun.javafx=ALL-UNNAMED -Dfile.encoding=UTF-8 -Dstdout.encoding=UTF-8 -Dstderr.encoding=UTF-8 --module-path=C:\Users\Lenovo\Documents\eclipse\plugins\org.eclipse.fx.ide.css.jfx8_3.8.0.202204150904.jar;D:\mysql-connector-j-9.2.0\mysql-connector-j-9.2.0\mysql-connector-j-9.2.0.jar;C:\java\openjfx-23.0.2_windows-x64_bin-sdk\javafx-sdk-23.0.2\lib\javafx.base.jar;C:\java\openjfx-23.0.2_windows-x64_bin-sdk\javafx-sdk-23.0.2\lib\javafx.controls.jar;C:\java\openjfx-23.0.2_windows-x64_bin-sdk\javafx-sdk-23.0.2\lib\javafx.fxml.jar;C:\java\openjfx-23.0.2_windows-x64_bin-sdk\javafx-sdk-23.0.2\lib\javafx.graphics.jar;C:\java\openjfx-23.0.2_windows-x64_bin-sdk\javafx-sdk-23.0.2\lib\javafx.media.jar;C:\java\openjfx-23.0.2_windows-x64_bin-sdk\javafx-sdk-23.0.2\lib\javafx.swing.jar;C:\java\openjfx-23.0.2_windows-x64_bin-sdk\javafx-sdk-23.0.2\lib\javafx.web.jar;C:\java\openjfx-23.0.2_windows-x64_bin-sdk\javafx-sdk-23.0.2\lib\javafx-swt.jar;C:\Users\Lenovo\Downloads\jlayer-1.0.1.jar -XX:+ShowCodeDetailsInExceptionMessages nepic.MainApp

Host: 12th Gen Intel(R) Core(TM) i5-12450HX, 12 cores, 23G,  Windows 11 , 64 bit Build 26100 (10.0.26100.3323)
Time: Thu Apr  3 19:23:26 2025 Nepal Standard Time elapsed time: 8788.484518 seconds (0d 2h 26m 28s)

---------------  T H R E A D  ---------------

Current thread (0x000001ac44097550):  JavaThread "C2 CompilerThread0" daemon [_thread_in_native, id=19600, stack(0x00000004e9300000,0x00000004e9400000) (1024K)]


Current CompileTask:
C2:8788484 6053  s    4       com.sun.scenario.effect.impl.Renderer::getPeerInstance (108 bytes)

Stack: [0x00000004e9300000,0x00000004e9400000]
Native frames: (J=compiled Java code, j=interpreted, Vv=VM code, C=native code)
V  [jvm.dll+0x6cdee9]
V  [jvm.dll+0x8a83d1]
V  [jvm.dll+0x8aa8fe]
V  [jvm.dll+0x8aafe3]
V  [jvm.dll+0x27f706]
V  [jvm.dll+0xc500d]
V  [jvm.dll+0xc5543]
V  [jvm.dll+0xc5135]
V  [jvm.dll+0x6f51df]
V  [jvm.dll+0x1cba53]
V  [jvm.dll+0x6f5fb0]
V  [jvm.dll+0x60930f]
V  [jvm.dll+0x605223]
V  [jvm.dll+0x5ec490]
V  [jvm.dll+0x5f075a]
V  [jvm.dll+0x5efe9d]
V  [jvm.dll+0x5efd80]
V  [jvm.dll+0x5eff00]
V  [jvm.dll+0x5f7204]
V  [jvm.dll+0x250bb2]
V  [jvm.dll+0x24965f]
V  [jvm.dll+0x246ec4]
V  [jvm.dll+0x1c75ee]
V  [jvm.dll+0x25685a]
V  [jvm.dll+0x254dfa]
V  [jvm.dll+0x3f0256]
V  [jvm.dll+0x851f8b]
V  [jvm.dll+0x6cc5ed]
C  [ucrtbase.dll+0x37b0]
C  [KERNEL32.DLL+0x2e8d7]
C  [ntdll.dll+0xbbf6c]


---------------  P R O C E S S  ---------------

Threads class SMR info:
_java_thread_list=0x000001ac44331eb0, length=19, elements={
0x000001ac26e40d00, 0x000001ac43c3bb80, 0x000001ac43c3e5e0, 0x000001ac440884a0,
0x000001ac44088ef0, 0x000001ac44089940, 0x000001ac4408b3a0, 0x000001ac44097550,
0x000001ac44099c00, 0x000001ac44175000, 0x000001ac442e2b20, 0x000001ac44771f20,
0x000001ac8a5c1360, 0x000001ac8a5c1dd0, 0x000001ac8a7cbc60, 0x000001ac8a7ccef0,
0x000001ac926ba570, 0x000001ac927b3620, 0x000001ac927b49d0
}

Java Threads: ( => current thread )
  0x000001ac26e40d00 JavaThread "main"                              [_thread_blocked, id=20540, stack(0x00000004e8500000,0x00000004e8600000) (1024K)]
  0x000001ac43c3bb80 JavaThread "Reference Handler"          daemon [_thread_blocked, id=16708, stack(0x00000004e8d00000,0x00000004e8e00000) (1024K)]
  0x000001ac43c3e5e0 JavaThread "Finalizer"                  daemon [_thread_blocked, id=18288, stack(0x00000004e8e00000,0x00000004e8f00000) (1024K)]
  0x000001ac440884a0 JavaThread "Signal Dispatcher"          daemon [_thread_blocked, id=20884, stack(0x00000004e8f00000,0x00000004e9000000) (1024K)]
  0x000001ac44088ef0 JavaThread "Attach Listener"            daemon [_thread_blocked, id=16976, stack(0x00000004e9000000,0x00000004e9100000) (1024K)]
  0x000001ac44089940 JavaThread "Service Thread"             daemon [_thread_blocked, id=12220, stack(0x00000004e9100000,0x00000004e9200000) (1024K)]
  0x000001ac4408b3a0 JavaThread "Monitor Deflation Thread"   daemon [_thread_blocked, id=1120, stack(0x00000004e9200000,0x00000004e9300000) (1024K)]
=>0x000001ac44097550 JavaThread "C2 CompilerThread0"         daemon [_thread_in_native, id=19600, stack(0x00000004e9300000,0x00000004e9400000) (1024K)]
  0x000001ac44099c00 JavaThread "C1 CompilerThread0"         daemon [_thread_blocked, id=22008, stack(0x00000004e9400000,0x00000004e9500000) (1024K)]
  0x000001ac44175000 JavaThread "Common-Cleaner"             daemon [_thread_blocked, id=16876, stack(0x00000004e9500000,0x00000004e9600000) (1024K)]
  0x000001ac442e2b20 JavaThread "Notification Thread"        daemon [_thread_blocked, id=1028, stack(0x00000004e9800000,0x00000004e9900000) (1024K)]
  0x000001ac44771f20 JavaThread "QuantumRenderer-0"          daemon [_thread_in_native, id=21748, stack(0x00000004e9900000,0x00000004e9a00000) (1024K)]
  0x000001ac8a5c1360 JavaThread "InvokeLaterDispatcher"      daemon [_thread_blocked, id=16504, stack(0x00000004e9600000,0x00000004e9700000) (1024K)]
  0x000001ac8a5c1dd0 JavaThread "JavaFX Application Thread"         [_thread_blocked, id=20164, stack(0x00000004e9700000,0x00000004e9800000) (1024K)]
  0x000001ac8a7cbc60 JavaThread "JavaFX-Launcher"                   [_thread_blocked, id=22408, stack(0x00000004ea800000,0x00000004ea900000) (1024K)]
  0x000001ac8a7ccef0 JavaThread "Thread-2"                   daemon [_thread_in_native, id=14764, stack(0x00000004e9f00000,0x00000004ea000000) (1024K)]
  0x000001ac926ba570 JavaThread "Prism Font Disposer"        daemon [_thread_blocked, id=3520, stack(0x00000004eae00000,0x00000004eaf00000) (1024K)]
  0x000001ac927b3620 JavaThread "Cleaner-0"                  daemon [_thread_blocked, id=2980, stack(0x00000004eb000000,0x00000004eb100000) (1024K)]
  0x000001ac927b49d0 JavaThread "mysql-cj-abandoned-connection-cleanup" daemon [_thread_blocked, id=14628, stack(0x00000004ea900000,0x00000004eaa00000) (1024K)]
Total: 19

Other Threads:
  0x000001ac249321d0 VMThread "VM Thread"                           [id=12168, stack(0x00000004e8c00000,0x00000004e8d00000) (1024K)]
  0x000001ac43c14e30 WatcherThread "VM Periodic Task Thread"        [id=15332, stack(0x00000004e8b00000,0x00000004e8c00000) (1024K)]
  0x000001ac24930fb0 WorkerThread "GC Thread#0"                     [id=4780, stack(0x00000004e8600000,0x00000004e8700000) (1024K)]
  0x000001ac249316f0 WorkerThread "GC Thread#1"                     [id=21744, stack(0x00000004ea000000,0x00000004ea100000) (1024K)]
  0x000001ac24931350 WorkerThread "GC Thread#2"                     [id=21292, stack(0x00000004ea100000,0x00000004ea200000) (1024K)]
  0x000001ac8a802bd0 WorkerThread "GC Thread#3"                     [id=11276, stack(0x00000004ea200000,0x00000004ea300000) (1024K)]
  0x000001ac8a800ed0 WorkerThread "GC Thread#4"                     [id=13336, stack(0x00000004ea300000,0x00000004ea400000) (1024K)]
  0x000001ac8a801d50 WorkerThread "GC Thread#5"                     [id=5152, stack(0x00000004ea400000,0x00000004ea500000) (1024K)]
  0x000001ac8a801610 WorkerThread "GC Thread#6"                     [id=21228, stack(0x00000004ea500000,0x00000004ea600000) (1024K)]
  0x000001ac8a802f70 WorkerThread "GC Thread#7"                     [id=11332, stack(0x00000004ea600000,0x00000004ea700000) (1024K)]
  0x000001ac8a8003f0 WorkerThread "GC Thread#8"                     [id=16860, stack(0x00000004ea700000,0x00000004ea800000) (1024K)]
  0x000001ac8a7ff910 WorkerThread "GC Thread#9"                     [id=19620, stack(0x00000004eaf00000,0x00000004eb000000) (1024K)]
  0x000001ac26ed3430 ConcurrentGCThread "G1 Main Marker"            [id=22216, stack(0x00000004e8700000,0x00000004e8800000) (1024K)]
  0x000001ac24931e30 WorkerThread "G1 Conc#0"                       [id=12760, stack(0x00000004e8800000,0x00000004e8900000) (1024K)]
  0x000001ac8a800050 WorkerThread "G1 Conc#1"                       [id=3240, stack(0x00000004eb200000,0x00000004eb300000) (1024K)]
  0x000001ac8a8020f0 WorkerThread "G1 Conc#2"                       [id=17680, stack(0x00000004eb300000,0x00000004eb400000) (1024K)]
  0x000001ac43ae93b0 ConcurrentGCThread "G1 Refine#0"               [id=21360, stack(0x00000004e8900000,0x00000004e8a00000) (1024K)]
  0x000001ac43aebbe0 ConcurrentGCThread "G1 Service"                [id=9284, stack(0x00000004e8a00000,0x00000004e8b00000) (1024K)]
Total: 18

Threads with active compile tasks:
C2 CompilerThread0  8788517 6053  s    4       com.sun.scenario.effect.impl.Renderer::getPeerInstance (108 bytes)
Total: 1

VM state: not at safepoint (normal execution)

VM Mutex/Monitor currently owned by a thread: None

Heap address: 0x0000000684800000, size: 6072 MB, Compressed Oops mode: Zero based, Oop shift amount: 3

CDS archive(s) mapped at: [0x000001ac45000000-0x000001ac45c80000-0x000001ac45c80000), size 13107200, SharedBaseAddress: 0x000001ac45000000, ArchiveRelocationMode: 1.
Compressed class space mapped at: 0x000001ac46000000-0x000001ac86000000, reserved size: 1073741824
Narrow klass base: 0x000001ac45000000, Narrow klass shift: 0, Narrow klass range: 0x100000000

GC Precious Log:
 CardTable entry size: 512
 Card Set container configuration: InlinePtr #cards 4 size 8 Array Of Cards #cards 32 size 80 Howl #buckets 8 coarsen threshold 7372 Howl Bitmap #cards 1024 size 144 coarsen threshold 921 Card regions per heap region 1 cards per card region 8192
 CPUs: 12 total, 12 available
 Memory: 24283M
 Large Page Support: Disabled
 NUMA Support: Disabled
 Compressed Oops: Enabled (Zero based)
 Heap Region Size: 4M
 Heap Min Capacity: 8M
 Heap Initial Capacity: 380M
 Heap Max Capacity: 6072M
 Pre-touch: Disabled
 Parallel Workers: 10
 Concurrent Workers: 3
 Concurrent Refinement Workers: 10
 Periodic GC: Disabled

Heap:
 garbage-first heap   total 122880K, used 68220K [0x0000000684800000, 0x0000000800000000)
  region size 4096K, 7 young (28672K), 1 survivors (4096K)
 Metaspace       used 28292K, committed 28736K, reserved 1114112K
  class space    used 3816K, committed 4032K, reserved 1048576K

Heap Regions: E=young(eden), S=young(survivor), O=old, HS=humongous(starts), HC=humongous(continues), CS=collection set, F=free, TAMS=top-at-mark-start, PB=parsable bottom
|   0|0x0000000684800000, 0x0000000684c00000, 0x0000000684c00000|100%|HS|  |TAMS 0x0000000684800000| PB 0x0000000684800000| Complete 
|   1|0x0000000684c00000, 0x0000000685000000, 0x0000000685000000|100%| O|  |TAMS 0x0000000684c00000| PB 0x0000000684c00000| Untracked 
|   2|0x0000000685000000, 0x0000000685400000, 0x0000000685400000|100%| O|  |TAMS 0x0000000685000000| PB 0x0000000685000000| Untracked 
|   3|0x0000000685400000, 0x0000000685800000, 0x0000000685800000|100%| O|  |TAMS 0x0000000685400000| PB 0x0000000685400000| Untracked 
|   4|0x0000000685800000, 0x0000000685c00000, 0x0000000685c00000|100%| O|  |TAMS 0x0000000685800000| PB 0x0000000685800000| Untracked 
|   5|0x0000000685c00000, 0x0000000685c00000, 0x0000000686000000|  0%| F|  |TAMS 0x0000000685c00000| PB 0x0000000685c00000| Untracked 
|   6|0x0000000686000000, 0x0000000686400000, 0x0000000686400000|100%| O|  |TAMS 0x0000000686000000| PB 0x0000000686000000| Untracked 
|   7|0x0000000686400000, 0x00000006865c5ea8, 0x0000000686800000| 44%| O|  |TAMS 0x0000000686400000| PB 0x0000000686400000| Untracked 
|   8|0x0000000686800000, 0x0000000686800000, 0x0000000686c00000|  0%| F|  |TAMS 0x0000000686800000| PB 0x0000000686800000| Untracked 
|   9|0x0000000686c00000, 0x0000000687000000, 0x0000000687000000|100%|HS|  |TAMS 0x0000000686c00000| PB 0x0000000686c00000| Complete 
|  10|0x0000000687000000, 0x0000000687400000, 0x0000000687400000|100%|HC|  |TAMS 0x0000000687000000| PB 0x0000000687000000| Complete 
|  11|0x0000000687400000, 0x0000000687800000, 0x0000000687800000|100%|HC|  |TAMS 0x0000000687400000| PB 0x0000000687400000| Complete 
|  12|0x0000000687800000, 0x0000000687c00000, 0x0000000687c00000|100%|HC|  |TAMS 0x0000000687800000| PB 0x0000000687800000| Complete 
|  13|0x0000000687c00000, 0x0000000688000000, 0x0000000688000000|100%|HC|  |TAMS 0x0000000687c00000| PB 0x0000000687c00000| Complete 
|  14|0x0000000688000000, 0x00000006880d9458, 0x0000000688400000| 21%| S|CS|TAMS 0x0000000688000000| PB 0x0000000688000000| Complete 
|  15|0x0000000688400000, 0x0000000688400000, 0x0000000688800000|  0%| F|  |TAMS 0x0000000688400000| PB 0x0000000688400000| Untracked 
|  16|0x0000000688800000, 0x0000000688800000, 0x0000000688c00000|  0%| F|  |TAMS 0x0000000688800000| PB 0x0000000688800000| Untracked 
|  17|0x0000000688c00000, 0x0000000688c00000, 0x0000000689000000|  0%| F|  |TAMS 0x0000000688c00000| PB 0x0000000688c00000| Untracked 
|  18|0x0000000689000000, 0x0000000689000000, 0x0000000689400000|  0%| F|  |TAMS 0x0000000689000000| PB 0x0000000689000000| Untracked 
|  19|0x0000000689400000, 0x0000000689400000, 0x0000000689800000|  0%| F|  |TAMS 0x0000000689400000| PB 0x0000000689400000| Untracked 
|  20|0x0000000689800000, 0x0000000689800000, 0x0000000689c00000|  0%| F|  |TAMS 0x0000000689800000| PB 0x0000000689800000| Untracked 
|  21|0x0000000689c00000, 0x0000000689c00000, 0x000000068a000000|  0%| F|  |TAMS 0x0000000689c00000| PB 0x0000000689c00000| Untracked 
|  22|0x000000068a000000, 0x000000068a000000, 0x000000068a400000|  0%| F|  |TAMS 0x000000068a000000| PB 0x000000068a000000| Untracked 
|  23|0x000000068a400000, 0x000000068a400000, 0x000000068a800000|  0%| F|  |TAMS 0x000000068a400000| PB 0x000000068a400000| Untracked 
|  24|0x000000068a800000, 0x000000068a91a408, 0x000000068ac00000| 27%| E|  |TAMS 0x000000068a800000| PB 0x000000068a800000| Complete 
|  80|0x0000000698800000, 0x0000000698c00000, 0x0000000698c00000|100%| E|CS|TAMS 0x0000000698800000| PB 0x0000000698800000| Complete 
|  83|0x0000000699400000, 0x0000000699800000, 0x0000000699800000|100%| E|CS|TAMS 0x0000000699400000| PB 0x0000000699400000| Complete 
|  84|0x0000000699800000, 0x0000000699c00000, 0x0000000699c00000|100%| E|CS|TAMS 0x0000000699800000| PB 0x0000000699800000| Complete 
|  85|0x0000000699c00000, 0x000000069a000000, 0x000000069a000000|100%| E|CS|TAMS 0x0000000699c00000| PB 0x0000000699c00000| Complete 
|  94|0x000000069c000000, 0x000000069c400000, 0x000000069c400000|100%| E|CS|TAMS 0x000000069c000000| PB 0x000000069c000000| Complete 

Card table byte_map: [0x000001ac3a900000,0x000001ac3b4e0000] _byte_map_base: 0x000001ac374dc000

Marking Bits: (CMBitMap*) 0x000001ac26ec6d90
 Bits: [0x000001ac3b4e0000, 0x000001ac413c0000)

Polling page: 0x000001ac24c40000

Metaspace:

Usage:
  Non-class:     23.90 MB used.
      Class:      3.73 MB used.
       Both:     27.63 MB used.

Virtual space:
  Non-class space:       64.00 MB reserved,      24.12 MB ( 38%) committed,  1 nodes.
      Class space:        1.00 GB reserved,       3.94 MB ( <1%) committed,  1 nodes.
             Both:        1.06 GB reserved,      28.06 MB (  3%) committed. 

Chunk freelists:
   Non-Class:  7.66 MB
       Class:  12.03 MB
        Both:  19.69 MB

MaxMetaspaceSize: unlimited
CompressedClassSpaceSize: 1.00 GB
Initial GC threshold: 21.00 MB
Current GC threshold: 46.81 MB
CDS: on
 - commit_granule_bytes: 65536.
 - commit_granule_words: 8192.
 - virtual_space_node_default_size: 8388608.
 - enlarge_chunks_in_place: 1.
 - use_allocation_guard: 0.


Internal statistics:

num_allocs_failed_limit: 3.
num_arena_births: 418.
num_arena_deaths: 0.
num_vsnodes_births: 2.
num_vsnodes_deaths: 0.
num_space_committed: 449.
num_space_uncommitted: 0.
num_chunks_returned_to_freelist: 3.
num_chunks_taken_from_freelist: 1282.
num_chunk_merges: 3.
num_chunk_splits: 872.
num_chunks_enlarged: 641.
num_inconsistent_stats: 0.

CodeHeap 'non-profiled nmethods': size=120000Kb used=3675Kb max_used=3983Kb free=116324Kb
 bounds [0x000001ac322a0000, 0x000001ac32690000, 0x000001ac397d0000]
CodeHeap 'profiled nmethods': size=120000Kb used=8266Kb max_used=11887Kb free=111733Kb
 bounds [0x000001ac2a7d0000, 0x000001ac2b370000, 0x000001ac31d00000]
CodeHeap 'non-nmethods': size=5760Kb used=1946Kb max_used=2019Kb free=3813Kb
 bounds [0x000001ac31d00000, 0x000001ac31f70000, 0x000001ac322a0000]
 total_blobs=5817 nmethods=4891 adapters=830
 compilation: enabled
              stopped_count=0, restarted_count=0
 full_count=0

Compilation events (20 events):
Event: 7716.453 Thread 0x000001ac44099c00 nmethod 6042 0x000001ac2a87f510 code [0x000001ac2a87f720, 0x000001ac2a87fe00]
Event: 7717.141 Thread 0x000001ac44099c00 6043       1       javafx.scene.layout.BorderStroke::getRadii (5 bytes)
Event: 7717.141 Thread 0x000001ac44099c00 nmethod 6043 0x000001ac3233f190 code [0x000001ac3233f320, 0x000001ac3233f3f0]
Event: 7717.142 Thread 0x000001ac44097550 6044       4       com.sun.javafx.sg.prism.NGRegion::roundUp (20 bytes)
Event: 7717.142 Thread 0x000001ac44097550 nmethod 6044 0x000001ac3234c090 code [0x000001ac3234c240, 0x000001ac3234c328]
Event: 8260.126 Thread 0x000001ac44099c00 6045       3       java.util.AbstractCollection::toArray (144 bytes)
Event: 8260.128 Thread 0x000001ac44099c00 nmethod 6045 0x000001ac2a8e5690 code [0x000001ac2a8e5980, 0x000001ac2a8e6b88]
Event: 8785.176 Thread 0x000001ac44099c00 6046       3       jdk.internal.reflect.Reflection::verifyModuleAccess (24 bytes)
Event: 8785.177 Thread 0x000001ac44099c00 nmethod 6046 0x000001ac2a860c10 code [0x000001ac2a860e20, 0x000001ac2a861348]
Event: 8785.235 Thread 0x000001ac44099c00 6048       1       java.nio.DirectByteBuffer::base (2 bytes)
Event: 8785.235 Thread 0x000001ac44099c00 nmethod 6048 0x000001ac323da710 code [0x000001ac323da8a0, 0x000001ac323da970]
Event: 8785.402 Thread 0x000001ac44099c00 6049   !   3       com.sun.scenario.effect.impl.prism.ps.PPSRenderer::validate (156 bytes)
Event: 8785.405 Thread 0x000001ac44099c00 nmethod 6049 0x000001ac2a964e90 code [0x000001ac2a965120, 0x000001ac2a965f40]
Event: 8785.422 Thread 0x000001ac44099c00 6050       1       com.sun.prism.impl.BaseResourcePool::target (5 bytes)
Event: 8785.422 Thread 0x000001ac44099c00 nmethod 6050 0x000001ac323e7490 code [0x000001ac323e7620, 0x000001ac323e76e8]
Event: 8785.434 Thread 0x000001ac44097550 6051       4       com.sun.scenario.effect.impl.state.GaussianRenderState::getPassVector (62 bytes)
Event: 8785.436 Thread 0x000001ac44097550 nmethod 6051 0x000001ac32315e90 code [0x000001ac32316020, 0x000001ac323161f8]
Event: 8786.438 Thread 0x000001ac44099c00 6052       3       com.sun.scenario.effect.impl.prism.ps.PPSOneSamplerPeer::filterImpl (532 bytes)
Event: 8786.446 Thread 0x000001ac44099c00 nmethod 6052 0x000001ac2b114690 code [0x000001ac2b114c80, 0x000001ac2b1190c8]
Event: 8786.460 Thread 0x000001ac44097550 6053  s    4       com.sun.scenario.effect.impl.Renderer::getPeerInstance (108 bytes)

GC Heap History (20 events):
Event: 7560.774 GC heap before
{Heap before GC invocations=117 (full 0):
 garbage-first heap   total 122880K, used 105058K [0x0000000684800000, 0x0000000800000000)
  region size 4096K, 15 young (61440K), 1 survivors (4096K)
 Metaspace       used 28283K, committed 28736K, reserved 1114112K
  class space    used 3813K, committed 4032K, reserved 1048576K
}
Event: 7560.780 GC heap after
{Heap after GC invocations=118 (full 0):
 garbage-first heap   total 122880K, used 47768K [0x0000000684800000, 0x0000000800000000)
  region size 4096K, 1 young (4096K), 1 survivors (4096K)
 Metaspace       used 28283K, committed 28736K, reserved 1114112K
  class space    used 3813K, committed 4032K, reserved 1048576K
}
Event: 7635.453 GC heap before
{Heap before GC invocations=118 (full 0):
 garbage-first heap   total 122880K, used 105112K [0x0000000684800000, 0x0000000800000000)
  region size 4096K, 15 young (61440K), 1 survivors (4096K)
 Metaspace       used 28283K, committed 28736K, reserved 1114112K
  class space    used 3813K, committed 4032K, reserved 1048576K
}
Event: 7635.456 GC heap after
{Heap after GC invocations=119 (full 0):
 garbage-first heap   total 122880K, used 47715K [0x0000000684800000, 0x0000000800000000)
  region size 4096K, 1 young (4096K), 1 survivors (4096K)
 Metaspace       used 28283K, committed 28736K, reserved 1114112K
  class space    used 3813K, committed 4032K, reserved 1048576K
}
Event: 7710.321 GC heap before
{Heap before GC invocations=119 (full 0):
 garbage-first heap   total 122880K, used 105059K [0x0000000684800000, 0x0000000800000000)
  region size 4096K, 15 young (61440K), 1 survivors (4096K)
 Metaspace       used 28283K, committed 28736K, reserved 1114112K
  class space    used 3813K, committed 4032K, reserved 1048576K
}
Event: 7710.323 GC heap after
{Heap after GC invocations=120 (full 0):
 garbage-first heap   total 122880K, used 47713K [0x0000000684800000, 0x0000000800000000)
  region size 4096K, 1 young (4096K), 1 survivors (4096K)
 Metaspace       used 28283K, committed 28736K, reserved 1114112K
  class space    used 3813K, committed 4032K, reserved 1048576K
}
Event: 7785.022 GC heap before
{Heap before GC invocations=120 (full 0):
 garbage-first heap   total 122880K, used 105057K [0x0000000684800000, 0x0000000800000000)
  region size 4096K, 15 young (61440K), 1 survivors (4096K)
 Metaspace       used 28283K, committed 28736K, reserved 1114112K
  class space    used 3813K, committed 4032K, reserved 1048576K
}
Event: 7785.025 GC heap after
{Heap after GC invocations=121 (full 0):
 garbage-first heap   total 122880K, used 47793K [0x0000000684800000, 0x0000000800000000)
  region size 4096K, 1 young (4096K), 1 survivors (4096K)
 Metaspace       used 28283K, committed 28736K, reserved 1114112K
  class space    used 3813K, committed 4032K, reserved 1048576K
}
Event: 7860.187 GC heap before
{Heap before GC invocations=121 (full 0):
 garbage-first heap   total 122880K, used 105137K [0x0000000684800000, 0x0000000800000000)
  region size 4096K, 15 young (61440K), 1 survivors (4096K)
 Metaspace       used 28283K, committed 28736K, reserved 1114112K
  class space    used 3813K, committed 4032K, reserved 1048576K
}
Event: 7860.190 GC heap after
{Heap after GC invocations=122 (full 0):
 garbage-first heap   total 122880K, used 47716K [0x0000000684800000, 0x0000000800000000)
  region size 4096K, 1 young (4096K), 1 survivors (4096K)
 Metaspace       used 28283K, committed 28736K, reserved 1114112K
  class space    used 3813K, committed 4032K, reserved 1048576K
}
Event: 7935.239 GC heap before
{Heap before GC invocations=122 (full 0):
 garbage-first heap   total 122880K, used 105060K [0x0000000684800000, 0x0000000800000000)
  region size 4096K, 15 young (61440K), 1 survivors (4096K)
 Metaspace       used 28283K, committed 28736K, reserved 1114112K
  class space    used 3813K, committed 4032K, reserved 1048576K
}
Event: 7935.242 GC heap after
{Heap after GC invocations=123 (full 0):
 garbage-first heap   total 122880K, used 47718K [0x0000000684800000, 0x0000000800000000)
  region size 4096K, 1 young (4096K), 1 survivors (4096K)
 Metaspace       used 28283K, committed 28736K, reserved 1114112K
  class space    used 3813K, committed 4032K, reserved 1048576K
}
Event: 8009.869 GC heap before
{Heap before GC invocations=123 (full 0):
 garbage-first heap   total 122880K, used 105062K [0x0000000684800000, 0x0000000800000000)
  region size 4096K, 15 young (61440K), 1 survivors (4096K)
 Metaspace       used 28283K, committed 28736K, reserved 1114112K
  class space    used 3813K, committed 4032K, reserved 1048576K
}
Event: 8009.874 GC heap after
{Heap after GC invocations=124 (full 0):
 garbage-first heap   total 122880K, used 47664K [0x0000000684800000, 0x0000000800000000)
  region size 4096K, 1 young (4096K), 1 survivors (4096K)
 Metaspace       used 28283K, committed 28736K, reserved 1114112K
  class space    used 3813K, committed 4032K, reserved 1048576K
}
Event: 8084.624 GC heap before
{Heap before GC invocations=124 (full 0):
 garbage-first heap   total 122880K, used 105008K [0x0000000684800000, 0x0000000800000000)
  region size 4096K, 15 young (61440K), 1 survivors (4096K)
 Metaspace       used 28283K, committed 28736K, reserved 1114112K
  class space    used 3813K, committed 4032K, reserved 1048576K
}
Event: 8084.627 GC heap after
{Heap after GC invocations=125 (full 0):
 garbage-first heap   total 122880K, used 47714K [0x0000000684800000, 0x0000000800000000)
  region size 4096K, 1 young (4096K), 1 survivors (4096K)
 Metaspace       used 28283K, committed 28736K, reserved 1114112K
  class space    used 3813K, committed 4032K, reserved 1048576K
}
Event: 8159.284 GC heap before
{Heap before GC invocations=125 (full 0):
 garbage-first heap   total 122880K, used 105058K [0x0000000684800000, 0x0000000800000000)
  region size 4096K, 15 young (61440K), 1 survivors (4096K)
 Metaspace       used 28283K, committed 28736K, reserved 1114112K
  class space    used 3813K, committed 4032K, reserved 1048576K
}
Event: 8159.291 GC heap after
{Heap after GC invocations=126 (full 0):
 garbage-first heap   total 122880K, used 47713K [0x0000000684800000, 0x0000000800000000)
  region size 4096K, 1 young (4096K), 1 survivors (4096K)
 Metaspace       used 28283K, committed 28736K, reserved 1114112K
  class space    used 3813K, committed 4032K, reserved 1048576K
}
Event: 8233.919 GC heap before
{Heap before GC invocations=126 (full 0):
 garbage-first heap   total 122880K, used 105057K [0x0000000684800000, 0x0000000800000000)
  region size 4096K, 15 young (61440K), 1 survivors (4096K)
 Metaspace       used 28283K, committed 28736K, reserved 1114112K
  class space    used 3813K, committed 4032K, reserved 1048576K
}
Event: 8233.923 GC heap after
{Heap after GC invocations=127 (full 0):
 garbage-first heap   total 122880K, used 47740K [0x0000000684800000, 0x0000000800000000)
  region size 4096K, 1 young (4096K), 1 survivors (4096K)
 Metaspace       used 28283K, committed 28736K, reserved 1114112K
  class space    used 3813K, committed 4032K, reserved 1048576K
}

Dll operation events (20 events):
Event: 0.188 Loaded shared library C:\java\openjfx-23.0.2_windows-x64_bin-sdk\javafx-sdk-23.0.2\bin\api-ms-win-crt-private-l1-1-0.dll
Event: 0.189 Loaded shared library C:\java\openjfx-23.0.2_windows-x64_bin-sdk\javafx-sdk-23.0.2\bin\api-ms-win-crt-process-l1-1-0.dll
Event: 0.189 Loaded shared library C:\java\openjfx-23.0.2_windows-x64_bin-sdk\javafx-sdk-23.0.2\bin\api-ms-win-crt-runtime-l1-1-0.dll
Event: 0.190 Loaded shared library C:\java\openjfx-23.0.2_windows-x64_bin-sdk\javafx-sdk-23.0.2\bin\api-ms-win-crt-stdio-l1-1-0.dll
Event: 0.191 Loaded shared library C:\java\openjfx-23.0.2_windows-x64_bin-sdk\javafx-sdk-23.0.2\bin\api-ms-win-crt-string-l1-1-0.dll
Event: 0.191 Loaded shared library C:\java\openjfx-23.0.2_windows-x64_bin-sdk\javafx-sdk-23.0.2\bin\api-ms-win-crt-time-l1-1-0.dll
Event: 0.192 Loaded shared library C:\java\openjfx-23.0.2_windows-x64_bin-sdk\javafx-sdk-23.0.2\bin\api-ms-win-crt-utility-l1-1-0.dll
Event: 0.192 Loaded shared library C:\java\openjfx-23.0.2_windows-x64_bin-sdk\javafx-sdk-23.0.2\bin\ucrtbase.dll
Event: 0.193 Loaded shared library C:\java\openjfx-23.0.2_windows-x64_bin-sdk\javafx-sdk-23.0.2\bin\vcruntime140.dll
Event: 0.194 Loaded shared library C:\java\openjfx-23.0.2_windows-x64_bin-sdk\javafx-sdk-23.0.2\bin\vcruntime140_1.dll
Event: 0.195 Loaded shared library C:\java\openjfx-23.0.2_windows-x64_bin-sdk\javafx-sdk-23.0.2\bin\msvcp140.dll
Event: 0.196 Loaded shared library C:\java\openjfx-23.0.2_windows-x64_bin-sdk\javafx-sdk-23.0.2\bin\msvcp140_1.dll
Event: 0.196 Loaded shared library C:\java\openjfx-23.0.2_windows-x64_bin-sdk\javafx-sdk-23.0.2\bin\msvcp140_2.dll
Event: 0.219 Loaded shared library C:\java\openjfx-23.0.2_windows-x64_bin-sdk\javafx-sdk-23.0.2\bin\prism_d3d.dll
Event: 0.358 Loaded shared library C:\java\openjfx-23.0.2_windows-x64_bin-sdk\javafx-sdk-23.0.2\bin\glass.dll
Event: 0.480 Loaded shared library C:\Users\Lenovo\Documents\eclipse\plugins\org.eclipse.justj.openjdk.hotspot.jre.full.win32.x86_64_21.0.6.v20250130-0529\jre\bin\jimage.dll
Event: 0.757 Loaded shared library C:\java\openjfx-23.0.2_windows-x64_bin-sdk\javafx-sdk-23.0.2\bin\javafx_font.dll
Event: 8.494 Loaded shared library C:\Users\Lenovo\Documents\eclipse\plugins\org.eclipse.justj.openjdk.hotspot.jre.full.win32.x86_64_21.0.6.v20250130-0529\jre\bin\extnet.dll
Event: 8.630 Loaded shared library C:\Users\Lenovo\Documents\eclipse\plugins\org.eclipse.justj.openjdk.hotspot.jre.full.win32.x86_64_21.0.6.v20250130-0529\jre\bin\sunmscapi.dll
Event: 10.679 Loaded shared library C:\java\openjfx-23.0.2_windows-x64_bin-sdk\javafx-sdk-23.0.2\bin\javafx_iio.dll

Deoptimization events (20 events):
Event: 8785.173 Thread 0x000001ac44771f20 Uncommon trap: trap_request=0xfffffff4 fr.pc=0x000001ac32600e6c relative=0x000000000000f24c
Event: 8785.174 Thread 0x000001ac44771f20 Uncommon trap: reason=null_check action=make_not_entrant pc=0x000001ac32600e6c method=com.sun.scenario.effect.impl.prism.PrFilterContext.getInstance(Lcom/sun/glass/ui/Screen;)Lcom/sun/scenario/effect/impl/prism/PrFilterContext; @ 23 c2
Event: 8785.174 Thread 0x000001ac44771f20 DEOPT PACKING pc=0x000001ac32600e6c sp=0x00000004e99fe8c0
Event: 8785.174 Thread 0x000001ac44771f20 DEOPT UNPACKING pc=0x000001ac31d546a2 sp=0x00000004e99fe860 mode 2
Event: 8785.174 Thread 0x000001ac44771f20 Uncommon trap: trap_request=0xfffffff4 fr.pc=0x000001ac325adcc0 relative=0x0000000000003380
Event: 8785.174 Thread 0x000001ac44771f20 Uncommon trap: reason=null_check action=make_not_entrant pc=0x000001ac325adcc0 method=com.sun.scenario.effect.impl.Renderer.getRenderer(Lcom/sun/scenario/effect/FilterContext;)Lcom/sun/scenario/effect/impl/Renderer; @ 23 c2
Event: 8785.174 Thread 0x000001ac44771f20 DEOPT PACKING pc=0x000001ac325adcc0 sp=0x00000004e99fe4c0
Event: 8785.174 Thread 0x000001ac44771f20 DEOPT UNPACKING pc=0x000001ac31d546a2 sp=0x00000004e99fe348 mode 2
Event: 8785.185 Thread 0x000001ac44771f20 Uncommon trap: trap_request=0xffffff45 fr.pc=0x000001ac32506600 relative=0x00000000000001e0
Event: 8785.185 Thread 0x000001ac44771f20 Uncommon trap: reason=unstable_if action=reinterpret pc=0x000001ac32506600 method=com.sun.scenario.effect.impl.prism.ps.PPSRenderer.validate()Z @ 13 c2
Event: 8785.185 Thread 0x000001ac44771f20 DEOPT PACKING pc=0x000001ac32506600 sp=0x00000004e99fe310
Event: 8785.186 Thread 0x000001ac44771f20 DEOPT UNPACKING pc=0x000001ac31d546a2 sp=0x00000004e99fe2b0 mode 2
Event: 8785.202 Thread 0x000001ac44771f20 Uncommon trap: trap_request=0xfffffff4 fr.pc=0x000001ac3257fcf4 relative=0x0000000000002014
Event: 8785.202 Thread 0x000001ac44771f20 Uncommon trap: reason=null_check action=make_not_entrant pc=0x000001ac3257fcf4 method=com.sun.scenario.effect.impl.Renderer.getPeerInstance(Lcom/sun/scenario/effect/FilterContext;Ljava/lang/String;I)Lcom/sun/scenario/effect/impl/EffectPeer; @ 43 c2
Event: 8785.202 Thread 0x000001ac44771f20 DEOPT PACKING pc=0x000001ac3257fcf4 sp=0x00000004e99fe360
Event: 8785.202 Thread 0x000001ac44771f20 DEOPT UNPACKING pc=0x000001ac31d546a2 sp=0x00000004e99fe358 mode 2
Event: 8785.217 Thread 0x000001ac44771f20 Uncommon trap: trap_request=0xffffff45 fr.pc=0x000001ac32589c9c relative=0x0000000000004e5c
Event: 8785.217 Thread 0x000001ac44771f20 Uncommon trap: reason=unstable_if action=reinterpret pc=0x000001ac32589c9c method=com.sun.scenario.effect.impl.prism.ps.PPSOneSamplerPeer.filterImpl([Lcom/sun/scenario/effect/ImageData;)Lcom/sun/scenario/effect/ImageData; @ 210 c2
Event: 8785.217 Thread 0x000001ac44771f20 DEOPT PACKING pc=0x000001ac32589c9c sp=0x00000004e99fe300
Event: 8785.217 Thread 0x000001ac44771f20 DEOPT UNPACKING pc=0x000001ac31d546a2 sp=0x00000004e99fe268 mode 2

Classes loaded (20 events):
Event: 46.941 Loading class java/text/BreakIterator
Event: 46.942 Loading class java/text/BreakIterator done
Event: 46.942 Loading class sun/util/locale/provider/BreakIteratorProviderImpl$GraphemeBreakIterator
Event: 46.942 Loading class sun/util/locale/provider/BreakIteratorProviderImpl$GraphemeBreakIterator done
Event: 46.942 Loading class java/text/StringCharacterIterator
Event: 46.942 Loading class java/text/StringCharacterIterator done
Event: 46.942 Loading class sun/util/locale/provider/BreakIteratorProviderImpl$CharacterIteratorCharSequence
Event: 46.943 Loading class sun/util/locale/provider/BreakIteratorProviderImpl$CharacterIteratorCharSequence done
Event: 46.943 Loading class java/text/BreakIterator$BreakIteratorCache
Event: 46.943 Loading class java/text/BreakIterator$BreakIteratorCache done
Event: 46.943 Loading class jdk/internal/util/regex/Grapheme
Event: 46.943 Loading class jdk/internal/util/regex/Grapheme done
Event: 50.661 Loading class java/lang/foreign/MemorySegment
Event: 50.661 Loading class java/lang/foreign/MemorySegment done
Event: 68.199 Loading class java/util/RegularEnumSet$EnumSetIterator
Event: 68.200 Loading class java/util/RegularEnumSet$EnumSetIterator done
Event: 8260.127 Loading class java/util/Collections$UnmodifiableMap$UnmodifiableEntrySet$1
Event: 8260.131 Loading class java/util/Collections$UnmodifiableMap$UnmodifiableEntrySet$1 done
Event: 8260.132 Loading class java/util/Collections$UnmodifiableMap$UnmodifiableEntrySet$UnmodifiableEntry
Event: 8260.132 Loading class java/util/Collections$UnmodifiableMap$UnmodifiableEntrySet$UnmodifiableEntry done

Classes unloaded (0 events):
No events

Classes redefined (0 events):
No events

Internal exceptions (20 events):
Event: 8.608 Thread 0x000001ac8a5c1dd0 Exception <a 'java/lang/NoSuchMethodError'{0x000000069a1bbab0}: 'java.lang.Object java.lang.invoke.DirectMethodHandle$Holder.invokeStaticInit(java.lang.Object, java.lang.Object, int, int, int, int)'> (0x000000069a1bbab0) 
thrown [s\src\hotspot\share\interpreter\linkResolver.cpp, line 773]
Event: 8.764 Thread 0x000001ac8a5c1dd0 Exception <a 'java/lang/NoSuchMethodError'{0x0000000686ad4e00}: 'void java.lang.invoke.DirectMethodHandle$Holder.invokeInterface(java.lang.Object, java.lang.Object, java.lang.Object, java.lang.Object)'> (0x0000000686ad4e00) 
thrown [s\src\hotspot\share\interpreter\linkResolver.cpp, line 773]
Event: 8.790 Thread 0x000001ac8a5c1dd0 Exception <a 'java/io/IOException'{0x000000068648b400}> (0x000000068648b400) 
thrown [s\src\hotspot\share\prims\jni.cpp, line 520]
Event: 8.791 Thread 0x000001ac8a5c1dd0 Exception <a 'java/lang/NoSuchMethodError'{0x000000068648ef00}: 'void java.lang.invoke.DirectMethodHandle$Holder.invokeInterface(java.lang.Object, java.lang.Object)'> (0x000000068648ef00) 
thrown [s\src\hotspot\share\interpreter\linkResolver.cpp, line 773]
Event: 10.472 Thread 0x000001ac8a5c1dd0 Exception <a 'java/io/FileNotFoundException'{0x0000000685f5f0a0}> (0x0000000685f5f0a0) 
thrown [s\src\hotspot\share\prims\jni.cpp, line 520]
Event: 10.576 Thread 0x000001ac8a5c1dd0 Exception <a 'java/io/FileNotFoundException'{0x00000006855ba318}> (0x00000006855ba318) 
thrown [s\src\hotspot\share\prims\jni.cpp, line 520]
Event: 10.581 Thread 0x000001ac8a5c1dd0 Exception <a 'java/io/FileNotFoundException'{0x0000000685607070}> (0x0000000685607070) 
thrown [s\src\hotspot\share\prims\jni.cpp, line 520]
Event: 10.581 Thread 0x000001ac8a5c1dd0 Exception <a 'java/io/FileNotFoundException'{0x0000000685608ed0}> (0x0000000685608ed0) 
thrown [s\src\hotspot\share\prims\jni.cpp, line 520]
Event: 10.582 Thread 0x000001ac8a5c1dd0 Exception <a 'java/io/FileNotFoundException'{0x000000068562a1e0}> (0x000000068562a1e0) 
thrown [s\src\hotspot\share\prims\jni.cpp, line 520]
Event: 10.582 Thread 0x000001ac8a5c1dd0 Exception <a 'java/io/FileNotFoundException'{0x000000068562c040}> (0x000000068562c040) 
thrown [s\src\hotspot\share\prims\jni.cpp, line 520]
Event: 46.946 Thread 0x000001ac8a5c1dd0 Exception <a 'java/lang/NoSuchMethodError'{0x0000000699bf73b8}: 'java.lang.Object java.lang.invoke.DirectMethodHandle$Holder.newInvokeSpecial(java.lang.Object, java.lang.Object, int, int, int, int, int, java.lang.Object)'> (0x0000000699bf73b8) 
thrown [s\src\hotspot\share\interpreter\linkResolver.cpp, line 773]
Event: 46.948 Thread 0x000001ac8a5c1dd0 Exception <a 'java/lang/NoSuchMethodError'{0x0000000699609378}: 'java.lang.Object java.lang.invoke.DirectMethodHandle$Holder.newInvokeSpecial(java.lang.Object, java.lang.Object, java.lang.Object, int, int, int, int, int)'> (0x0000000699609378) 
thrown [s\src\hotspot\share\interpreter\linkResolver.cpp, line 773]
Event: 46.948 Thread 0x000001ac8a5c1dd0 Exception <a 'java/lang/NoSuchMethodError'{0x0000000699610708}: 'java.lang.Object java.lang.invoke.Invokers$Holder.linkToTargetMethod(java.lang.Object, java.lang.Object, int, int, int, int, int, java.lang.Object)'> (0x0000000699610708) 
thrown [s\src\hotspot\share\interpreter\linkResolver.cpp, line 773]
Event: 57.556 Thread 0x000001ac8a5c1dd0 Implicit null exception at 0x000001ac324d0d6b to 0x000001ac324d1154
Event: 57.556 Thread 0x000001ac8a5c1dd0 Implicit null exception at 0x000001ac324cbef9 to 0x000001ac324cc86c
Event: 69.266 Thread 0x000001ac8a5c1dd0 Exception <a 'java/io/IOException'{0x00000006994a8630}> (0x00000006994a8630) 
thrown [s\src\hotspot\share\prims\jni.cpp, line 520]
Event: 8785.173 Thread 0x000001ac44771f20 Implicit null exception at 0x000001ac325f200c to 0x000001ac32600e60
Event: 8785.174 Thread 0x000001ac44771f20 Implicit null exception at 0x000001ac325ab660 to 0x000001ac325adc90
Event: 8785.202 Thread 0x000001ac44771f20 Implicit null exception at 0x000001ac3257ea9a to 0x000001ac3257fcdc
Event: 8785.217 Thread 0x000001ac44771f20 Implicit null exception at 0x000001ac3258534d to 0x000001ac32589c6c

ZGC Phase Switch (0 events):
No events

VM Operations (20 events):
Event: 8058.323 Executing VM operation: HandshakeAllThreads (HandshakeForDeflation)
Event: 8058.323 Executing VM operation: HandshakeAllThreads (HandshakeForDeflation) done
Event: 8058.323 Executing VM operation: RendezvousGCThreads
Event: 8058.323 Executing VM operation: RendezvousGCThreads done
Event: 8084.624 Executing VM operation: G1CollectForAllocation (G1 Evacuation Pause)
Event: 8084.627 Executing VM operation: G1CollectForAllocation (G1 Evacuation Pause) done
Event: 8118.533 Executing VM operation: HandshakeAllThreads (HandshakeForDeflation)
Event: 8118.533 Executing VM operation: HandshakeAllThreads (HandshakeForDeflation) done
Event: 8118.533 Executing VM operation: RendezvousGCThreads
Event: 8118.533 Executing VM operation: RendezvousGCThreads done
Event: 8159.284 Executing VM operation: G1CollectForAllocation (G1 Evacuation Pause)
Event: 8159.291 Executing VM operation: G1CollectForAllocation (G1 Evacuation Pause) done
Event: 8233.919 Executing VM operation: G1CollectForAllocation (G1 Evacuation Pause)
Event: 8233.923 Executing VM operation: G1CollectForAllocation (G1 Evacuation Pause) done
Event: 8238.999 Executing VM operation: HandshakeAllThreads (HandshakeForDeflation)
Event: 8238.999 Executing VM operation: HandshakeAllThreads (HandshakeForDeflation) done
Event: 8238.999 Executing VM operation: RendezvousGCThreads
Event: 8238.999 Executing VM operation: RendezvousGCThreads done
Event: 8785.766 Executing VM operation: Cleanup
Event: 8785.766 Executing VM operation: Cleanup done

Memory protections (0 events):
No events

Nmethod flushes (20 events):
Event: 1119.267 Thread 0x000001ac249321d0 flushing  nmethod 0x000001ac2b342c90
Event: 1119.267 Thread 0x000001ac249321d0 flushing  nmethod 0x000001ac2b347090
Event: 1119.267 Thread 0x000001ac249321d0 flushing  nmethod 0x000001ac2b34fe90
Event: 1119.267 Thread 0x000001ac249321d0 flushing  nmethod 0x000001ac2b282890
Event: 1119.267 Thread 0x000001ac249321d0 flushing  nmethod 0x000001ac2b324590
Event: 1119.267 Thread 0x000001ac249321d0 flushing  nmethod 0x000001ac2b32b010
Event: 1119.267 Thread 0x000001ac249321d0 flushing  nmethod 0x000001ac2b32ce10
Event: 1119.267 Thread 0x000001ac249321d0 flushing  nmethod 0x000001ac2b32dc90
Event: 1119.267 Thread 0x000001ac249321d0 flushing  nmethod 0x000001ac2b32f590
Event: 1119.267 Thread 0x000001ac249321d0 flushing  nmethod 0x000001ac2b33fb90
Event: 1119.267 Thread 0x000001ac249321d0 flushing  nmethod 0x000001ac2b35c210
Event: 1119.267 Thread 0x000001ac249321d0 flushing  nmethod 0x000001ac2b35ca10
Event: 1119.267 Thread 0x000001ac249321d0 flushing  nmethod 0x000001ac2b216a10
Event: 1119.267 Thread 0x000001ac249321d0 flushing osr nmethod 0x000001ac2b368990
Event: 1215.770 Thread 0x000001ac249321d0 flushing  nmethod 0x000001ac2b233990
Event: 1215.770 Thread 0x000001ac249321d0 flushing  nmethod 0x000001ac2b2dad10
Event: 1215.770 Thread 0x000001ac249321d0 flushing  nmethod 0x000001ac2b319210
Event: 1215.770 Thread 0x000001ac249321d0 flushing  nmethod 0x000001ac2b238f90
Event: 1215.770 Thread 0x000001ac249321d0 flushing  nmethod 0x000001ac2b348310
Event: 1215.770 Thread 0x000001ac249321d0 flushing  nmethod 0x000001ac2b352a90

Events (20 events):
Event: 0.509 Thread 0x000001ac44099c00 Thread added: 0x000001ac8ab975b0
Event: 1.008 Thread 0x000001ac8a5c1dd0 Thread added: 0x000001ac926ba570
Event: 1.190 Thread 0x000001ac44771f20 Thread added: 0x000001ac927b3620
Event: 1.331 Thread 0x000001ac8ab975b0 Thread exited: 0x000001ac8ab975b0
Event: 1.491 Thread 0x000001ac8ab1d010 Thread exited: 0x000001ac8ab1d010
Event: 8.415 Thread 0x000001ac8a5c1dd0 Thread added: 0x000001ac927b49d0
Event: 8.523 Thread 0x000001ac44099c00 Thread added: 0x000001ac448c1aa0
Event: 8.604 Thread 0x000001ac44099c00 Thread added: 0x000001ac92d2f520
Event: 9.060 Thread 0x000001ac92d2f520 Thread exited: 0x000001ac92d2f520
Event: 9.060 Thread 0x000001ac448c1aa0 Thread exited: 0x000001ac448c1aa0
Event: 10.409 Thread 0x000001ac44099c00 Thread added: 0x000001ac448c1aa0
Event: 10.508 Thread 0x000001ac44099c00 Thread added: 0x000001ac9d32ffe0
Event: 12.320 Thread 0x000001ac9d32ffe0 Thread exited: 0x000001ac9d32ffe0
Event: 12.321 Thread 0x000001ac448c1aa0 Thread exited: 0x000001ac448c1aa0
Event: 15.537 Thread 0x000001ac44097550 Thread added: 0x000001ac448c1aa0
Event: 15.815 Thread 0x000001ac448c1aa0 Thread exited: 0x000001ac448c1aa0
Event: 68.194 Thread 0x000001ac44099c00 Thread added: 0x000001ac8ab6df30
Event: 68.357 Thread 0x000001ac8ab6df30 Thread exited: 0x000001ac8ab6df30
Event: 69.139 Thread 0x000001ac44099c00 Thread added: 0x000001ac4461d130
Event: 69.566 Thread 0x000001ac4461d130 Thread exited: 0x000001ac4461d130


Dynamic libraries:
0x00007ff660260000 - 0x00007ff66026e000 	C:\Users\Lenovo\Documents\eclipse\plugins\org.eclipse.justj.openjdk.hotspot.jre.full.win32.x86_64_21.0.6.v20250130-0529\jre\bin\javaw.exe
0x00007ff818740000 - 0x00007ff8189a3000 	C:\WINDOWS\SYSTEM32\ntdll.dll
0x00007ff8174b0000 - 0x00007ff817577000 	C:\WINDOWS\System32\KERNEL32.DLL
0x00007ff816010000 - 0x00007ff8163d9000 	C:\WINDOWS\System32\KERNELBASE.dll
0x00007ff8163e0000 - 0x00007ff81652c000 	C:\WINDOWS\System32\ucrtbase.dll
0x00007fffe9f10000 - 0x00007fffe9f2e000 	C:\Users\Lenovo\Documents\eclipse\plugins\org.eclipse.justj.openjdk.hotspot.jre.full.win32.x86_64_21.0.6.v20250130-0529\jre\bin\VCRUNTIME140.dll
0x00007fffe9ce0000 - 0x00007fffe9cf8000 	C:\Users\Lenovo\Documents\eclipse\plugins\org.eclipse.justj.openjdk.hotspot.jre.full.win32.x86_64_21.0.6.v20250130-0529\jre\bin\jli.dll
0x00007ff817b40000 - 0x00007ff817d0a000 	C:\WINDOWS\System32\USER32.dll
0x00007ffff8470000 - 0x00007ffff8700000 	C:\WINDOWS\WinSxS\amd64_microsoft.windows.common-controls_6595b64144ccf1df_6.0.26100.3323_none_3e088096e3344490\COMCTL32.dll
0x00007ff816530000 - 0x00007ff816557000 	C:\WINDOWS\System32\win32u.dll
0x00007ff817400000 - 0x00007ff8174a9000 	C:\WINDOWS\System32\msvcrt.dll
0x00007ff817b10000 - 0x00007ff817b3a000 	C:\WINDOWS\System32\GDI32.dll
0x00007ff815ab0000 - 0x00007ff815be1000 	C:\WINDOWS\System32\gdi32full.dll
0x00007ff815e30000 - 0x00007ff815ed3000 	C:\WINDOWS\System32\msvcp_win.dll
0x00007ff818520000 - 0x00007ff81854f000 	C:\WINDOWS\System32\IMM32.DLL
0x00007ff8010e0000 - 0x00007ff8010ec000 	C:\Users\Lenovo\Documents\eclipse\plugins\org.eclipse.justj.openjdk.hotspot.jre.full.win32.x86_64_21.0.6.v20250130-0529\jre\bin\vcruntime140_1.dll
0x00007fffc01d0000 - 0x00007fffc025d000 	C:\Users\Lenovo\Documents\eclipse\plugins\org.eclipse.justj.openjdk.hotspot.jre.full.win32.x86_64_21.0.6.v20250130-0529\jre\bin\msvcp140.dll
0x00007fff74e00000 - 0x00007fff75b90000 	C:\Users\Lenovo\Documents\eclipse\plugins\org.eclipse.justj.openjdk.hotspot.jre.full.win32.x86_64_21.0.6.v20250130-0529\jre\bin\server\jvm.dll
0x00007ff818640000 - 0x00007ff8186f2000 	C:\WINDOWS\System32\ADVAPI32.dll
0x00007ff817580000 - 0x00007ff817626000 	C:\WINDOWS\System32\sechost.dll
0x00007ff8172d0000 - 0x00007ff8173e6000 	C:\WINDOWS\System32\RPCRT4.dll
0x00007ff816ce0000 - 0x00007ff816d54000 	C:\WINDOWS\System32\WS2_32.dll
0x00007ff8097a0000 - 0x00007ff8097ab000 	C:\WINDOWS\SYSTEM32\VERSION.dll
0x00007ff812250000 - 0x00007ff812286000 	C:\WINDOWS\SYSTEM32\WINMM.dll
0x00007ff8145a0000 - 0x00007ff8145ee000 	C:\WINDOWS\SYSTEM32\POWRPROF.dll
0x00007ff814580000 - 0x00007ff814594000 	C:\WINDOWS\SYSTEM32\UMPDC.dll
0x00007ff814840000 - 0x00007ff81485a000 	C:\WINDOWS\SYSTEM32\kernel.appcore.dll
0x00007ff80bb00000 - 0x00007ff80bb0a000 	C:\Users\Lenovo\Documents\eclipse\plugins\org.eclipse.justj.openjdk.hotspot.jre.full.win32.x86_64_21.0.6.v20250130-0529\jre\bin\jimage.dll
0x00007ff813210000 - 0x00007ff813451000 	C:\WINDOWS\SYSTEM32\DBGHELP.DLL
0x00007ff816e10000 - 0x00007ff817192000 	C:\WINDOWS\System32\combase.dll
0x00007ff8177d0000 - 0x00007ff8178a6000 	C:\WINDOWS\System32\OLEAUT32.dll
0x00007fffeab50000 - 0x00007fffeab89000 	C:\WINDOWS\SYSTEM32\dbgcore.DLL
0x00007ff815f70000 - 0x00007ff816009000 	C:\WINDOWS\System32\bcryptPrimitives.dll
0x00007ffffdee0000 - 0x00007ffffdeff000 	C:\Users\Lenovo\Documents\eclipse\plugins\org.eclipse.justj.openjdk.hotspot.jre.full.win32.x86_64_21.0.6.v20250130-0529\jre\bin\java.dll
0x00007ff8165c0000 - 0x00007ff816cd5000 	C:\WINDOWS\System32\SHELL32.dll
0x00007ff815940000 - 0x00007ff815aa8000 	C:\WINDOWS\System32\wintypes.dll
0x00007ff813620000 - 0x00007ff813e65000 	C:\WINDOWS\SYSTEM32\windows.storage.dll
0x00007ff8183d0000 - 0x00007ff8184bb000 	C:\WINDOWS\System32\SHCORE.dll
0x00007ff816560000 - 0x00007ff8165bd000 	C:\WINDOWS\System32\shlwapi.dll
0x00007ff815850000 - 0x00007ff81587f000 	C:\WINDOWS\SYSTEM32\profapi.dll
0x00007ffff8920000 - 0x00007ffff8938000 	C:\Users\Lenovo\Documents\eclipse\plugins\org.eclipse.justj.openjdk.hotspot.jre.full.win32.x86_64_21.0.6.v20250130-0529\jre\bin\zip.dll
0x00007ff80ba90000 - 0x00007ff80baa0000 	C:\Users\Lenovo\Documents\eclipse\plugins\org.eclipse.justj.openjdk.hotspot.jre.full.win32.x86_64_21.0.6.v20250130-0529\jre\bin\net.dll
0x00007ff80ae90000 - 0x00007ff80afae000 	C:\WINDOWS\SYSTEM32\WINHTTP.dll
0x00007ff814d90000 - 0x00007ff814dfa000 	C:\WINDOWS\system32\mswsock.dll
0x00007ffff7f70000 - 0x00007ffff7f86000 	C:\Users\Lenovo\Documents\eclipse\plugins\org.eclipse.justj.openjdk.hotspot.jre.full.win32.x86_64_21.0.6.v20250130-0529\jre\bin\nio.dll
0x000001ac24d00000 - 0x000001ac24d03000 	C:\java\openjfx-23.0.2_windows-x64_bin-sdk\javafx-sdk-23.0.2\bin\api-ms-win-core-console-l1-1-0.dll
0x000001ac24d10000 - 0x000001ac24d13000 	C:\java\openjfx-23.0.2_windows-x64_bin-sdk\javafx-sdk-23.0.2\bin\api-ms-win-core-console-l1-2-0.dll
0x000001ac24d20000 - 0x000001ac24d23000 	C:\java\openjfx-23.0.2_windows-x64_bin-sdk\javafx-sdk-23.0.2\bin\api-ms-win-core-datetime-l1-1-0.dll
0x000001ac24d30000 - 0x000001ac24d33000 	C:\java\openjfx-23.0.2_windows-x64_bin-sdk\javafx-sdk-23.0.2\bin\api-ms-win-core-debug-l1-1-0.dll
0x000001ac26d30000 - 0x000001ac26d33000 	C:\java\openjfx-23.0.2_windows-x64_bin-sdk\javafx-sdk-23.0.2\bin\api-ms-win-core-errorhandling-l1-1-0.dll
0x000001ac26d40000 - 0x000001ac26d44000 	C:\java\openjfx-23.0.2_windows-x64_bin-sdk\javafx-sdk-23.0.2\bin\api-ms-win-core-file-l1-1-0.dll
0x000001ac26d50000 - 0x000001ac26d53000 	C:\java\openjfx-23.0.2_windows-x64_bin-sdk\javafx-sdk-23.0.2\bin\api-ms-win-core-file-l1-2-0.dll
0x000001ac26d60000 - 0x000001ac26d63000 	C:\java\openjfx-23.0.2_windows-x64_bin-sdk\javafx-sdk-23.0.2\bin\api-ms-win-core-file-l2-1-0.dll
0x000001ac26d70000 - 0x000001ac26d73000 	C:\java\openjfx-23.0.2_windows-x64_bin-sdk\javafx-sdk-23.0.2\bin\api-ms-win-core-handle-l1-1-0.dll
0x000001ac26d80000 - 0x000001ac26d83000 	C:\java\openjfx-23.0.2_windows-x64_bin-sdk\javafx-sdk-23.0.2\bin\api-ms-win-core-heap-l1-1-0.dll
0x000001ac26d90000 - 0x000001ac26d93000 	C:\java\openjfx-23.0.2_windows-x64_bin-sdk\javafx-sdk-23.0.2\bin\api-ms-win-core-interlocked-l1-1-0.dll
0x000001ac26da0000 - 0x000001ac26da3000 	C:\java\openjfx-23.0.2_windows-x64_bin-sdk\javafx-sdk-23.0.2\bin\api-ms-win-core-libraryloader-l1-1-0.dll
0x000001ac26db0000 - 0x000001ac26db3000 	C:\java\openjfx-23.0.2_windows-x64_bin-sdk\javafx-sdk-23.0.2\bin\api-ms-win-core-localization-l1-2-0.dll
0x000001ac26dc0000 - 0x000001ac26dc3000 	C:\java\openjfx-23.0.2_windows-x64_bin-sdk\javafx-sdk-23.0.2\bin\api-ms-win-core-memory-l1-1-0.dll
0x000001ac26dd0000 - 0x000001ac26dd3000 	C:\java\openjfx-23.0.2_windows-x64_bin-sdk\javafx-sdk-23.0.2\bin\api-ms-win-core-namedpipe-l1-1-0.dll
0x000001ac26de0000 - 0x000001ac26de3000 	C:\java\openjfx-23.0.2_windows-x64_bin-sdk\javafx-sdk-23.0.2\bin\api-ms-win-core-processenvironment-l1-1-0.dll
0x000001ac26df0000 - 0x000001ac26df3000 	C:\java\openjfx-23.0.2_windows-x64_bin-sdk\javafx-sdk-23.0.2\bin\api-ms-win-core-processthreads-l1-1-0.dll
0x000001ac44c80000 - 0x000001ac44c83000 	C:\java\openjfx-23.0.2_windows-x64_bin-sdk\javafx-sdk-23.0.2\bin\api-ms-win-core-processthreads-l1-1-1.dll
0x000001ac44c90000 - 0x000001ac44c93000 	C:\java\openjfx-23.0.2_windows-x64_bin-sdk\javafx-sdk-23.0.2\bin\api-ms-win-core-profile-l1-1-0.dll
0x000001ac44ca0000 - 0x000001ac44ca3000 	C:\java\openjfx-23.0.2_windows-x64_bin-sdk\javafx-sdk-23.0.2\bin\api-ms-win-core-rtlsupport-l1-1-0.dll
0x000001ac44cb0000 - 0x000001ac44cb3000 	C:\java\openjfx-23.0.2_windows-x64_bin-sdk\javafx-sdk-23.0.2\bin\api-ms-win-core-string-l1-1-0.dll
0x000001ac44cc0000 - 0x000001ac44cc3000 	C:\java\openjfx-23.0.2_windows-x64_bin-sdk\javafx-sdk-23.0.2\bin\api-ms-win-core-synch-l1-1-0.dll
0x000001ac44cd0000 - 0x000001ac44cd3000 	C:\java\openjfx-23.0.2_windows-x64_bin-sdk\javafx-sdk-23.0.2\bin\api-ms-win-core-synch-l1-2-0.dll
0x000001ac44ce0000 - 0x000001ac44ce3000 	C:\java\openjfx-23.0.2_windows-x64_bin-sdk\javafx-sdk-23.0.2\bin\api-ms-win-core-sysinfo-l1-1-0.dll
0x000001ac44cf0000 - 0x000001ac44cf3000 	C:\java\openjfx-23.0.2_windows-x64_bin-sdk\javafx-sdk-23.0.2\bin\api-ms-win-core-timezone-l1-1-0.dll
0x000001ac44d00000 - 0x000001ac44d03000 	C:\java\openjfx-23.0.2_windows-x64_bin-sdk\javafx-sdk-23.0.2\bin\api-ms-win-core-util-l1-1-0.dll
0x000001ac44d10000 - 0x000001ac44d13000 	C:\java\openjfx-23.0.2_windows-x64_bin-sdk\javafx-sdk-23.0.2\bin\api-ms-win-crt-conio-l1-1-0.dll
0x000001ac44d20000 - 0x000001ac44d24000 	C:\java\openjfx-23.0.2_windows-x64_bin-sdk\javafx-sdk-23.0.2\bin\api-ms-win-crt-convert-l1-1-0.dll
0x000001ac44d30000 - 0x000001ac44d33000 	C:\java\openjfx-23.0.2_windows-x64_bin-sdk\javafx-sdk-23.0.2\bin\api-ms-win-crt-environment-l1-1-0.dll
0x000001ac44d40000 - 0x000001ac44d43000 	C:\java\openjfx-23.0.2_windows-x64_bin-sdk\javafx-sdk-23.0.2\bin\api-ms-win-crt-filesystem-l1-1-0.dll
0x000001ac44d50000 - 0x000001ac44d53000 	C:\java\openjfx-23.0.2_windows-x64_bin-sdk\javafx-sdk-23.0.2\bin\api-ms-win-crt-heap-l1-1-0.dll
0x000001ac44d60000 - 0x000001ac44d63000 	C:\java\openjfx-23.0.2_windows-x64_bin-sdk\javafx-sdk-23.0.2\bin\api-ms-win-crt-locale-l1-1-0.dll
0x000001ac44d70000 - 0x000001ac44d75000 	C:\java\openjfx-23.0.2_windows-x64_bin-sdk\javafx-sdk-23.0.2\bin\api-ms-win-crt-math-l1-1-0.dll
0x000001ac44d80000 - 0x000001ac44d85000 	C:\java\openjfx-23.0.2_windows-x64_bin-sdk\javafx-sdk-23.0.2\bin\api-ms-win-crt-multibyte-l1-1-0.dll
0x000001ac44d90000 - 0x000001ac44da0000 	C:\java\openjfx-23.0.2_windows-x64_bin-sdk\javafx-sdk-23.0.2\bin\api-ms-win-crt-private-l1-1-0.dll
0x000001ac44da0000 - 0x000001ac44da3000 	C:\java\openjfx-23.0.2_windows-x64_bin-sdk\javafx-sdk-23.0.2\bin\api-ms-win-crt-process-l1-1-0.dll
0x000001ac44db0000 - 0x000001ac44db4000 	C:\java\openjfx-23.0.2_windows-x64_bin-sdk\javafx-sdk-23.0.2\bin\api-ms-win-crt-runtime-l1-1-0.dll
0x000001ac44dc0000 - 0x000001ac44dc4000 	C:\java\openjfx-23.0.2_windows-x64_bin-sdk\javafx-sdk-23.0.2\bin\api-ms-win-crt-stdio-l1-1-0.dll
0x000001ac44dd0000 - 0x000001ac44dd4000 	C:\java\openjfx-23.0.2_windows-x64_bin-sdk\javafx-sdk-23.0.2\bin\api-ms-win-crt-string-l1-1-0.dll
0x000001ac44de0000 - 0x000001ac44de3000 	C:\java\openjfx-23.0.2_windows-x64_bin-sdk\javafx-sdk-23.0.2\bin\api-ms-win-crt-time-l1-1-0.dll
0x000001ac44df0000 - 0x000001ac44df3000 	C:\java\openjfx-23.0.2_windows-x64_bin-sdk\javafx-sdk-23.0.2\bin\api-ms-win-crt-utility-l1-1-0.dll
0x00007fffdf060000 - 0x00007fffdf15c000 	C:\java\openjfx-23.0.2_windows-x64_bin-sdk\javafx-sdk-23.0.2\bin\ucrtbase.dll
0x00007ff810120000 - 0x00007ff81013b000 	C:\java\openjfx-23.0.2_windows-x64_bin-sdk\javafx-sdk-23.0.2\bin\vcruntime140.dll
0x00007ff8100f0000 - 0x00007ff8100fc000 	C:\java\openjfx-23.0.2_windows-x64_bin-sdk\javafx-sdk-23.0.2\bin\vcruntime140_1.dll
0x00007ff801000000 - 0x00007ff80108e000 	C:\java\openjfx-23.0.2_windows-x64_bin-sdk\javafx-sdk-23.0.2\bin\msvcp140.dll
0x00007ff8100e0000 - 0x00007ff8100e9000 	C:\java\openjfx-23.0.2_windows-x64_bin-sdk\javafx-sdk-23.0.2\bin\msvcp140_1.dll
0x00007ff8014d0000 - 0x00007ff801511000 	C:\java\openjfx-23.0.2_windows-x64_bin-sdk\javafx-sdk-23.0.2\bin\msvcp140_2.dll
0x00007ff80c840000 - 0x00007ff80c870000 	C:\java\openjfx-23.0.2_windows-x64_bin-sdk\javafx-sdk-23.0.2\bin\prism_d3d.dll
0x00007fffec5f0000 - 0x00007fffec79c000 	C:\WINDOWS\system32\d3d9.dll
0x00007ff812a00000 - 0x00007ff812a35000 	C:\WINDOWS\SYSTEM32\dwmapi.dll
0x00007ff812ab0000 - 0x00007ff812af7000 	C:\WINDOWS\SYSTEM32\dxcore.dll
0x00007ff812630000 - 0x00007ff8126de000 	C:\WINDOWS\system32\uxtheme.dll
0x00007fffdf380000 - 0x00007fffdf445000 	C:\WINDOWS\SYSTEM32\d3d9on12.dll
0x00007fffdefc0000 - 0x00007fffdefe3000 	C:\WINDOWS\SYSTEM32\d3d12.dll
0x00007ff812880000 - 0x00007ff8129ae000 	C:\WINDOWS\SYSTEM32\dxgi.dll
0x00007ff812800000 - 0x00007ff81285d000 	C:\WINDOWS\SYSTEM32\directxdatabasehelper.dll
0x00007ff8155a0000 - 0x00007ff8155ff000 	C:\WINDOWS\SYSTEM32\cfgmgr32.dll
0x00007fffded40000 - 0x00007fffdefb3000 	C:\WINDOWS\SYSTEM32\D3D12Core.dll
0x00007ff809ca0000 - 0x00007ff809cc6000 	C:\WINDOWS\System32\DriverStore\FileRepository\iigd_dch.inf_amd64_76c80f856e168f14\igd12umd64.dll
0x00007fff55950000 - 0x00007fff57a74000 	C:\WINDOWS\System32\DriverStore\FileRepository\iigd_dch.inf_amd64_76c80f856e168f14\igd12um64xel.dll
0x00007ff815cb0000 - 0x00007ff815e27000 	C:\WINDOWS\System32\CRYPT32.dll
0x00007ff817630000 - 0x00007ff8177c5000 	C:\WINDOWS\System32\ole32.dll
0x00007ff815270000 - 0x00007ff815296000 	C:\WINDOWS\SYSTEM32\bcrypt.dll
0x00007ff800040000 - 0x00007ff8001bb000 	C:\WINDOWS\SYSTEM32\drvstore.dll
0x00007ff801670000 - 0x00007ff801697000 	C:\WINDOWS\System32\DriverStore\FileRepository\iigd_dch.inf_amd64_76c80f856e168f14\igdext64.dll
0x00007ffffdca0000 - 0x00007ffffdd3c000 	C:\WINDOWS\System32\DriverStore\FileRepository\iigd_dch.inf_amd64_76c80f856e168f14\IntelControlLib.dll
0x00007ffffd800000 - 0x00007ffffdc3f000 	C:\WINDOWS\System32\DriverStore\FileRepository\iigd_dch.inf_amd64_76c80f856e168f14\igdgmm64.dll
0x00007ffffdc70000 - 0x00007ffffdc94000 	C:\WINDOWS\System32\DriverStore\FileRepository\iigd_dch.inf_amd64_76c80f856e168f14\igc64.dll
0x00007fffeffb0000 - 0x00007ffff471b000 	C:\WINDOWS\System32\DriverStore\FileRepository\iigd_dch.inf_amd64_76c80f856e168f14\igc1464.dll
0x00007fffdf1e0000 - 0x00007fffdf20e000 	C:\WINDOWS\SYSTEM32\D3DSCache.dll
0x00007ff814e30000 - 0x00007ff814e5b000 	C:\WINDOWS\SYSTEM32\USERENV.dll
0x00007fffb40f0000 - 0x00007fffb4410000 	C:\WINDOWS\System32\DriverStore\FileRepository\iigd_dch.inf_amd64_76c80f856e168f14\igd12dxva64.dll
0x00007ff817d30000 - 0x00007ff8181b6000 	C:\WINDOWS\System32\SETUPAPI.dll
0x00007fffd1fb0000 - 0x00007fffd3333000 	C:\WINDOWS\System32\DriverStore\FileRepository\iigd_dch.inf_amd64_76c80f856e168f14\igddxvacommon64.dll
0x00007fffd01d0000 - 0x00007fffd1efb000 	C:\WINDOWS\System32\DriverStore\FileRepository\iigd_dch.inf_amd64_76c80f856e168f14\media_bin_64.dll
0x00007fffcfeb0000 - 0x00007fffcfed7000 	C:\WINDOWS\System32\DriverStore\FileRepository\iigd_dch.inf_amd64_76c80f856e168f14\igdinfo64.dll
0x00007ff815030000 - 0x00007ff81504c000 	C:\WINDOWS\SYSTEM32\CRYPTSP.dll
0x00007ff8147a0000 - 0x00007ff8147da000 	C:\WINDOWS\system32\rsaenh.dll
0x00007ff815050000 - 0x00007ff81505c000 	C:\WINDOWS\SYSTEM32\CRYPTBASE.dll
0x00007ffffd280000 - 0x00007ffffd2c5000 	C:\java\openjfx-23.0.2_windows-x64_bin-sdk\javafx-sdk-23.0.2\bin\glass.dll
0x00007ff8178b0000 - 0x00007ff8179a1000 	C:\WINDOWS\System32\COMDLG32.dll
0x00007ff8179b0000 - 0x00007ff817b0b000 	C:\WINDOWS\System32\MSCTF.dll
0x00007ff816d60000 - 0x00007ff816e08000 	C:\WINDOWS\System32\clbcatq.dll

dbghelp: loaded successfully - version: 4.0.5 - missing functions: none
symbol engine: initialized successfully - sym options: 0x614 - pdb path: .;C:\Users\Lenovo\Documents\eclipse\plugins\org.eclipse.justj.openjdk.hotspot.jre.full.win32.x86_64_21.0.6.v20250130-0529\jre\bin;C:\WINDOWS\SYSTEM32;C:\WINDOWS\WinSxS\amd64_microsoft.windows.common-controls_6595b64144ccf1df_6.0.26100.3323_none_3e088096e3344490;C:\Users\Lenovo\Documents\eclipse\plugins\org.eclipse.justj.openjdk.hotspot.jre.full.win32.x86_64_21.0.6.v20250130-0529\jre\bin\server;C:\java\openjfx-23.0.2_windows-x64_bin-sdk\javafx-sdk-23.0.2\bin;C:\WINDOWS\System32\DriverStore\FileRepository\iigd_dch.inf_amd64_76c80f856e168f14;C:\Program Files\Common Files\Microsoft Shared\Ink;C:\WINDOWS\WinSxS\amd64_microsoft.windows.gdiplus_6595b64144ccf1df_1.1.26100.3323_none_6ef3737c3dc6be5e;C:\Program Files\Microsoft OneDrive\25.041.0303.0002;C:\Program Files (x86)\Common Files\Adobe\CoreSyncExtension

VM Arguments:
jvm_args: --module-path=C:\java\openjfx-23.0.2_windows-x64_bin-sdk\javafx-sdk-23.0.2\lib --add-modules=javafx.controls,javafx.fxml --add-exports=javafx.base/com.sun.javafx=ALL-UNNAMED --add-exports=javafx.graphics/com.sun.glass.utils=ALL-UNNAMED --add-modules=javafx.fxml --add-exports=javafx.base/com.sun.javafx=ALL-UNNAMED -Dfile.encoding=UTF-8 -Dstdout.encoding=UTF-8 -Dstderr.encoding=UTF-8 --module-path=C:\Users\Lenovo\Documents\eclipse\plugins\org.eclipse.fx.ide.css.jfx8_3.8.0.202204150904.jar;D:\mysql-connector-j-9.2.0\mysql-connector-j-9.2.0\mysql-connector-j-9.2.0.jar;C:\java\openjfx-23.0.2_windows-x64_bin-sdk\javafx-sdk-23.0.2\lib\javafx.base.jar;C:\java\openjfx-23.0.2_windows-x64_bin-sdk\javafx-sdk-23.0.2\lib\javafx.controls.jar;C:\java\openjfx-23.0.2_windows-x64_bin-sdk\javafx-sdk-23.0.2\lib\javafx.fxml.jar;C:\java\openjfx-23.0.2_windows-x64_bin-sdk\javafx-sdk-23.0.2\lib\javafx.graphics.jar;C:\java\openjfx-23.0.2_windows-x64_bin-sdk\javafx-sdk-23.0.2\lib\javafx.media.jar;C:\java\openjfx-23.0.2_windows-x64_bin-sdk\javafx-sdk-23.0.2\lib\javafx.swing.jar;C:\java\openjfx-23.0.2_windows-x64_bin-sdk\javafx-sdk-23.0.2\lib\javafx.web.jar;C:\java\openjfx-23.0.2_windows-x64_bin-sdk\javafx-sdk-23.0.2\lib\javafx-swt.jar;C:\Users\Lenovo\Downloads\jlayer-1.0.1.jar -XX:+ShowCodeDetailsInExceptionMessages 
java_command: nepic.MainApp
java_class_path (initial): D:\git\Nepic\Javafx_Nepic\target\classes;C:\Users\Lenovo\Documents\eclipse\plugins\junit-jupiter-api_5.11.4.jar;C:\Users\Lenovo\Documents\eclipse\plugins\junit-jupiter-engine_5.11.4.jar;C:\Users\Lenovo\Documents\eclipse\plugins\junit-jupiter-migrationsupport_5.11.4.jar;C:\Users\Lenovo\Documents\eclipse\plugins\junit-jupiter-params_5.11.4.jar;C:\Users\Lenovo\Documents\eclipse\plugins\junit-platform-commons_1.11.4.jar;C:\Users\Lenovo\Documents\eclipse\plugins\junit-platform-engine_1.11.4.jar;C:\Users\Lenovo\Documents\eclipse\plugins\junit-platform-launcher_1.11.4.jar;C:\Users\Lenovo\Documents\eclipse\plugins\junit-platform-runner_1.11.4.jar;C:\Users\Lenovo\Documents\eclipse\plugins\junit-platform-suite-api_1.11.4.jar;C:\Users\Lenovo\Documents\eclipse\plugins\junit-platform-suite-engine_1.11.4.jar;C:\Users\Lenovo\Documents\eclipse\plugins\junit-platform-suite-commons_1.11.4.jar;C:\Users\Lenovo\Documents\eclipse\plugins\junit-vintage-engine_5.11.4.jar;C:\Users\Lenovo\Documents\eclipse\plugins\org.opentest4j_1.3.0.jar;C:\Users\Lenovo\Documents\eclipse\plugins\org.apiguardian.api_1.1.2.jar;C:\Users\Lenovo\Documents\eclipse\plugins\org.junit_4.13.2.v20240929-1000.jar;C:\Users\Lenovo\Documents\eclipse\plugins\org.hamcrest_3.0.0.jar;C:\java\openjfx-23.0.2_windows-x64_bin-sdk\javafx-sdk-23.0.2\lib\javafx.base.jar;C:\java\openjfx-23.0.2_windows-x64_bin-sdk\javafx-sdk-23.0.2\lib\javafx.controls.jar;C:\java\openjfx-23.0.2_windows-x64_bin-sdk\javafx-sdk-23.0.2\lib\javafx.fxml.jar;C:\java\openjfx-23.0.2_windows-x64_bin-sdk\javafx-sdk-23.0.2\lib\javafx.graphics.jar;C:\java\openjfx-23.0.2_windows-x64_bin-sdk\javafx-sdk-23.0.2\lib\javafx.media.jar;C:\java\openjfx-23.0.2_windows-x64_bin-sdk\javafx-sdk-23.0.2\lib\javafx.swing.jar;C:\java\openjfx-23.0.2_windows-x64_bin-sdk\javafx-sdk-23.0.2\lib\javafx.web.jar;C:\java\openjfx-23.0.2_windows-x64_bin-sdk\javafx-sdk-23.0.2\lib\javafx-swt.jar
Launcher Type: SUN_STANDARD

[Global flags]
     intx CICompilerCount                          = 4                                         {product} {ergonomic}
     uint ConcGCThreads                            = 3                                         {product} {ergonomic}
     uint G1ConcRefinementThreads                  = 10                                        {product} {ergonomic}
   size_t G1HeapRegionSize                         = 4194304                                   {product} {ergonomic}
    uintx GCDrainStackTargetSize                   = 64                                        {product} {ergonomic}
   size_t InitialHeapSize                          = 398458880                                 {product} {ergonomic}
   size_t MarkStackSize                            = 4194304                                   {product} {ergonomic}
   size_t MaxHeapSize                              = 6366953472                                {product} {ergonomic}
   size_t MaxNewSize                               = 3816816640                                {product} {ergonomic}
   size_t MinHeapDeltaBytes                        = 4194304                                   {product} {ergonomic}
   size_t MinHeapSize                              = 8388608                                   {product} {ergonomic}
    uintx NonNMethodCodeHeapSize                   = 5839372                                {pd product} {ergonomic}
    uintx NonProfiledCodeHeapSize                  = 122909434                              {pd product} {ergonomic}
    uintx ProfiledCodeHeapSize                     = 122909434                              {pd product} {ergonomic}
    uintx ReservedCodeCacheSize                    = 251658240                              {pd product} {ergonomic}
     bool SegmentedCodeCache                       = true                                      {product} {ergonomic}
     bool ShowCodeDetailsInExceptionMessages       = true                                   {manageable} {command line}
   size_t SoftMaxHeapSize                          = 6366953472                             {manageable} {ergonomic}
     bool UseCompressedOops                        = true                           {product lp64_product} {ergonomic}
     bool UseG1GC                                  = true                                      {product} {ergonomic}
     bool UseLargePagesIndividualAllocation        = false                                  {pd product} {ergonomic}

Logging:
Log output configuration:
 #0: stdout all=warning uptime,level,tags foldmultilines=false
 #1: stderr all=off uptime,level,tags foldmultilines=false

Environment Variables:
JAVA_HOME=C:\Program Files\Java\jdk-21.0.5
PATH=C:/Users/Lenovo/Documents/eclipse//plugins/org.eclipse.justj.openjdk.hotspot.jre.full.win32.x86_64_21.0.6.v20250130-0529/jre/bin/server;C:/Users/Lenovo/Documents/eclipse//plugins/org.eclipse.justj.openjdk.hotspot.jre.full.win32.x86_64_21.0.6.v20250130-0529/jre/bin;C:\Program Files (x86)\Common Files\Intel\Shared Libraries\redist\intel64\compiler;C:\Program Files\Common Files\Oracle\Java\javapath;C:\WINDOWS\system32;C:\WINDOWS;C:\WINDOWS\System32\Wbem;C:\WINDOWS\System32\WindowsPowerShell\v1.0\;C:\WINDOWS\System32\OpenSSH\;C:\Program Files\Java\jdk-21.0.5\bin;C:\Users\Lenovo\Documents\gradle-8.13-all\gradle-8.13\bin;C:\Program Files\Git\cmd;C:\Program Files\Java\jdk-21.0.5\bin;C:\Program Files\Common Files\Oracle\Java\javapath;C:\Windows\system32;C:\Windows;C:\Windows\System32\Wbem;C:\Windows\System32\WindowsPowerShell\v1.0\;C:\Windows\System32\OpenSSH\;C:\Program Files\Java\jdk-21\bin;C:\Program Files\MySQL\MySQL Server 8.0\bin;C:\Users\Lenovo\AppData\Local\Microsoft\WindowsApps;C:\Users\Lenovo\Documents\gradle-8.13-all\gradle-8.13\bin;;C:\Users\Lenovo\Documents\eclipse;
USERNAME=Lenovo
OS=Windows_NT
PROCESSOR_IDENTIFIER=Intel64 Family 6 Model 151 Stepping 2, GenuineIntel
TMP=C:\Users\Lenovo\AppData\Local\Temp
TEMP=C:\Users\Lenovo\AppData\Local\Temp




Periodic native trim disabled

---------------  S Y S T E M  ---------------

OS:
 Windows 11 , 64 bit Build 26100 (10.0.26100.3323)
OS uptime: 1 days 2:24 hours
Hyper-V role detected

CPU: total 12 (initial active 12) (6 cores per cpu, 2 threads per core) family 6 model 151 stepping 2 microcode 0x37, cx8, cmov, fxsr, ht, mmx, 3dnowpref, sse, sse2, sse3, ssse3, sse4.1, sse4.2, popcnt, lzcnt, tsc, tscinvbit, avx, avx2, aes, erms, clmul, bmi1, bmi2, adx, sha, fma, vzeroupper, clflush, clflushopt, clwb, hv, serialize, rdtscp, rdpid, fsrm, f16c, cet_ibt, cet_ss
Processor Information for the first 12 processors :
  Max Mhz: 2400, Current Mhz: 2400, Mhz Limit: 2400

Memory: 4k page, system-wide physical 24283M (7162M free)
TotalPageFile size 24283M (AvailPageFile size 2M)
current process WorkingSet (physical memory assigned to process): 249M, peak: 549M
current process commit charge ("private bytes"): 588M, peak: 713M

vm_info: OpenJDK 64-Bit Server VM (21.0.6+7-LTS) for windows-amd64 JRE (21.0.6+7-LTS), built on 2025-01-21T00:00:00Z by "admin" with MS VC++ 17.7 (VS2022)

END.
