#
# There is insufficient memory for the Java Runtime Environment to continue.
# Native memory allocation (malloc) failed to allocate 131088 bytes. Error detail: Chunk::new
# Possible reasons:
#   The system is out of physical RAM or swap space
#   This process is running with CompressedOops enabled, and the Java Heap may be blocking the growth of the native heap
# Possible solutions:
#   Reduce memory load on the system
#   Increase physical memory or swap space
#   Check if swap backing store is full
#   Decrease Java heap size (-Xmx/-Xms)
#   Decrease number of Java threads
#   Decrease Java thread stack sizes (-Xss)
#   Set larger code cache with -XX:ReservedCodeCacheSize=
#   JVM is running with Zero Based Compressed Oops mode in which the Java heap is
#     placed in the first 32GB address space. The Java Heap base address is the
#     maximum limit for the native heap growth. Please use -XX:HeapBaseMinAddress
#     to set the Java Heap base and to place the Java Heap above 32GB virtual address.
# This output file may be truncated or incomplete.
#
#  Out of Memory Error (arena.cpp:168), pid=18188, tid=21104
#
# JRE version: OpenJDK Runtime Environment Temurin-21.0.6+7 (21.0.6+7) (build 21.0.6+7-LTS)
# Java VM: OpenJDK 64-Bit Server VM Temurin-21.0.6+7 (21.0.6+7-LTS, mixed mode, sharing, tiered, compressed oops, compressed class ptrs, g1 gc, windows-amd64)
# No core dump will be written. Minidumps are not enabled by default on client versions of Windows
#

---------------  S U M M A R Y ------------

Command Line: --module-path=C:\java\openjfx-23.0.2_windows-x64_bin-sdk\javafx-sdk-23.0.2\lib --add-modules=javafx.controls,javafx.fxml --add-exports=javafx.base/com.sun.javafx=ALL-UNNAMED --add-exports=javafx.graphics/com.sun.glass.utils=ALL-UNNAMED --add-modules=javafx.fxml --add-exports=javafx.base/com.sun.javafx=ALL-UNNAMED -Dfile.encoding=UTF-8 -Dstdout.encoding=UTF-8 -Dstderr.encoding=UTF-8 --module-path=C:\Users\Lenovo\Documents\eclipse\plugins\org.eclipse.fx.ide.css.jfx8_3.8.0.202204150904.jar;D:\mysql-connector-j-9.2.0\mysql-connector-j-9.2.0\mysql-connector-j-9.2.0.jar;C:\java\openjfx-23.0.2_windows-x64_bin-sdk\javafx-sdk-23.0.2\lib\javafx.base.jar;C:\java\openjfx-23.0.2_windows-x64_bin-sdk\javafx-sdk-23.0.2\lib\javafx.controls.jar;C:\java\openjfx-23.0.2_windows-x64_bin-sdk\javafx-sdk-23.0.2\lib\javafx.fxml.jar;C:\java\openjfx-23.0.2_windows-x64_bin-sdk\javafx-sdk-23.0.2\lib\javafx.graphics.jar;C:\java\openjfx-23.0.2_windows-x64_bin-sdk\javafx-sdk-23.0.2\lib\javafx.media.jar;C:\java\openjfx-23.0.2_windows-x64_bin-sdk\javafx-sdk-23.0.2\lib\javafx.swing.jar;C:\java\openjfx-23.0.2_windows-x64_bin-sdk\javafx-sdk-23.0.2\lib\javafx.web.jar;C:\java\openjfx-23.0.2_windows-x64_bin-sdk\javafx-sdk-23.0.2\lib\javafx-swt.jar;C:\Users\Lenovo\Downloads\jlayer-1.0.1.jar -XX:+ShowCodeDetailsInExceptionMessages nepic.MainApp

Host: 12th Gen Intel(R) Core(TM) i5-12450HX, 12 cores, 23G,  Windows 11 , 64 bit Build 26100 (10.0.26100.3323)
Time: Thu Apr  3 19:23:26 2025 Nepal Standard Time elapsed time: 639.358305 seconds (0d 0h 10m 39s)

---------------  T H R E A D  ---------------

Current thread (0x0000021d628a5010):  JavaThread "C2 CompilerThread0" daemon [_thread_in_native, id=21104, stack(0x00000051fc900000,0x00000051fca00000) (1024K)]


Current CompileTask:
C2:639358 6539       4       com.sun.javafx.sg.prism.NodeEffectInput::filter (225 bytes)

Stack: [0x00000051fc900000,0x00000051fca00000]
Native frames: (J=compiled Java code, j=interpreted, Vv=VM code, C=native code)
V  [jvm.dll+0x6cdee9]
V  [jvm.dll+0x8a83d1]
V  [jvm.dll+0x8aa8fe]
V  [jvm.dll+0x8aafe3]
V  [jvm.dll+0x27f706]
V  [jvm.dll+0xc500d]
V  [jvm.dll+0xc5543]
V  [jvm.dll+0x6f5065]
V  [jvm.dll+0x6f5493]
V  [jvm.dll+0x6f76bd]
V  [jvm.dll+0x6f5a83]
V  [jvm.dll+0x250bee]
V  [jvm.dll+0x24937c]
V  [jvm.dll+0x246ec4]
V  [jvm.dll+0x1c75ee]
V  [jvm.dll+0x25685a]
V  [jvm.dll+0x254dfa]
V  [jvm.dll+0x3f0256]
V  [jvm.dll+0x851f8b]
V  [jvm.dll+0x6cc5ed]
C  [ucrtbase.dll+0x37b0]
C  [KERNEL32.DLL+0x2e8d7]
C  [ntdll.dll+0xbbf6c]


---------------  P R O C E S S  ---------------

Threads class SMR info:
_java_thread_list=0x0000021d70b06f40, length=24, elements={
0x0000021d45f0f730, 0x0000021d628970e0, 0x0000021d62897c30, 0x0000021d628a0b20,
0x0000021d628a1570, 0x0000021d628a1fc0, 0x0000021d628a3d80, 0x0000021d628a5010,
0x0000021d628a9ab0, 0x0000021d63220c50, 0x0000021d637d7b40, 0x0000021d6365e1d0,
0x0000021d639e8e60, 0x0000021d687ae8a0, 0x0000021d6893a1c0, 0x0000021d6896d6e0,
0x0000021d70969250, 0x0000021d70acb920, 0x0000021d70acc640, 0x0000021d70acb290,
0x0000021d70acbfb0, 0x0000021d70ac91c0, 0x0000021d70ac9850, 0x0000021d70acac00
}

Java Threads: ( => current thread )
  0x0000021d45f0f730 JavaThread "main"                              [_thread_blocked, id=15728, stack(0x00000051fbb00000,0x00000051fbc00000) (1024K)]
  0x0000021d628970e0 JavaThread "Reference Handler"          daemon [_thread_blocked, id=21856, stack(0x00000051fc300000,0x00000051fc400000) (1024K)]
  0x0000021d62897c30 JavaThread "Finalizer"                  daemon [_thread_blocked, id=16824, stack(0x00000051fc400000,0x00000051fc500000) (1024K)]
  0x0000021d628a0b20 JavaThread "Signal Dispatcher"          daemon [_thread_blocked, id=5724, stack(0x00000051fc500000,0x00000051fc600000) (1024K)]
  0x0000021d628a1570 JavaThread "Attach Listener"            daemon [_thread_blocked, id=12828, stack(0x00000051fc600000,0x00000051fc700000) (1024K)]
  0x0000021d628a1fc0 JavaThread "Service Thread"             daemon [_thread_blocked, id=19700, stack(0x00000051fc700000,0x00000051fc800000) (1024K)]
  0x0000021d628a3d80 JavaThread "Monitor Deflation Thread"   daemon [_thread_blocked, id=19132, stack(0x00000051fc800000,0x00000051fc900000) (1024K)]
=>0x0000021d628a5010 JavaThread "C2 CompilerThread0"         daemon [_thread_in_native, id=21104, stack(0x00000051fc900000,0x00000051fca00000) (1024K)]
  0x0000021d628a9ab0 JavaThread "C1 CompilerThread0"         daemon [_thread_blocked, id=14524, stack(0x00000051fca00000,0x00000051fcb00000) (1024K)]
  0x0000021d63220c50 JavaThread "Common-Cleaner"             daemon [_thread_blocked, id=20904, stack(0x00000051fcb00000,0x00000051fcc00000) (1024K)]
  0x0000021d637d7b40 JavaThread "Notification Thread"        daemon [_thread_blocked, id=8312, stack(0x00000051fce00000,0x00000051fcf00000) (1024K)]
  0x0000021d6365e1d0 JavaThread "QuantumRenderer-0"          daemon [_thread_blocked, id=10800, stack(0x00000051fcf00000,0x00000051fd000000) (1024K)]
  0x0000021d639e8e60 JavaThread "InvokeLaterDispatcher"      daemon [_thread_in_native, id=17376, stack(0x00000051fcc00000,0x00000051fcd00000) (1024K)]
  0x0000021d687ae8a0 JavaThread "JavaFX Application Thread"         [_thread_in_native, id=21896, stack(0x00000051fcd00000,0x00000051fce00000) (1024K)]
  0x0000021d6893a1c0 JavaThread "JavaFX-Launcher"                   [_thread_blocked, id=14788, stack(0x00000051fde00000,0x00000051fdf00000) (1024K)]
  0x0000021d6896d6e0 JavaThread "Thread-2"                   daemon [_thread_in_native, id=21212, stack(0x00000051fd500000,0x00000051fd600000) (1024K)]
  0x0000021d70969250 JavaThread "Prism Font Disposer"        daemon [_thread_blocked, id=16920, stack(0x00000051fe400000,0x00000051fe500000) (1024K)]
  0x0000021d70acb920 JavaThread "Cleaner-0"                  daemon [_thread_blocked, id=5024, stack(0x00000051fe600000,0x00000051fe700000) (1024K)]
  0x0000021d70acc640 JavaThread "mysql-cj-abandoned-connection-cleanup" daemon [_thread_blocked, id=21412, stack(0x00000051fdf00000,0x00000051fe000000) (1024K)]
  0x0000021d70acb290 JavaThread "JFXMedia Player EventQueueThread" daemon [_thread_blocked, id=14716, stack(0x00000051fe900000,0x00000051fea00000) (1024K)]
  0x0000021d70acbfb0 JavaThread "JFXMedia Player EventQueueThread" daemon [_thread_blocked, id=17396, stack(0x00000051ff200000,0x00000051ff300000) (1024K)]
  0x0000021d70ac91c0 JavaThread "JFXMedia Player EventQueueThread" daemon [_thread_blocked, id=19652, stack(0x0000005180400000,0x0000005180500000) (1024K)]
  0x0000021d70ac9850 JavaThread "JFXMedia Player EventQueueThread" daemon [_thread_blocked, id=12840, stack(0x0000005180900000,0x0000005180a00000) (1024K)]
  0x0000021d70acac00 JavaThread "JFXMedia Player EventQueueThread" daemon [_thread_blocked, id=16780, stack(0x0000005180e00000,0x0000005180f00000) (1024K)]
Total: 24

Other Threads:
  0x0000021d628808b0 VMThread "VM Thread"                           [id=2824, stack(0x00000051fc200000,0x00000051fc300000) (1024K)]
  0x0000021d6286d0d0 WatcherThread "VM Periodic Task Thread"        [id=17700, stack(0x00000051fc100000,0x00000051fc200000) (1024K)]
  0x0000021d45f968f0 WorkerThread "GC Thread#0"                     [id=21660, stack(0x00000051fbc00000,0x00000051fbd00000) (1024K)]
  0x0000021d6287fdd0 WorkerThread "GC Thread#1"                     [id=16324, stack(0x00000051fd600000,0x00000051fd700000) (1024K)]
  0x0000021d6287fa30 WorkerThread "GC Thread#2"                     [id=22516, stack(0x00000051fd700000,0x00000051fd800000) (1024K)]
  0x0000021d62880ff0 WorkerThread "GC Thread#3"                     [id=10144, stack(0x00000051fd800000,0x00000051fd900000) (1024K)]
  0x0000021d6287f690 WorkerThread "GC Thread#4"                     [id=11156, stack(0x00000051fd900000,0x00000051fda00000) (1024K)]
  0x0000021d62880170 WorkerThread "GC Thread#5"                     [id=18148, stack(0x00000051fda00000,0x00000051fdb00000) (1024K)]
  0x0000021d62880510 WorkerThread "GC Thread#6"                     [id=10704, stack(0x00000051fdb00000,0x00000051fdc00000) (1024K)]
  0x0000021d68936800 WorkerThread "GC Thread#7"                     [id=3084, stack(0x00000051fdc00000,0x00000051fdd00000) (1024K)]
  0x0000021d68935240 WorkerThread "GC Thread#8"                     [id=17696, stack(0x00000051fdd00000,0x00000051fde00000) (1024K)]
  0x0000021d689338e0 WorkerThread "GC Thread#9"                     [id=16464, stack(0x00000051fe500000,0x00000051fe600000) (1024K)]
  0x0000021d45fa3620 ConcurrentGCThread "G1 Main Marker"            [id=9148, stack(0x00000051fbd00000,0x00000051fbe00000) (1024K)]
  0x0000021d45fa5650 WorkerThread "G1 Conc#0"                       [id=3216, stack(0x00000051fbe00000,0x00000051fbf00000) (1024K)]
  0x0000021d689343c0 WorkerThread "G1 Conc#1"                       [id=15656, stack(0x00000051fe700000,0x00000051fe800000) (1024K)]
  0x0000021d689355e0 WorkerThread "G1 Conc#2"                       [id=21340, stack(0x00000051fe800000,0x00000051fe900000) (1024K)]
  0x0000021d62734090 ConcurrentGCThread "G1 Refine#0"               [id=10492, stack(0x00000051fbf00000,0x00000051fc000000) (1024K)]
  0x0000021d62734a10 ConcurrentGCThread "G1 Service"                [id=18800, stack(0x00000051fc000000,0x00000051fc100000) (1024K)]
Total: 18

Threads with active compile tasks:
C2 CompilerThread0  639380 6539       4       com.sun.javafx.sg.prism.NodeEffectInput::filter (225 bytes)
Total: 1

VM state: not at safepoint (normal execution)

VM Mutex/Monitor currently owned by a thread: None

Heap address: 0x0000000684800000, size: 6072 MB, Compressed Oops mode: Zero based, Oop shift amount: 3

CDS archive(s) mapped at: [0x0000021d00000000-0x0000021d00c80000-0x0000021d00c80000), size 13107200, SharedBaseAddress: 0x0000021d00000000, ArchiveRelocationMode: 1.
Compressed class space mapped at: 0x0000021d01000000-0x0000021d41000000, reserved size: 1073741824
Narrow klass base: 0x0000021d00000000, Narrow klass shift: 0, Narrow klass range: 0x100000000

GC Precious Log:
 CardTable entry size: 512
 Card Set container configuration: InlinePtr #cards 4 size 8 Array Of Cards #cards 32 size 80 Howl #buckets 8 coarsen threshold 7372 Howl Bitmap #cards 1024 size 144 coarsen threshold 921 Card regions per heap region 1 cards per card region 8192
 CPUs: 12 total, 12 available
 Memory: 24283M
 Large Page Support: Disabled
 NUMA Support: Disabled
 Compressed Oops: Enabled (Zero based)
 Heap Region Size: 4M
 Heap Min Capacity: 8M
 Heap Initial Capacity: 380M
 Heap Max Capacity: 6072M
 Pre-touch: Disabled
 Parallel Workers: 10
 Concurrent Workers: 3
 Concurrent Refinement Workers: 10
 Periodic GC: Disabled

Heap:
 garbage-first heap   total 86016K, used 65515K [0x0000000684800000, 0x0000000800000000)
  region size 4096K, 8 young (32768K), 1 survivors (4096K)
 Metaspace       used 29342K, committed 29696K, reserved 1114112K
  class space    used 3925K, committed 4096K, reserved 1048576K

Heap Regions: E=young(eden), S=young(survivor), O=old, HS=humongous(starts), HC=humongous(continues), CS=collection set, F=free, TAMS=top-at-mark-start, PB=parsable bottom
|   0|0x0000000684800000, 0x0000000684c00000, 0x0000000684c00000|100%|HS|  |TAMS 0x0000000684800000| PB 0x0000000684800000| Complete 
|   1|0x0000000684c00000, 0x0000000685000000, 0x0000000685000000|100%|HC|  |TAMS 0x0000000684c00000| PB 0x0000000684c00000| Complete 
|   2|0x0000000685000000, 0x0000000685400000, 0x0000000685400000|100%|HC|  |TAMS 0x0000000685000000| PB 0x0000000685000000| Complete 
|   3|0x0000000685400000, 0x0000000685800000, 0x0000000685800000|100%|HC|  |TAMS 0x0000000685400000| PB 0x0000000685400000| Complete 
|   4|0x0000000685800000, 0x0000000685c00000, 0x0000000685c00000|100%|HC|  |TAMS 0x0000000685800000| PB 0x0000000685800000| Complete 
|   5|0x0000000685c00000, 0x0000000686000000, 0x0000000686000000|100%| O|  |TAMS 0x0000000685c00000| PB 0x0000000685c00000| Untracked 
|   6|0x0000000686000000, 0x0000000686400000, 0x0000000686400000|100%| O|  |TAMS 0x0000000686000000| PB 0x0000000686000000| Untracked 
|   7|0x0000000686400000, 0x0000000686400000, 0x0000000686800000|  0%| F|  |TAMS 0x0000000686400000| PB 0x0000000686400000| Untracked 
|   8|0x0000000686800000, 0x0000000686b48710, 0x0000000686c00000| 82%| O|  |TAMS 0x0000000686800000| PB 0x0000000686800000| Untracked 
|   9|0x0000000686c00000, 0x0000000686c00000, 0x0000000687000000|  0%| F|  |TAMS 0x0000000686c00000| PB 0x0000000686c00000| Untracked 
|  10|0x0000000687000000, 0x0000000687000000, 0x0000000687400000|  0%| F|  |TAMS 0x0000000687000000| PB 0x0000000687000000| Untracked 
|  11|0x0000000687400000, 0x00000006874b2770, 0x0000000687800000| 17%| S|CS|TAMS 0x0000000687400000| PB 0x0000000687400000| Complete 
|  12|0x0000000687800000, 0x0000000687b63c28, 0x0000000687c00000| 84%| E|  |TAMS 0x0000000687800000| PB 0x0000000687800000| Complete 
|  13|0x0000000687c00000, 0x0000000688000000, 0x0000000688000000|100%| E|CS|TAMS 0x0000000687c00000| PB 0x0000000687c00000| Complete 
|  80|0x0000000698800000, 0x0000000698c00000, 0x0000000698c00000|100%| E|CS|TAMS 0x0000000698800000| PB 0x0000000698800000| Complete 
|  83|0x0000000699400000, 0x0000000699800000, 0x0000000699800000|100%| E|CS|TAMS 0x0000000699400000| PB 0x0000000699400000| Complete 
|  84|0x0000000699800000, 0x0000000699c00000, 0x0000000699c00000|100%| E|CS|TAMS 0x0000000699800000| PB 0x0000000699800000| Complete 
|  85|0x0000000699c00000, 0x000000069a000000, 0x000000069a000000|100%| E|CS|TAMS 0x0000000699c00000| PB 0x0000000699c00000| Complete 
|  94|0x000000069c000000, 0x000000069c400000, 0x000000069c400000|100%| E|CS|TAMS 0x000000069c000000| PB 0x000000069c000000| Complete 
|1516|0x00000007ff800000, 0x00000007ffc00000, 0x00000007ffc00000|100%| O|  |TAMS 0x00000007ff800000| PB 0x00000007ff800000| Untracked 
|1517|0x00000007ffc00000, 0x0000000800000000, 0x0000000800000000|100%| O|  |TAMS 0x00000007ffc00000| PB 0x00000007ffc00000| Untracked 

Card table byte_map: [0x0000021d599d0000,0x0000021d5a5b0000] _byte_map_base: 0x0000021d565ac000

Marking Bits: (CMBitMap*) 0x0000021d45f96f00
 Bits: [0x0000021d5a5b0000, 0x0000021d60490000)

Polling page: 0x0000021d45690000

Metaspace:

Usage:
  Non-class:     24.82 MB used.
      Class:      3.83 MB used.
       Both:     28.65 MB used.

Virtual space:
  Non-class space:       64.00 MB reserved,      25.00 MB ( 39%) committed,  1 nodes.
      Class space:        1.00 GB reserved,       4.00 MB ( <1%) committed,  1 nodes.
             Both:        1.06 GB reserved,      29.00 MB (  3%) committed. 

Chunk freelists:
   Non-Class:  6.08 MB
       Class:  11.95 MB
        Both:  18.03 MB

MaxMetaspaceSize: unlimited
CompressedClassSpaceSize: 1.00 GB
Initial GC threshold: 21.00 MB
Current GC threshold: 35.12 MB
CDS: on
 - commit_granule_bytes: 65536.
 - commit_granule_words: 8192.
 - virtual_space_node_default_size: 8388608.
 - enlarge_chunks_in_place: 1.
 - use_allocation_guard: 0.


Internal statistics:

num_allocs_failed_limit: 3.
num_arena_births: 424.
num_arena_deaths: 0.
num_vsnodes_births: 2.
num_vsnodes_deaths: 0.
num_space_committed: 464.
num_space_uncommitted: 0.
num_chunks_returned_to_freelist: 3.
num_chunks_taken_from_freelist: 1310.
num_chunk_merges: 3.
num_chunk_splits: 898.
num_chunks_enlarged: 659.
num_inconsistent_stats: 0.

CodeHeap 'non-profiled nmethods': size=120000Kb used=4533Kb max_used=4533Kb free=115466Kb
 bounds [0x0000021d51370000, 0x0000021d517e0000, 0x0000021d588a0000]
CodeHeap 'profiled nmethods': size=120000Kb used=13273Kb max_used=13273Kb free=106726Kb
 bounds [0x0000021d498a0000, 0x0000021d4a5a0000, 0x0000021d50dd0000]
CodeHeap 'non-nmethods': size=5760Kb used=1972Kb max_used=2040Kb free=3787Kb
 bounds [0x0000021d50dd0000, 0x0000021d51040000, 0x0000021d51370000]
 total_blobs=7481 nmethods=6536 adapters=847
 compilation: enabled
              stopped_count=0, restarted_count=0
 full_count=0

Compilation events (20 events):
Event: 108.740 Thread 0x0000021d628a9ab0 nmethod 6529 0x0000021d4a58b610 code [0x0000021d4a58b800, 0x0000021d4a58be78]
Event: 108.740 Thread 0x0000021d628a9ab0 6530       3       javafx.scene.control.skin.TextInputControlSkin$CaretBlinking::lambda$new$0 (6 bytes)
Event: 108.740 Thread 0x0000021d628a9ab0 nmethod 6530 0x0000021d4a58c090 code [0x0000021d4a58c360, 0x0000021d4a58d300]
Event: 634.890 Thread 0x0000021d628a5010 6531       4       com.sun.javafx.sg.prism.NGNode::renderClip (450 bytes)
Event: 634.894 Thread 0x0000021d628a9ab0 6532       3       javafx.scene.control.skin.TextInputControlSkin$CaretBlinking$$Lambda/0x0000021d011f6888::handle (12 bytes)
Event: 634.895 Thread 0x0000021d628a9ab0 nmethod 6532 0x0000021d4a58d790 code [0x0000021d4a58d980, 0x0000021d4a58dff8]
Event: 634.895 Thread 0x0000021d628a9ab0 6533       3       javafx.scene.control.skin.TextInputControlSkin$CaretBlinking::lambda$new$1 (6 bytes)
Event: 634.896 Thread 0x0000021d628a9ab0 nmethod 6533 0x0000021d4a58e210 code [0x0000021d4a58e4e0, 0x0000021d4a58f480]
Event: 634.913 Thread 0x0000021d628a5010 nmethod 6531 0x0000021d517d8f10 code [0x0000021d517d92c0, 0x0000021d517dab18]
Event: 634.914 Thread 0x0000021d628a5010 6534       4       javafx.beans.property.BooleanPropertyBase::set (76 bytes)
Event: 634.915 Thread 0x0000021d628a5010 nmethod 6534 0x0000021d517dbb90 code [0x0000021d517dbd20, 0x0000021d517dbe38]
Event: 636.067 Thread 0x0000021d628a5010 6535       4       com.sun.prism.impl.BaseGraphics::getAssociatedScreen (8 bytes)
Event: 636.067 Thread 0x0000021d628a5010 nmethod 6535 0x0000021d517dbf90 code [0x0000021d517dc120, 0x0000021d517dc1c8]
Event: 636.248 Thread 0x0000021d628a5010 6536       4       com.sun.prism.impl.BaseGraphics::setTransform (27 bytes)
Event: 636.248 Thread 0x0000021d628a9ab0 6537       3       com.sun.scenario.effect.impl.prism.ps.PPSOneSamplerPeer::filterImpl (532 bytes)
Event: 636.251 Thread 0x0000021d628a9ab0 nmethod 6537 0x0000021d4a58f910 code [0x0000021d4a58ff00, 0x0000021d4a594348]
Event: 636.251 Thread 0x0000021d628a9ab0 6538       3       com.sun.scenario.effect.impl.prism.ps.PPSRenderer::getCompatibleImage (29 bytes)
Event: 636.251 Thread 0x0000021d628a9ab0 nmethod 6538 0x0000021d4a595b10 code [0x0000021d4a595d00, 0x0000021d4a5962c8]
Event: 636.254 Thread 0x0000021d628a5010 nmethod 6536 0x0000021d517dc290 code [0x0000021d517dc5c0, 0x0000021d517dd1a0]
Event: 637.334 Thread 0x0000021d628a5010 6539       4       com.sun.javafx.sg.prism.NodeEffectInput::filter (225 bytes)

GC Heap History (12 events):
Event: 0.424 GC heap before
{Heap before GC invocations=0 (full 0):
 garbage-first heap   total 389120K, used 16384K [0x0000000684800000, 0x0000000800000000)
  region size 4096K, 5 young (20480K), 0 survivors (0K)
 Metaspace       used 3670K, committed 3840K, reserved 1114112K
  class space    used 363K, committed 448K, reserved 1048576K
}
Event: 0.427 GC heap after
{Heap after GC invocations=1 (full 0):
 garbage-first heap   total 389120K, used 2459K [0x0000000684800000, 0x0000000800000000)
  region size 4096K, 1 young (4096K), 1 survivors (4096K)
 Metaspace       used 3670K, committed 3840K, reserved 1114112K
  class space    used 363K, committed 448K, reserved 1048576K
}
Event: 0.929 GC heap before
{Heap before GC invocations=1 (full 0):
 garbage-first heap   total 389120K, used 43419K [0x0000000684800000, 0x0000000800000000)
  region size 4096K, 12 young (49152K), 1 survivors (4096K)
 Metaspace       used 11787K, committed 12160K, reserved 1114112K
  class space    used 1632K, committed 1792K, reserved 1048576K
}
Event: 0.934 GC heap after
{Heap after GC invocations=2 (full 0):
 garbage-first heap   total 389120K, used 7689K [0x0000000684800000, 0x0000000800000000)
  region size 4096K, 2 young (8192K), 2 survivors (8192K)
 Metaspace       used 11787K, committed 12160K, reserved 1114112K
  class space    used 1632K, committed 1792K, reserved 1048576K
}
Event: 8.433 GC heap before
{Heap before GC invocations=2 (full 0):
 garbage-first heap   total 389120K, used 40457K [0x0000000684800000, 0x0000000800000000)
  region size 4096K, 11 young (45056K), 2 survivors (8192K)
 Metaspace       used 21191K, committed 21504K, reserved 1114112K
  class space    used 2912K, committed 3072K, reserved 1048576K
}
Event: 8.439 GC heap after
{Heap after GC invocations=3 (full 0):
 garbage-first heap   total 389120K, used 13154K [0x0000000684800000, 0x0000000800000000)
  region size 4096K, 4 young (16384K), 4 survivors (16384K)
 Metaspace       used 21191K, committed 21504K, reserved 1114112K
  class space    used 2912K, committed 3072K, reserved 1048576K
}
Event: 14.921 GC heap before
{Heap before GC invocations=4 (full 0):
 garbage-first heap   total 57344K, used 50018K [0x0000000684800000, 0x0000000800000000)
  region size 4096K, 13 young (53248K), 4 survivors (16384K)
 Metaspace       used 27400K, committed 27840K, reserved 1114112K
  class space    used 3767K, committed 3968K, reserved 1048576K
}
Event: 14.928 GC heap after
{Heap after GC invocations=5 (full 0):
 garbage-first heap   total 77824K, used 18270K [0x0000000684800000, 0x0000000800000000)
  region size 4096K, 5 young (20480K), 5 survivors (20480K)
 Metaspace       used 27400K, committed 27840K, reserved 1114112K
  class space    used 3767K, committed 3968K, reserved 1048576K
}
Event: 49.636 GC heap before
{Heap before GC invocations=5 (full 0):
 garbage-first heap   total 77824K, used 59230K [0x0000000684800000, 0x0000000800000000)
  region size 4096K, 11 young (45056K), 5 survivors (20480K)
 Metaspace       used 28630K, committed 29056K, reserved 1114112K
  class space    used 3896K, committed 4096K, reserved 1048576K
}
Event: 49.648 GC heap after
{Heap after GC invocations=6 (full 0):
 garbage-first heap   total 86016K, used 40148K [0x0000000684800000, 0x0000000800000000)
  region size 4096K, 1 young (4096K), 1 survivors (4096K)
 Metaspace       used 28630K, committed 29056K, reserved 1114112K
  class space    used 3896K, committed 4096K, reserved 1048576K
}
Event: 79.884 GC heap before
{Heap before GC invocations=6 (full 0):
 garbage-first heap   total 86016K, used 68820K [0x0000000684800000, 0x0000000800000000)
  region size 4096K, 8 young (32768K), 1 survivors (4096K)
 Metaspace       used 28985K, committed 29376K, reserved 1114112K
  class space    used 3903K, committed 4096K, reserved 1048576K
}
Event: 79.886 GC heap after
{Heap after GC invocations=7 (full 0):
 garbage-first heap   total 86016K, used 40939K [0x0000000684800000, 0x0000000800000000)
  region size 4096K, 1 young (4096K), 1 survivors (4096K)
 Metaspace       used 28985K, committed 29376K, reserved 1114112K
  class space    used 3903K, committed 4096K, reserved 1048576K
}

Dll operation events (20 events):
Event: 0.196 Loaded shared library C:\java\openjfx-23.0.2_windows-x64_bin-sdk\javafx-sdk-23.0.2\bin\api-ms-win-crt-stdio-l1-1-0.dll
Event: 0.197 Loaded shared library C:\java\openjfx-23.0.2_windows-x64_bin-sdk\javafx-sdk-23.0.2\bin\api-ms-win-crt-string-l1-1-0.dll
Event: 0.197 Loaded shared library C:\java\openjfx-23.0.2_windows-x64_bin-sdk\javafx-sdk-23.0.2\bin\api-ms-win-crt-time-l1-1-0.dll
Event: 0.198 Loaded shared library C:\java\openjfx-23.0.2_windows-x64_bin-sdk\javafx-sdk-23.0.2\bin\api-ms-win-crt-utility-l1-1-0.dll
Event: 0.199 Loaded shared library C:\java\openjfx-23.0.2_windows-x64_bin-sdk\javafx-sdk-23.0.2\bin\ucrtbase.dll
Event: 0.200 Loaded shared library C:\java\openjfx-23.0.2_windows-x64_bin-sdk\javafx-sdk-23.0.2\bin\vcruntime140.dll
Event: 0.200 Loaded shared library C:\java\openjfx-23.0.2_windows-x64_bin-sdk\javafx-sdk-23.0.2\bin\vcruntime140_1.dll
Event: 0.201 Loaded shared library C:\java\openjfx-23.0.2_windows-x64_bin-sdk\javafx-sdk-23.0.2\bin\msvcp140.dll
Event: 0.202 Loaded shared library C:\java\openjfx-23.0.2_windows-x64_bin-sdk\javafx-sdk-23.0.2\bin\msvcp140_1.dll
Event: 0.203 Loaded shared library C:\java\openjfx-23.0.2_windows-x64_bin-sdk\javafx-sdk-23.0.2\bin\msvcp140_2.dll
Event: 0.225 Loaded shared library C:\java\openjfx-23.0.2_windows-x64_bin-sdk\javafx-sdk-23.0.2\bin\prism_d3d.dll
Event: 0.345 Loaded shared library C:\java\openjfx-23.0.2_windows-x64_bin-sdk\javafx-sdk-23.0.2\bin\glass.dll
Event: 0.444 Loaded shared library C:\Users\Lenovo\Documents\eclipse\plugins\org.eclipse.justj.openjdk.hotspot.jre.full.win32.x86_64_21.0.6.v20250130-0529\jre\bin\jimage.dll
Event: 0.689 Loaded shared library C:\java\openjfx-23.0.2_windows-x64_bin-sdk\javafx-sdk-23.0.2\bin\javafx_font.dll
Event: 8.294 Loaded shared library C:\Users\Lenovo\Documents\eclipse\plugins\org.eclipse.justj.openjdk.hotspot.jre.full.win32.x86_64_21.0.6.v20250130-0529\jre\bin\extnet.dll
Event: 8.446 Loaded shared library C:\Users\Lenovo\Documents\eclipse\plugins\org.eclipse.justj.openjdk.hotspot.jre.full.win32.x86_64_21.0.6.v20250130-0529\jre\bin\sunmscapi.dll
Event: 14.904 Loaded shared library C:\java\openjfx-23.0.2_windows-x64_bin-sdk\javafx-sdk-23.0.2\bin\javafx_iio.dll
Event: 21.872 Loaded shared library C:\java\openjfx-23.0.2_windows-x64_bin-sdk\javafx-sdk-23.0.2\bin\glib-lite.dll
Event: 21.881 Loaded shared library C:\java\openjfx-23.0.2_windows-x64_bin-sdk\javafx-sdk-23.0.2\bin\gstreamer-lite.dll
Event: 21.884 Loaded shared library C:\java\openjfx-23.0.2_windows-x64_bin-sdk\javafx-sdk-23.0.2\bin\jfxmedia.dll

Deoptimization events (20 events):
Event: 103.301 Thread 0x0000021d687ae8a0 Uncommon trap: trap_request=0xffffffcc fr.pc=0x0000021d517bfa44 relative=0x0000000000000204
Event: 103.301 Thread 0x0000021d687ae8a0 Uncommon trap: reason=intrinsic_or_type_checked_inlining action=make_not_entrant pc=0x0000021d517bfa44 method=java.util.Arrays.copyOf([Ljava/lang/Object;ILjava/lang/Class;)[Ljava/lang/Object; @ 35 c2
Event: 103.301 Thread 0x0000021d687ae8a0 DEOPT PACKING pc=0x0000021d517bfa44 sp=0x00000051fcdfc0d0
Event: 103.301 Thread 0x0000021d687ae8a0 DEOPT UNPACKING pc=0x0000021d50e246a2 sp=0x00000051fcdfc078 mode 2
Event: 636.058 Thread 0x0000021d6365e1d0 Uncommon trap: trap_request=0xfffffff4 fr.pc=0x0000021d51709ca4 relative=0x000000000000ed24
Event: 636.058 Thread 0x0000021d6365e1d0 Uncommon trap: reason=null_check action=make_not_entrant pc=0x0000021d51709ca4 method=com.sun.scenario.effect.impl.prism.PrFilterContext.getInstance(Lcom/sun/glass/ui/Screen;)Lcom/sun/scenario/effect/impl/prism/PrFilterContext; @ 23 c2
Event: 636.058 Thread 0x0000021d6365e1d0 DEOPT PACKING pc=0x0000021d51709ca4 sp=0x00000051fcffe430
Event: 636.058 Thread 0x0000021d6365e1d0 DEOPT UNPACKING pc=0x0000021d50e246a2 sp=0x00000051fcffe3d0 mode 2
Event: 636.058 Thread 0x0000021d6365e1d0 Uncommon trap: trap_request=0xfffffff4 fr.pc=0x0000021d516de9ec relative=0x000000000000360c
Event: 636.058 Thread 0x0000021d6365e1d0 Uncommon trap: reason=null_check action=make_not_entrant pc=0x0000021d516de9ec method=com.sun.scenario.effect.impl.Renderer.getRenderer(Lcom/sun/scenario/effect/FilterContext;)Lcom/sun/scenario/effect/impl/Renderer; @ 23 c2
Event: 636.058 Thread 0x0000021d6365e1d0 DEOPT PACKING pc=0x0000021d516de9ec sp=0x00000051fcffe030
Event: 636.058 Thread 0x0000021d6365e1d0 DEOPT UNPACKING pc=0x0000021d50e246a2 sp=0x00000051fcffdeb8 mode 2
Event: 636.058 Thread 0x0000021d6365e1d0 Uncommon trap: trap_request=0xffffff45 fr.pc=0x0000021d51678c00 relative=0x0000000000000240
Event: 636.058 Thread 0x0000021d6365e1d0 Uncommon trap: reason=unstable_if action=reinterpret pc=0x0000021d51678c00 method=com.sun.scenario.effect.impl.prism.ps.PPSRenderer.validate()Z @ 13 c2
Event: 636.058 Thread 0x0000021d6365e1d0 DEOPT PACKING pc=0x0000021d51678c00 sp=0x00000051fcffde90
Event: 636.058 Thread 0x0000021d6365e1d0 DEOPT UNPACKING pc=0x0000021d50e246a2 sp=0x00000051fcffddf0 mode 2
Event: 636.059 Thread 0x0000021d6365e1d0 Uncommon trap: trap_request=0xffffff45 fr.pc=0x0000021d516bf92c relative=0x00000000000055cc
Event: 636.059 Thread 0x0000021d6365e1d0 Uncommon trap: reason=unstable_if action=reinterpret pc=0x0000021d516bf92c method=com.sun.scenario.effect.impl.prism.ps.PPSOneSamplerPeer.filterImpl([Lcom/sun/scenario/effect/ImageData;)Lcom/sun/scenario/effect/ImageData; @ 210 c2
Event: 636.059 Thread 0x0000021d6365e1d0 DEOPT PACKING pc=0x0000021d516bf92c sp=0x00000051fcffdee0
Event: 636.059 Thread 0x0000021d6365e1d0 DEOPT UNPACKING pc=0x0000021d50e246a2 sp=0x00000051fcffde58 mode 2

Classes loaded (20 events):
Event: 103.305 Loading class sun/util/logging/resources/logging
Event: 103.305 Loading class sun/util/logging/resources/logging done
Event: 103.305 Loading class sun/util/logging/resources/logging_en
Event: 103.305 Loading class sun/util/logging/resources/logging_en done
Event: 103.305 Loading class sun/util/logging/resources/logging_en
Event: 103.305 Loading class sun/util/logging/resources/logging_en done
Event: 103.305 Loading class sun/util/logging/resources/logging_en_US
Event: 103.305 Loading class sun/util/logging/resources/logging_en_US done
Event: 103.305 Loading class sun/util/logging/resources/logging_en_US
Event: 103.305 Loading class sun/util/logging/resources/logging_en_US done
Event: 103.305 Loading class java/util/Formatter$DateTime
Event: 103.305 Loading class java/util/Formatter$DateTime done
Event: 103.305 Loading class java/util/Formatter$FixedString
Event: 103.305 Loading class java/util/Formatter$FixedString done
Event: 103.306 Loading class java/time/ZonedDateTime$1
Event: 103.306 Loading class java/time/ZonedDateTime$1 done
Event: 111.067 Loading class java/util/Collections$UnmodifiableMap$UnmodifiableEntrySet$1
Event: 111.067 Loading class java/util/Collections$UnmodifiableMap$UnmodifiableEntrySet$1 done
Event: 111.067 Loading class java/util/Collections$UnmodifiableMap$UnmodifiableEntrySet$UnmodifiableEntry
Event: 111.067 Loading class java/util/Collections$UnmodifiableMap$UnmodifiableEntrySet$UnmodifiableEntry done

Classes unloaded (0 events):
No events

Classes redefined (0 events):
No events

Internal exceptions (20 events):
Event: 14.812 Thread 0x0000021d687ae8a0 Exception <a 'java/io/FileNotFoundException'{0x000000068557e520}> (0x000000068557e520) 
thrown [s\src\hotspot\share\prims\jni.cpp, line 520]
Event: 14.814 Thread 0x0000021d687ae8a0 Exception <a 'java/io/FileNotFoundException'{0x0000000685664178}> (0x0000000685664178) 
thrown [s\src\hotspot\share\prims\jni.cpp, line 520]
Event: 14.814 Thread 0x0000021d687ae8a0 Exception <a 'java/io/FileNotFoundException'{0x0000000685665fd8}> (0x0000000685665fd8) 
thrown [s\src\hotspot\share\prims\jni.cpp, line 520]
Event: 21.889 Thread 0x0000021d687ae8a0 Exception <a 'java/lang/NoSuchMethodError'{0x00000006994529b0}: 'long java.lang.invoke.DirectMethodHandle$Holder.invokeVirtual(java.lang.Object, java.lang.Object)'> (0x00000006994529b0) 
thrown [s\src\hotspot\share\interpreter\linkResolver.cpp, line 773]
Event: 21.889 Thread 0x0000021d687ae8a0 Exception <a 'java/lang/NoSuchMethodError'{0x0000000699456400}: 'long java.lang.invoke.DelegatingMethodHandle$Holder.reinvoke_L(java.lang.Object, java.lang.Object)'> (0x0000000699456400) 
thrown [s\src\hotspot\share\interpreter\linkResolver.cpp, line 773]
Event: 21.892 Thread 0x0000021d687ae8a0 Implicit null exception at 0x0000021d514d7a44 to 0x0000021d514d80c0
Event: 21.892 Thread 0x0000021d687ae8a0 Implicit null exception at 0x0000021d514d5840 to 0x0000021d514d5eb0
Event: 21.942 Thread 0x0000021d687ae8a0 Exception <a 'java/lang/IllegalAccessError'{0x0000000699552808}: class javafx.scene.media.MediaPlayerShutdownHook (in unnamed module @0x670d6324) cannot access class com.sun.javafx.tk.Toolkit (in module javafx.graphics) because module javafx.graphics does not export com.sun.javafx.tk to unnamed module @0x670d6324> (0x0000000699552808) 
thrown [s\src\hotspot\share\interpreter\linkResolver.cpp, line 311]
Event: 21.942 Thread 0x0000021d687ae8a0 Exception <a 'java/lang/IllegalAccessError'{0x0000000699552808}> (0x0000000699552808) 
thrown [s\src\hotspot\share\oops\instanceKlass.cpp, line 1220]
Event: 64.902 Thread 0x0000021d687ae8a0 Implicit null exception at 0x0000021d515e13fb to 0x0000021d515e19bc
Event: 64.902 Thread 0x0000021d687ae8a0 Implicit null exception at 0x0000021d515d6f3b to 0x0000021d515d795c
Event: 75.682 Thread 0x0000021d687ae8a0 Implicit null exception at 0x0000021d515e2b37 to 0x0000021d515e31e4
Event: 91.857 Thread 0x0000021d687ae8a0 Exception <a 'java/lang/NoClassDefFoundError'{0x00000006999facf0}: Could not initialize class javafx.scene.media.MediaPlayerShutdownHook> (0x00000006999facf0) 
thrown [s\src\hotspot\share\oops\instanceKlass.cpp, line 1127]
Event: 94.879 Thread 0x0000021d687ae8a0 Exception <a 'java/lang/NoClassDefFoundError'{0x0000000699428a78}: Could not initialize class javafx.scene.media.MediaPlayerShutdownHook> (0x0000000699428a78) 
thrown [s\src\hotspot\share\oops\instanceKlass.cpp, line 1127]
Event: 95.984 Thread 0x0000021d687ae8a0 Exception <a 'java/lang/NoClassDefFoundError'{0x0000000699689320}: Could not initialize class javafx.scene.media.MediaPlayerShutdownHook> (0x0000000699689320) 
thrown [s\src\hotspot\share\oops\instanceKlass.cpp, line 1127]
Event: 97.674 Thread 0x0000021d687ae8a0 Exception <a 'java/lang/NoClassDefFoundError'{0x00000006988631c8}: Could not initialize class javafx.scene.media.MediaPlayerShutdownHook> (0x00000006988631c8) 
thrown [s\src\hotspot\share\oops\instanceKlass.cpp, line 1127]
Event: 103.305 Thread 0x0000021d687ae8a0 Exception <a 'java/lang/ClassNotFoundException'{0x0000000687d17888}: sun/util/logging/resources/spi/loggingProvider> (0x0000000687d17888) 
thrown [s\src\hotspot\share\classfile\systemDictionary.cpp, line 312]
Event: 636.058 Thread 0x0000021d6365e1d0 Implicit null exception at 0x0000021d516fb360 to 0x0000021d51709c98
Event: 636.058 Thread 0x0000021d6365e1d0 Implicit null exception at 0x0000021d516dc15a to 0x0000021d516de9b8
Event: 636.059 Thread 0x0000021d6365e1d0 Implicit null exception at 0x0000021d516ba878 to 0x0000021d516bf8f4

ZGC Phase Switch (0 events):
No events

VM Operations (20 events):
Event: 95.893 Executing VM operation: Cleanup
Event: 95.893 Executing VM operation: Cleanup done
Event: 96.893 Executing VM operation: Cleanup
Event: 96.894 Executing VM operation: Cleanup done
Event: 97.894 Executing VM operation: Cleanup
Event: 97.894 Executing VM operation: Cleanup done
Event: 99.896 Executing VM operation: Cleanup
Event: 99.896 Executing VM operation: Cleanup done
Event: 102.898 Executing VM operation: Cleanup
Event: 102.898 Executing VM operation: Cleanup done
Event: 103.899 Executing VM operation: Cleanup
Event: 103.899 Executing VM operation: Cleanup done
Event: 104.899 Executing VM operation: Cleanup
Event: 104.899 Executing VM operation: Cleanup done
Event: 111.903 Executing VM operation: Cleanup
Event: 111.903 Executing VM operation: Cleanup done
Event: 635.423 Executing VM operation: Cleanup
Event: 635.423 Executing VM operation: Cleanup done
Event: 636.423 Executing VM operation: Cleanup
Event: 636.423 Executing VM operation: Cleanup done

Memory protections (0 events):
No events

Nmethod flushes (0 events):
No events

Events (20 events):
Event: 95.984 Thread 0x0000021d70aca570 Thread exited: 0x0000021d70aca570
Event: 95.984 Thread 0x0000021d70aca570 Thread added: 0x0000021d70aca570
Event: 95.984 Thread 0x0000021d70aca570 Thread exited: 0x0000021d70aca570
Event: 96.005 Thread 0x0000021d70aca570 Thread added: 0x0000021d70aca570
Event: 96.005 Thread 0x0000021d70aca570 Thread exited: 0x0000021d70aca570
Event: 97.671 Thread 0x0000021d687ae8a0 Thread added: 0x0000021d70aca570
Event: 97.672 Thread 0x0000021d687ae8a0 Thread added: 0x0000021d70acac00
Event: 97.672 Thread 0x0000021d70aca570 Thread exited: 0x0000021d70aca570
Event: 97.674 Thread 0x0000021d70aca570 Thread added: 0x0000021d70aca570
Event: 97.674 Thread 0x0000021d70aca570 Thread exited: 0x0000021d70aca570
Event: 97.674 Thread 0x0000021d70aca570 Thread added: 0x0000021d70aca570
Event: 97.674 Thread 0x0000021d70aca570 Thread exited: 0x0000021d70aca570
Event: 97.674 Thread 0x0000021d70aca570 Thread added: 0x0000021d70aca570
Event: 97.675 Thread 0x0000021d70aca570 Thread exited: 0x0000021d70aca570
Event: 97.675 Thread 0x0000021d70aca570 Thread added: 0x0000021d70aca570
Event: 97.675 Thread 0x0000021d70aca570 Thread exited: 0x0000021d70aca570
Event: 97.675 Thread 0x0000021d70aca570 Thread added: 0x0000021d70aca570
Event: 97.675 Thread 0x0000021d70aca570 Thread exited: 0x0000021d70aca570
Event: 97.702 Thread 0x0000021d70aca570 Thread added: 0x0000021d70aca570
Event: 97.702 Thread 0x0000021d70aca570 Thread exited: 0x0000021d70aca570


Dynamic libraries:
0x00007ff660260000 - 0x00007ff66026e000 	C:\Users\Lenovo\Documents\eclipse\plugins\org.eclipse.justj.openjdk.hotspot.jre.full.win32.x86_64_21.0.6.v20250130-0529\jre\bin\javaw.exe
0x00007ff818740000 - 0x00007ff8189a3000 	C:\WINDOWS\SYSTEM32\ntdll.dll
0x00007ff8174b0000 - 0x00007ff817577000 	C:\WINDOWS\System32\KERNEL32.DLL
0x00007ff816010000 - 0x00007ff8163d9000 	C:\WINDOWS\System32\KERNELBASE.dll
0x00007ff8163e0000 - 0x00007ff81652c000 	C:\WINDOWS\System32\ucrtbase.dll
0x00007fffe9f10000 - 0x00007fffe9f2e000 	C:\Users\Lenovo\Documents\eclipse\plugins\org.eclipse.justj.openjdk.hotspot.jre.full.win32.x86_64_21.0.6.v20250130-0529\jre\bin\VCRUNTIME140.dll
0x00007fffe9ce0000 - 0x00007fffe9cf8000 	C:\Users\Lenovo\Documents\eclipse\plugins\org.eclipse.justj.openjdk.hotspot.jre.full.win32.x86_64_21.0.6.v20250130-0529\jre\bin\jli.dll
0x00007ff817b40000 - 0x00007ff817d0a000 	C:\WINDOWS\System32\USER32.dll
0x00007ff816530000 - 0x00007ff816557000 	C:\WINDOWS\System32\win32u.dll
0x00007ff817b10000 - 0x00007ff817b3a000 	C:\WINDOWS\System32\GDI32.dll
0x00007ffff8470000 - 0x00007ffff8700000 	C:\WINDOWS\WinSxS\amd64_microsoft.windows.common-controls_6595b64144ccf1df_6.0.26100.3323_none_3e088096e3344490\COMCTL32.dll
0x00007ff815ab0000 - 0x00007ff815be1000 	C:\WINDOWS\System32\gdi32full.dll
0x00007ff817400000 - 0x00007ff8174a9000 	C:\WINDOWS\System32\msvcrt.dll
0x00007ff815e30000 - 0x00007ff815ed3000 	C:\WINDOWS\System32\msvcp_win.dll
0x00007ff818520000 - 0x00007ff81854f000 	C:\WINDOWS\System32\IMM32.DLL
0x00007ff8010e0000 - 0x00007ff8010ec000 	C:\Users\Lenovo\Documents\eclipse\plugins\org.eclipse.justj.openjdk.hotspot.jre.full.win32.x86_64_21.0.6.v20250130-0529\jre\bin\vcruntime140_1.dll
0x00007fffc01d0000 - 0x00007fffc025d000 	C:\Users\Lenovo\Documents\eclipse\plugins\org.eclipse.justj.openjdk.hotspot.jre.full.win32.x86_64_21.0.6.v20250130-0529\jre\bin\msvcp140.dll
0x00007fff74e00000 - 0x00007fff75b90000 	C:\Users\Lenovo\Documents\eclipse\plugins\org.eclipse.justj.openjdk.hotspot.jre.full.win32.x86_64_21.0.6.v20250130-0529\jre\bin\server\jvm.dll
0x00007ff818640000 - 0x00007ff8186f2000 	C:\WINDOWS\System32\ADVAPI32.dll
0x00007ff817580000 - 0x00007ff817626000 	C:\WINDOWS\System32\sechost.dll
0x00007ff8172d0000 - 0x00007ff8173e6000 	C:\WINDOWS\System32\RPCRT4.dll
0x00007ff816ce0000 - 0x00007ff816d54000 	C:\WINDOWS\System32\WS2_32.dll
0x00007ff8145a0000 - 0x00007ff8145ee000 	C:\WINDOWS\SYSTEM32\POWRPROF.dll
0x00007ff8097a0000 - 0x00007ff8097ab000 	C:\WINDOWS\SYSTEM32\VERSION.dll
0x00007ff812250000 - 0x00007ff812286000 	C:\WINDOWS\SYSTEM32\WINMM.dll
0x00007ff814580000 - 0x00007ff814594000 	C:\WINDOWS\SYSTEM32\UMPDC.dll
0x00007ff814840000 - 0x00007ff81485a000 	C:\WINDOWS\SYSTEM32\kernel.appcore.dll
0x00007ff80bb00000 - 0x00007ff80bb0a000 	C:\Users\Lenovo\Documents\eclipse\plugins\org.eclipse.justj.openjdk.hotspot.jre.full.win32.x86_64_21.0.6.v20250130-0529\jre\bin\jimage.dll
0x00007ff813210000 - 0x00007ff813451000 	C:\WINDOWS\SYSTEM32\DBGHELP.DLL
0x00007ff816e10000 - 0x00007ff817192000 	C:\WINDOWS\System32\combase.dll
0x00007ff8177d0000 - 0x00007ff8178a6000 	C:\WINDOWS\System32\OLEAUT32.dll
0x00007fffeab50000 - 0x00007fffeab89000 	C:\WINDOWS\SYSTEM32\dbgcore.DLL
0x00007ff815f70000 - 0x00007ff816009000 	C:\WINDOWS\System32\bcryptPrimitives.dll
0x00007ffffdee0000 - 0x00007ffffdeff000 	C:\Users\Lenovo\Documents\eclipse\plugins\org.eclipse.justj.openjdk.hotspot.jre.full.win32.x86_64_21.0.6.v20250130-0529\jre\bin\java.dll
0x00007ff8165c0000 - 0x00007ff816cd5000 	C:\WINDOWS\System32\SHELL32.dll
0x00007ff815940000 - 0x00007ff815aa8000 	C:\WINDOWS\System32\wintypes.dll
0x00007ff813620000 - 0x00007ff813e65000 	C:\WINDOWS\SYSTEM32\windows.storage.dll
0x00007ff8183d0000 - 0x00007ff8184bb000 	C:\WINDOWS\System32\SHCORE.dll
0x00007ff816560000 - 0x00007ff8165bd000 	C:\WINDOWS\System32\shlwapi.dll
0x00007ff815850000 - 0x00007ff81587f000 	C:\WINDOWS\SYSTEM32\profapi.dll
0x00007ffff8920000 - 0x00007ffff8938000 	C:\Users\Lenovo\Documents\eclipse\plugins\org.eclipse.justj.openjdk.hotspot.jre.full.win32.x86_64_21.0.6.v20250130-0529\jre\bin\zip.dll
0x00007ff80ba90000 - 0x00007ff80baa0000 	C:\Users\Lenovo\Documents\eclipse\plugins\org.eclipse.justj.openjdk.hotspot.jre.full.win32.x86_64_21.0.6.v20250130-0529\jre\bin\net.dll
0x00007ff80ae90000 - 0x00007ff80afae000 	C:\WINDOWS\SYSTEM32\WINHTTP.dll
0x00007ff814d90000 - 0x00007ff814dfa000 	C:\WINDOWS\system32\mswsock.dll
0x00007ffff7f70000 - 0x00007ffff7f86000 	C:\Users\Lenovo\Documents\eclipse\plugins\org.eclipse.justj.openjdk.hotspot.jre.full.win32.x86_64_21.0.6.v20250130-0529\jre\bin\nio.dll
0x0000021d45e80000 - 0x0000021d45e83000 	C:\java\openjfx-23.0.2_windows-x64_bin-sdk\javafx-sdk-23.0.2\bin\api-ms-win-core-console-l1-1-0.dll
0x0000021d45e90000 - 0x0000021d45e93000 	C:\java\openjfx-23.0.2_windows-x64_bin-sdk\javafx-sdk-23.0.2\bin\api-ms-win-core-console-l1-2-0.dll
0x0000021d45ea0000 - 0x0000021d45ea3000 	C:\java\openjfx-23.0.2_windows-x64_bin-sdk\javafx-sdk-23.0.2\bin\api-ms-win-core-datetime-l1-1-0.dll
0x0000021d45eb0000 - 0x0000021d45eb3000 	C:\java\openjfx-23.0.2_windows-x64_bin-sdk\javafx-sdk-23.0.2\bin\api-ms-win-core-debug-l1-1-0.dll
0x0000021d45ec0000 - 0x0000021d45ec3000 	C:\java\openjfx-23.0.2_windows-x64_bin-sdk\javafx-sdk-23.0.2\bin\api-ms-win-core-errorhandling-l1-1-0.dll
0x0000021d63d30000 - 0x0000021d63d34000 	C:\java\openjfx-23.0.2_windows-x64_bin-sdk\javafx-sdk-23.0.2\bin\api-ms-win-core-file-l1-1-0.dll
0x0000021d63d40000 - 0x0000021d63d43000 	C:\java\openjfx-23.0.2_windows-x64_bin-sdk\javafx-sdk-23.0.2\bin\api-ms-win-core-file-l1-2-0.dll
0x0000021d63d50000 - 0x0000021d63d53000 	C:\java\openjfx-23.0.2_windows-x64_bin-sdk\javafx-sdk-23.0.2\bin\api-ms-win-core-file-l2-1-0.dll
0x0000021d63d60000 - 0x0000021d63d63000 	C:\java\openjfx-23.0.2_windows-x64_bin-sdk\javafx-sdk-23.0.2\bin\api-ms-win-core-handle-l1-1-0.dll
0x0000021d63d70000 - 0x0000021d63d73000 	C:\java\openjfx-23.0.2_windows-x64_bin-sdk\javafx-sdk-23.0.2\bin\api-ms-win-core-heap-l1-1-0.dll
0x0000021d63d80000 - 0x0000021d63d83000 	C:\java\openjfx-23.0.2_windows-x64_bin-sdk\javafx-sdk-23.0.2\bin\api-ms-win-core-interlocked-l1-1-0.dll
0x0000021d63d90000 - 0x0000021d63d93000 	C:\java\openjfx-23.0.2_windows-x64_bin-sdk\javafx-sdk-23.0.2\bin\api-ms-win-core-libraryloader-l1-1-0.dll
0x0000021d63da0000 - 0x0000021d63da3000 	C:\java\openjfx-23.0.2_windows-x64_bin-sdk\javafx-sdk-23.0.2\bin\api-ms-win-core-localization-l1-2-0.dll
0x0000021d63db0000 - 0x0000021d63db3000 	C:\java\openjfx-23.0.2_windows-x64_bin-sdk\javafx-sdk-23.0.2\bin\api-ms-win-core-memory-l1-1-0.dll
0x0000021d63dc0000 - 0x0000021d63dc3000 	C:\java\openjfx-23.0.2_windows-x64_bin-sdk\javafx-sdk-23.0.2\bin\api-ms-win-core-namedpipe-l1-1-0.dll
0x0000021d63dd0000 - 0x0000021d63dd3000 	C:\java\openjfx-23.0.2_windows-x64_bin-sdk\javafx-sdk-23.0.2\bin\api-ms-win-core-processenvironment-l1-1-0.dll
0x0000021d63de0000 - 0x0000021d63de3000 	C:\java\openjfx-23.0.2_windows-x64_bin-sdk\javafx-sdk-23.0.2\bin\api-ms-win-core-processthreads-l1-1-0.dll
0x0000021d63df0000 - 0x0000021d63df3000 	C:\java\openjfx-23.0.2_windows-x64_bin-sdk\javafx-sdk-23.0.2\bin\api-ms-win-core-processthreads-l1-1-1.dll
0x0000021d63e00000 - 0x0000021d63e03000 	C:\java\openjfx-23.0.2_windows-x64_bin-sdk\javafx-sdk-23.0.2\bin\api-ms-win-core-profile-l1-1-0.dll
0x0000021d63e10000 - 0x0000021d63e13000 	C:\java\openjfx-23.0.2_windows-x64_bin-sdk\javafx-sdk-23.0.2\bin\api-ms-win-core-rtlsupport-l1-1-0.dll
0x0000021d63e20000 - 0x0000021d63e23000 	C:\java\openjfx-23.0.2_windows-x64_bin-sdk\javafx-sdk-23.0.2\bin\api-ms-win-core-string-l1-1-0.dll
0x0000021d63e30000 - 0x0000021d63e33000 	C:\java\openjfx-23.0.2_windows-x64_bin-sdk\javafx-sdk-23.0.2\bin\api-ms-win-core-synch-l1-1-0.dll
0x0000021d63e40000 - 0x0000021d63e43000 	C:\java\openjfx-23.0.2_windows-x64_bin-sdk\javafx-sdk-23.0.2\bin\api-ms-win-core-synch-l1-2-0.dll
0x0000021d63e50000 - 0x0000021d63e53000 	C:\java\openjfx-23.0.2_windows-x64_bin-sdk\javafx-sdk-23.0.2\bin\api-ms-win-core-sysinfo-l1-1-0.dll
0x0000021d63e60000 - 0x0000021d63e63000 	C:\java\openjfx-23.0.2_windows-x64_bin-sdk\javafx-sdk-23.0.2\bin\api-ms-win-core-timezone-l1-1-0.dll
0x0000021d63e70000 - 0x0000021d63e73000 	C:\java\openjfx-23.0.2_windows-x64_bin-sdk\javafx-sdk-23.0.2\bin\api-ms-win-core-util-l1-1-0.dll
0x0000021d63e80000 - 0x0000021d63e83000 	C:\java\openjfx-23.0.2_windows-x64_bin-sdk\javafx-sdk-23.0.2\bin\api-ms-win-crt-conio-l1-1-0.dll
0x0000021d63e90000 - 0x0000021d63e94000 	C:\java\openjfx-23.0.2_windows-x64_bin-sdk\javafx-sdk-23.0.2\bin\api-ms-win-crt-convert-l1-1-0.dll
0x0000021d63ea0000 - 0x0000021d63ea3000 	C:\java\openjfx-23.0.2_windows-x64_bin-sdk\javafx-sdk-23.0.2\bin\api-ms-win-crt-environment-l1-1-0.dll
0x0000021d63eb0000 - 0x0000021d63eb3000 	C:\java\openjfx-23.0.2_windows-x64_bin-sdk\javafx-sdk-23.0.2\bin\api-ms-win-crt-filesystem-l1-1-0.dll
0x0000021d63ec0000 - 0x0000021d63ec3000 	C:\java\openjfx-23.0.2_windows-x64_bin-sdk\javafx-sdk-23.0.2\bin\api-ms-win-crt-heap-l1-1-0.dll
0x0000021d63ed0000 - 0x0000021d63ed3000 	C:\java\openjfx-23.0.2_windows-x64_bin-sdk\javafx-sdk-23.0.2\bin\api-ms-win-crt-locale-l1-1-0.dll
0x0000021d63ee0000 - 0x0000021d63ee5000 	C:\java\openjfx-23.0.2_windows-x64_bin-sdk\javafx-sdk-23.0.2\bin\api-ms-win-crt-math-l1-1-0.dll
0x0000021d63ef0000 - 0x0000021d63ef5000 	C:\java\openjfx-23.0.2_windows-x64_bin-sdk\javafx-sdk-23.0.2\bin\api-ms-win-crt-multibyte-l1-1-0.dll
0x0000021d63f00000 - 0x0000021d63f10000 	C:\java\openjfx-23.0.2_windows-x64_bin-sdk\javafx-sdk-23.0.2\bin\api-ms-win-crt-private-l1-1-0.dll
0x0000021d63f10000 - 0x0000021d63f13000 	C:\java\openjfx-23.0.2_windows-x64_bin-sdk\javafx-sdk-23.0.2\bin\api-ms-win-crt-process-l1-1-0.dll
0x0000021d63f20000 - 0x0000021d63f24000 	C:\java\openjfx-23.0.2_windows-x64_bin-sdk\javafx-sdk-23.0.2\bin\api-ms-win-crt-runtime-l1-1-0.dll
0x0000021d63f30000 - 0x0000021d63f34000 	C:\java\openjfx-23.0.2_windows-x64_bin-sdk\javafx-sdk-23.0.2\bin\api-ms-win-crt-stdio-l1-1-0.dll
0x0000021d63f40000 - 0x0000021d63f44000 	C:\java\openjfx-23.0.2_windows-x64_bin-sdk\javafx-sdk-23.0.2\bin\api-ms-win-crt-string-l1-1-0.dll
0x0000021d63f50000 - 0x0000021d63f53000 	C:\java\openjfx-23.0.2_windows-x64_bin-sdk\javafx-sdk-23.0.2\bin\api-ms-win-crt-time-l1-1-0.dll
0x0000021d63f60000 - 0x0000021d63f63000 	C:\java\openjfx-23.0.2_windows-x64_bin-sdk\javafx-sdk-23.0.2\bin\api-ms-win-crt-utility-l1-1-0.dll
0x00007fffdf060000 - 0x00007fffdf15c000 	C:\java\openjfx-23.0.2_windows-x64_bin-sdk\javafx-sdk-23.0.2\bin\ucrtbase.dll
0x00007ff810120000 - 0x00007ff81013b000 	C:\java\openjfx-23.0.2_windows-x64_bin-sdk\javafx-sdk-23.0.2\bin\vcruntime140.dll
0x00007ff8100f0000 - 0x00007ff8100fc000 	C:\java\openjfx-23.0.2_windows-x64_bin-sdk\javafx-sdk-23.0.2\bin\vcruntime140_1.dll
0x00007ff801000000 - 0x00007ff80108e000 	C:\java\openjfx-23.0.2_windows-x64_bin-sdk\javafx-sdk-23.0.2\bin\msvcp140.dll
0x00007ff8100e0000 - 0x00007ff8100e9000 	C:\java\openjfx-23.0.2_windows-x64_bin-sdk\javafx-sdk-23.0.2\bin\msvcp140_1.dll
0x00007ff8014d0000 - 0x00007ff801511000 	C:\java\openjfx-23.0.2_windows-x64_bin-sdk\javafx-sdk-23.0.2\bin\msvcp140_2.dll
0x00007ff80c840000 - 0x00007ff80c870000 	C:\java\openjfx-23.0.2_windows-x64_bin-sdk\javafx-sdk-23.0.2\bin\prism_d3d.dll
0x00007fffec5f0000 - 0x00007fffec79c000 	C:\WINDOWS\system32\d3d9.dll
0x00007ff812a00000 - 0x00007ff812a35000 	C:\WINDOWS\SYSTEM32\dwmapi.dll
0x00007ff812ab0000 - 0x00007ff812af7000 	C:\WINDOWS\SYSTEM32\dxcore.dll
0x00007ff812630000 - 0x00007ff8126de000 	C:\WINDOWS\system32\uxtheme.dll
0x00007fffdf380000 - 0x00007fffdf445000 	C:\WINDOWS\SYSTEM32\d3d9on12.dll
0x00007ff812880000 - 0x00007ff8129ae000 	C:\WINDOWS\SYSTEM32\dxgi.dll
0x00007fffdefc0000 - 0x00007fffdefe3000 	C:\WINDOWS\SYSTEM32\d3d12.dll
0x00007ff812800000 - 0x00007ff81285d000 	C:\WINDOWS\SYSTEM32\directxdatabasehelper.dll
0x00007ff8155a0000 - 0x00007ff8155ff000 	C:\WINDOWS\SYSTEM32\cfgmgr32.dll
0x00007fffded40000 - 0x00007fffdefb3000 	C:\WINDOWS\SYSTEM32\D3D12Core.dll
0x00007ff809ca0000 - 0x00007ff809cc6000 	C:\WINDOWS\System32\DriverStore\FileRepository\iigd_dch.inf_amd64_76c80f856e168f14\igd12umd64.dll
0x00007fff55950000 - 0x00007fff57a74000 	C:\WINDOWS\System32\DriverStore\FileRepository\iigd_dch.inf_amd64_76c80f856e168f14\igd12um64xel.dll
0x00007ff815cb0000 - 0x00007ff815e27000 	C:\WINDOWS\System32\CRYPT32.dll
0x00007ff817630000 - 0x00007ff8177c5000 	C:\WINDOWS\System32\ole32.dll
0x00007ff815270000 - 0x00007ff815296000 	C:\WINDOWS\SYSTEM32\bcrypt.dll
0x00007ff800040000 - 0x00007ff8001bb000 	C:\WINDOWS\SYSTEM32\drvstore.dll
0x00007ff801670000 - 0x00007ff801697000 	C:\WINDOWS\System32\DriverStore\FileRepository\iigd_dch.inf_amd64_76c80f856e168f14\igdext64.dll
0x00007ffffdca0000 - 0x00007ffffdd3c000 	C:\WINDOWS\System32\DriverStore\FileRepository\iigd_dch.inf_amd64_76c80f856e168f14\IntelControlLib.dll
0x00007ffffd800000 - 0x00007ffffdc3f000 	C:\WINDOWS\System32\DriverStore\FileRepository\iigd_dch.inf_amd64_76c80f856e168f14\igdgmm64.dll
0x00007ffffdc70000 - 0x00007ffffdc94000 	C:\WINDOWS\System32\DriverStore\FileRepository\iigd_dch.inf_amd64_76c80f856e168f14\igc64.dll
0x00007fffeffb0000 - 0x00007ffff471b000 	C:\WINDOWS\System32\DriverStore\FileRepository\iigd_dch.inf_amd64_76c80f856e168f14\igc1464.dll
0x00007fffdf1e0000 - 0x00007fffdf20e000 	C:\WINDOWS\SYSTEM32\D3DSCache.dll
0x00007ff814e30000 - 0x00007ff814e5b000 	C:\WINDOWS\SYSTEM32\USERENV.dll
0x00007fffb40f0000 - 0x00007fffb4410000 	C:\WINDOWS\System32\DriverStore\FileRepository\iigd_dch.inf_amd64_76c80f856e168f14\igd12dxva64.dll
0x00007ff817d30000 - 0x00007ff8181b6000 	C:\WINDOWS\System32\SETUPAPI.dll
0x00007fffd1fb0000 - 0x00007fffd3333000 	C:\WINDOWS\System32\DriverStore\FileRepository\iigd_dch.inf_amd64_76c80f856e168f14\igddxvacommon64.dll
0x00007fffd01d0000 - 0x00007fffd1efb000 	C:\WINDOWS\System32\DriverStore\FileRepository\iigd_dch.inf_amd64_76c80f856e168f14\media_bin_64.dll
0x00007fffcfeb0000 - 0x00007fffcfed7000 	C:\WINDOWS\System32\DriverStore\FileRepository\iigd_dch.inf_amd64_76c80f856e168f14\igdinfo64.dll
0x00007ff815030000 - 0x00007ff81504c000 	C:\WINDOWS\SYSTEM32\CRYPTSP.dll
0x00007ff8147a0000 - 0x00007ff8147da000 	C:\WINDOWS\system32\rsaenh.dll
0x00007ff815050000 - 0x00007ff81505c000 	C:\WINDOWS\SYSTEM32\CRYPTBASE.dll
0x00007ffffd280000 - 0x00007ffffd2c5000 	C:\java\openjfx-23.0.2_windows-x64_bin-sdk\javafx-sdk-23.0.2\bin\glass.dll
0x00007ff8178b0000 - 0x00007ff8179a1000 	C:\WINDOWS\System32\COMDLG32.dll
0x00007ff8179b0000 - 0x00007ff817b0b000 	C:\WINDOWS\System32\MSCTF.dll
0x00007ff816d60000 - 0x00007ff816e08000 	C:\WINDOWS\System32\clbcatq.dll

dbghelp: loaded successfully - version: 4.0.5 - missing functions: none
symbol engine: initialized successfully - sym options: 0x614 - pdb path: .;C:\Users\Lenovo\Documents\eclipse\plugins\org.eclipse.justj.openjdk.hotspot.jre.full.win32.x86_64_21.0.6.v20250130-0529\jre\bin;C:\WINDOWS\SYSTEM32;C:\WINDOWS\WinSxS\amd64_microsoft.windows.common-controls_6595b64144ccf1df_6.0.26100.3323_none_3e088096e3344490;C:\Users\Lenovo\Documents\eclipse\plugins\org.eclipse.justj.openjdk.hotspot.jre.full.win32.x86_64_21.0.6.v20250130-0529\jre\bin\server;C:\java\openjfx-23.0.2_windows-x64_bin-sdk\javafx-sdk-23.0.2\bin;C:\WINDOWS\System32\DriverStore\FileRepository\iigd_dch.inf_amd64_76c80f856e168f14;C:\Program Files\Common Files\Microsoft Shared\Ink;C:\WINDOWS\WinSxS\amd64_microsoft.windows.gdiplus_6595b64144ccf1df_1.1.26100.3323_none_6ef3737c3dc6be5e;C:\Program Files\Microsoft OneDrive\25.041.0303.0002;C:\Program Files (x86)\Common Files\Adobe\CoreSyncExtension

VM Arguments:
jvm_args: --module-path=C:\java\openjfx-23.0.2_windows-x64_bin-sdk\javafx-sdk-23.0.2\lib --add-modules=javafx.controls,javafx.fxml --add-exports=javafx.base/com.sun.javafx=ALL-UNNAMED --add-exports=javafx.graphics/com.sun.glass.utils=ALL-UNNAMED --add-modules=javafx.fxml --add-exports=javafx.base/com.sun.javafx=ALL-UNNAMED -Dfile.encoding=UTF-8 -Dstdout.encoding=UTF-8 -Dstderr.encoding=UTF-8 --module-path=C:\Users\Lenovo\Documents\eclipse\plugins\org.eclipse.fx.ide.css.jfx8_3.8.0.202204150904.jar;D:\mysql-connector-j-9.2.0\mysql-connector-j-9.2.0\mysql-connector-j-9.2.0.jar;C:\java\openjfx-23.0.2_windows-x64_bin-sdk\javafx-sdk-23.0.2\lib\javafx.base.jar;C:\java\openjfx-23.0.2_windows-x64_bin-sdk\javafx-sdk-23.0.2\lib\javafx.controls.jar;C:\java\openjfx-23.0.2_windows-x64_bin-sdk\javafx-sdk-23.0.2\lib\javafx.fxml.jar;C:\java\openjfx-23.0.2_windows-x64_bin-sdk\javafx-sdk-23.0.2\lib\javafx.graphics.jar;C:\java\openjfx-23.0.2_windows-x64_bin-sdk\javafx-sdk-23.0.2\lib\javafx.media.jar;C:\java\openjfx-23.0.2_windows-x64_bin-sdk\javafx-sdk-23.0.2\lib\javafx.swing.jar;C:\java\openjfx-23.0.2_windows-x64_bin-sdk\javafx-sdk-23.0.2\lib\javafx.web.jar;C:\java\openjfx-23.0.2_windows-x64_bin-sdk\javafx-sdk-23.0.2\lib\javafx-swt.jar;C:\Users\Lenovo\Downloads\jlayer-1.0.1.jar -XX:+ShowCodeDetailsInExceptionMessages 
java_command: nepic.MainApp
java_class_path (initial): D:\git\Nepic\Javafx_Nepic\target\classes;C:\Users\Lenovo\Documents\eclipse\plugins\junit-jupiter-api_5.11.4.jar;C:\Users\Lenovo\Documents\eclipse\plugins\junit-jupiter-engine_5.11.4.jar;C:\Users\Lenovo\Documents\eclipse\plugins\junit-jupiter-migrationsupport_5.11.4.jar;C:\Users\Lenovo\Documents\eclipse\plugins\junit-jupiter-params_5.11.4.jar;C:\Users\Lenovo\Documents\eclipse\plugins\junit-platform-commons_1.11.4.jar;C:\Users\Lenovo\Documents\eclipse\plugins\junit-platform-engine_1.11.4.jar;C:\Users\Lenovo\Documents\eclipse\plugins\junit-platform-launcher_1.11.4.jar;C:\Users\Lenovo\Documents\eclipse\plugins\junit-platform-runner_1.11.4.jar;C:\Users\Lenovo\Documents\eclipse\plugins\junit-platform-suite-api_1.11.4.jar;C:\Users\Lenovo\Documents\eclipse\plugins\junit-platform-suite-engine_1.11.4.jar;C:\Users\Lenovo\Documents\eclipse\plugins\junit-platform-suite-commons_1.11.4.jar;C:\Users\Lenovo\Documents\eclipse\plugins\junit-vintage-engine_5.11.4.jar;C:\Users\Lenovo\Documents\eclipse\plugins\org.opentest4j_1.3.0.jar;C:\Users\Lenovo\Documents\eclipse\plugins\org.apiguardian.api_1.1.2.jar;C:\Users\Lenovo\Documents\eclipse\plugins\org.junit_4.13.2.v20240929-1000.jar;C:\Users\Lenovo\Documents\eclipse\plugins\org.hamcrest_3.0.0.jar;C:\java\openjfx-23.0.2_windows-x64_bin-sdk\javafx-sdk-23.0.2\lib\javafx.base.jar;C:\java\openjfx-23.0.2_windows-x64_bin-sdk\javafx-sdk-23.0.2\lib\javafx.controls.jar;C:\java\openjfx-23.0.2_windows-x64_bin-sdk\javafx-sdk-23.0.2\lib\javafx.fxml.jar;C:\java\openjfx-23.0.2_windows-x64_bin-sdk\javafx-sdk-23.0.2\lib\javafx.graphics.jar;C:\java\openjfx-23.0.2_windows-x64_bin-sdk\javafx-sdk-23.0.2\lib\javafx.media.jar;C:\java\openjfx-23.0.2_windows-x64_bin-sdk\javafx-sdk-23.0.2\lib\javafx.swing.jar;C:\java\openjfx-23.0.2_windows-x64_bin-sdk\javafx-sdk-23.0.2\lib\javafx.web.jar;C:\java\openjfx-23.0.2_windows-x64_bin-sdk\javafx-sdk-23.0.2\lib\javafx-swt.jar
Launcher Type: SUN_STANDARD

[Global flags]
     intx CICompilerCount                          = 4                                         {product} {ergonomic}
     uint ConcGCThreads                            = 3                                         {product} {ergonomic}
     uint G1ConcRefinementThreads                  = 10                                        {product} {ergonomic}
   size_t G1HeapRegionSize                         = 4194304                                   {product} {ergonomic}
    uintx GCDrainStackTargetSize                   = 64                                        {product} {ergonomic}
   size_t InitialHeapSize                          = 398458880                                 {product} {ergonomic}
   size_t MarkStackSize                            = 4194304                                   {product} {ergonomic}
   size_t MaxHeapSize                              = 6366953472                                {product} {ergonomic}
   size_t MaxNewSize                               = 3816816640                                {product} {ergonomic}
   size_t MinHeapDeltaBytes                        = 4194304                                   {product} {ergonomic}
   size_t MinHeapSize                              = 8388608                                   {product} {ergonomic}
    uintx NonNMethodCodeHeapSize                   = 5839372                                {pd product} {ergonomic}
    uintx NonProfiledCodeHeapSize                  = 122909434                              {pd product} {ergonomic}
    uintx ProfiledCodeHeapSize                     = 122909434                              {pd product} {ergonomic}
    uintx ReservedCodeCacheSize                    = 251658240                              {pd product} {ergonomic}
     bool SegmentedCodeCache                       = true                                      {product} {ergonomic}
     bool ShowCodeDetailsInExceptionMessages       = true                                   {manageable} {command line}
   size_t SoftMaxHeapSize                          = 6366953472                             {manageable} {ergonomic}
     bool UseCompressedOops                        = true                           {product lp64_product} {ergonomic}
     bool UseG1GC                                  = true                                      {product} {ergonomic}
     bool UseLargePagesIndividualAllocation        = false                                  {pd product} {ergonomic}

Logging:
Log output configuration:
 #0: stdout all=warning uptime,level,tags foldmultilines=false
 #1: stderr all=off uptime,level,tags foldmultilines=false

Environment Variables:
JAVA_HOME=C:\Program Files\Java\jdk-21.0.5
PATH=C:/Users/Lenovo/Documents/eclipse//plugins/org.eclipse.justj.openjdk.hotspot.jre.full.win32.x86_64_21.0.6.v20250130-0529/jre/bin/server;C:/Users/Lenovo/Documents/eclipse//plugins/org.eclipse.justj.openjdk.hotspot.jre.full.win32.x86_64_21.0.6.v20250130-0529/jre/bin;C:\Program Files (x86)\Common Files\Intel\Shared Libraries\redist\intel64\compiler;C:\Program Files\Common Files\Oracle\Java\javapath;C:\WINDOWS\system32;C:\WINDOWS;C:\WINDOWS\System32\Wbem;C:\WINDOWS\System32\WindowsPowerShell\v1.0\;C:\WINDOWS\System32\OpenSSH\;C:\Program Files\Java\jdk-21.0.5\bin;C:\Users\Lenovo\Documents\gradle-8.13-all\gradle-8.13\bin;C:\Program Files\Git\cmd;C:\Program Files\Java\jdk-21.0.5\bin;C:\Program Files\Common Files\Oracle\Java\javapath;C:\Windows\system32;C:\Windows;C:\Windows\System32\Wbem;C:\Windows\System32\WindowsPowerShell\v1.0\;C:\Windows\System32\OpenSSH\;C:\Program Files\Java\jdk-21\bin;C:\Program Files\MySQL\MySQL Server 8.0\bin;C:\Users\Lenovo\AppData\Local\Microsoft\WindowsApps;C:\Users\Lenovo\Documents\gradle-8.13-all\gradle-8.13\bin;;C:\Users\Lenovo\Documents\eclipse;
USERNAME=Lenovo
OS=Windows_NT
PROCESSOR_IDENTIFIER=Intel64 Family 6 Model 151 Stepping 2, GenuineIntel
TMP=C:\Users\Lenovo\AppData\Local\Temp
TEMP=C:\Users\Lenovo\AppData\Local\Temp




Periodic native trim disabled

---------------  S Y S T E M  ---------------

OS:
 Windows 11 , 64 bit Build 26100 (10.0.26100.3323)
OS uptime: 1 days 2:24 hours
Hyper-V role detected

CPU: total 12 (initial active 12) (6 cores per cpu, 2 threads per core) family 6 model 151 stepping 2 microcode 0x37, cx8, cmov, fxsr, ht, mmx, 3dnowpref, sse, sse2, sse3, ssse3, sse4.1, sse4.2, popcnt, lzcnt, tsc, tscinvbit, avx, avx2, aes, erms, clmul, bmi1, bmi2, adx, sha, fma, vzeroupper, clflush, clflushopt, clwb, hv, serialize, rdtscp, rdpid, fsrm, f16c, cet_ibt, cet_ss
Processor Information for the first 12 processors :
  Max Mhz: 2400, Current Mhz: 2400, Mhz Limit: 2400

Memory: 4k page, system-wide physical 24283M (7166M free)
TotalPageFile size 24283M (AvailPageFile size 7M)
current process WorkingSet (physical memory assigned to process): 519M, peak: 554M
current process commit charge ("private bytes"): 567M, peak: 713M

vm_info: OpenJDK 64-Bit Server VM (21.0.6+7-LTS) for windows-amd64 JRE (21.0.6+7-LTS), built on 2025-01-21T00:00:00Z by "admin" with MS VC++ 17.7 (VS2022)

END.
